2025-06-19 11:02:13.011 [main] INFO  reusableComponents.ConfigReader - Loaded config.properties from file system: config/config.properties
2025-06-19 11:02:13.016 [main] INFO  reusableComponents.ConfigReader - Loaded strings.xml from classpath: strings/strings.xml
2025-06-19 11:02:13.073 [main] INFO  winAppDriverComponents.BaseTest - Logs directory ready: resources/logs/
2025-06-19 11:02:13.188 [main] INFO  winAppDriverComponents.BaseTest - Killed all WinAppDriver processes
2025-06-19 11:02:13.191 [main] INFO  winAppDriverComponents.BaseTest - WinAppDriver started at http://127.0.0.1:4723
2025-06-19 11:02:24.326 [main] INFO  winAppDriverComponents.BaseTest - WindowsDriver session started for app: C:\Program Files (x86)\JustBilling\JustBilling\POS.exe
2025-06-19 11:02:24.327 [main] INFO  winAppDriverComponents.BaseTest - Test setup complete: Application opened
2025-06-19 11:02:24.517 [main] INFO  wpf.pages.LoginPage - Total Edit fields: 0
2025-06-19 11:02:24.517 [main] ERROR wpf.pages.LoginPage - Element initialization failed
java.lang.RuntimeException: Not enough Edit fields found
	at wpf.pages.LoginPage.<init>(LoginPage.java:48) ~[test-classes/:?]
	at wpf.test.OpenAppTest.signInApplication(OpenAppTest.java:72) ~[test-classes/:?]
	at jdk.internal.reflect.DirectMethodHandleAccessor.invoke(DirectMethodHandleAccessor.java:103) ~[?:?]
	at java.lang.reflect.Method.invoke(Method.java:580) ~[?:?]
	at org.testng.internal.invokers.MethodInvocationHelper.invokeMethod(MethodInvocationHelper.java:141) ~[org.testng_7.11.0.r202503091654.jar:7.11.0]
	at org.testng.internal.invokers.TestInvoker.invokeMethod(TestInvoker.java:687) ~[org.testng_7.11.0.r202503091654.jar:7.11.0]
	at org.testng.internal.invokers.TestInvoker.invokeTestMethod(TestInvoker.java:230) ~[org.testng_7.11.0.r202503091654.jar:7.11.0]
	at org.testng.internal.invokers.MethodRunner.runInSequence(MethodRunner.java:63) ~[org.testng_7.11.0.r202503091654.jar:7.11.0]
	at org.testng.internal.invokers.TestInvoker$MethodInvocationAgent.invoke(TestInvoker.java:995) ~[org.testng_7.11.0.r202503091654.jar:7.11.0]
	at org.testng.internal.invokers.TestInvoker.invokeTestMethods(TestInvoker.java:203) ~[org.testng_7.11.0.r202503091654.jar:7.11.0]
	at org.testng.internal.invokers.TestMethodWorker.invokeTestMethods(TestMethodWorker.java:154) ~[org.testng_7.11.0.r202503091654.jar:7.11.0]
	at org.testng.internal.invokers.TestMethodWorker.run(TestMethodWorker.java:134) ~[org.testng_7.11.0.r202503091654.jar:7.11.0]
	at java.util.ArrayList.forEach(ArrayList.java:1597) [?:?]
	at org.testng.TestRunner.privateRun(TestRunner.java:741) [org.testng_7.11.0.r202503091654.jar:7.11.0]
	at org.testng.TestRunner.run(TestRunner.java:616) [org.testng_7.11.0.r202503091654.jar:7.11.0]
	at org.testng.SuiteRunner.runTest(SuiteRunner.java:421) [org.testng_7.11.0.r202503091654.jar:7.11.0]
	at org.testng.SuiteRunner.runSequentially(SuiteRunner.java:413) [org.testng_7.11.0.r202503091654.jar:7.11.0]
	at org.testng.SuiteRunner.privateRun(SuiteRunner.java:373) [org.testng_7.11.0.r202503091654.jar:7.11.0]
	at org.testng.SuiteRunner.run(SuiteRunner.java:312) [org.testng_7.11.0.r202503091654.jar:7.11.0]
	at org.testng.SuiteRunnerWorker.runSuite(SuiteRunnerWorker.java:52) [org.testng_7.11.0.r202503091654.jar:7.11.0]
	at org.testng.SuiteRunnerWorker.run(SuiteRunnerWorker.java:95) [org.testng_7.11.0.r202503091654.jar:7.11.0]
	at org.testng.TestNG.runSuitesSequentially(TestNG.java:1274) [org.testng_7.11.0.r202503091654.jar:7.11.0]
	at org.testng.TestNG.runSuitesLocally(TestNG.java:1208) [org.testng_7.11.0.r202503091654.jar:7.11.0]
	at org.testng.TestNG.runSuites(TestNG.java:1112) [org.testng_7.11.0.r202503091654.jar:7.11.0]
	at org.testng.TestNG.run(TestNG.java:1079) [org.testng_7.11.0.r202503091654.jar:7.11.0]
	at org.testng.remote.AbstractRemoteTestNG.run(AbstractRemoteTestNG.java:115) [testng-remote.jar:?]
	at org.testng.remote.RemoteTestNG.initAndRun(RemoteTestNG.java:293) [testng-remote.jar:?]
	at org.testng.remote.RemoteTestNG.main(RemoteTestNG.java:91) [testng-remote.jar:?]
2025-06-19 11:03:22.413 [main] INFO  reusableComponents.ConfigReader - Loaded config.properties from file system: config/config.properties
2025-06-19 11:03:22.418 [main] INFO  reusableComponents.ConfigReader - Loaded strings.xml from classpath: strings/strings.xml
2025-06-19 11:03:22.473 [main] INFO  winAppDriverComponents.BaseTest - Logs directory ready: resources/logs/
2025-06-19 11:03:22.565 [main] INFO  winAppDriverComponents.BaseTest - Killed all WinAppDriver processes
2025-06-19 11:03:22.570 [main] INFO  winAppDriverComponents.BaseTest - WinAppDriver started at http://127.0.0.1:4723
2025-06-19 11:03:22.580 [main] ERROR wpf.pages.LoginPage - Failed to enter username
org.openqa.selenium.WebDriverException: Connection refused: getsockopt
Build info: version: '3.141.59', revision: 'e82be7d358', time: '2018-11-14T08:17:03'
System info: host: 'VAAZID-KHAN-E42', ip: '192.168.0.118', os.name: 'Windows 11', os.arch: 'amd64', os.version: '10.0', java.version: '23.0.1'
Driver info: driver.version: WindowsDriver
	at io.appium.java_client.remote.AppiumCommandExecutor.lambda$6(AppiumCommandExecutor.java:262) ~[java-client-7.6.0.jar:?]
	at java.util.Optional.orElseGet(Optional.java:364) ~[?:?]
	at io.appium.java_client.remote.AppiumCommandExecutor.execute(AppiumCommandExecutor.java:261) ~[java-client-7.6.0.jar:?]
	at org.openqa.selenium.remote.RemoteWebDriver.execute(RemoteWebDriver.java:552) ~[selenium-remote-driver-3.141.59.jar:?]
	at io.appium.java_client.DefaultGenericMobileDriver.execute(DefaultGenericMobileDriver.java:41) ~[java-client-7.6.0.jar:?]
	at io.appium.java_client.AppiumDriver.execute(AppiumDriver.java:1) ~[java-client-7.6.0.jar:?]
	at io.appium.java_client.windows.WindowsDriver.execute(WindowsDriver.java:1) ~[java-client-7.6.0.jar:?]
	at org.openqa.selenium.remote.RemoteWebDriver.findElement(RemoteWebDriver.java:323) ~[selenium-remote-driver-3.141.59.jar:?]
	at io.appium.java_client.DefaultGenericMobileDriver.findElement(DefaultGenericMobileDriver.java:61) ~[java-client-7.6.0.jar:?]
	at io.appium.java_client.AppiumDriver.findElement(AppiumDriver.java:1) ~[java-client-7.6.0.jar:?]
	at io.appium.java_client.windows.WindowsDriver.findElement(WindowsDriver.java:1) ~[java-client-7.6.0.jar:?]
	at org.openqa.selenium.remote.RemoteWebDriver.findElementByName(RemoteWebDriver.java:404) ~[selenium-remote-driver-3.141.59.jar:?]
	at io.appium.java_client.DefaultGenericMobileDriver.findElementByName(DefaultGenericMobileDriver.java:117) ~[java-client-7.6.0.jar:?]
	at io.appium.java_client.AppiumDriver.findElementByName(AppiumDriver.java:1) ~[java-client-7.6.0.jar:?]
	at io.appium.java_client.windows.WindowsDriver.findElementByName(WindowsDriver.java:1) ~[java-client-7.6.0.jar:?]
	at org.openqa.selenium.By$ByName.findElement(By.java:284) ~[selenium-api-3.141.59.jar:?]
	at org.openqa.selenium.support.ByIdOrName.findElement(ByIdOrName.java:50) ~[selenium-support-3.141.59.jar:?]
	at org.openqa.selenium.remote.RemoteWebDriver.findElement(RemoteWebDriver.java:315) ~[selenium-remote-driver-3.141.59.jar:?]
	at io.appium.java_client.DefaultGenericMobileDriver.findElement(DefaultGenericMobileDriver.java:57) ~[java-client-7.6.0.jar:?]
	at io.appium.java_client.AppiumDriver.findElement(AppiumDriver.java:1) ~[java-client-7.6.0.jar:?]
	at io.appium.java_client.windows.WindowsDriver.findElement(WindowsDriver.java:1) ~[java-client-7.6.0.jar:?]
	at org.openqa.selenium.support.pagefactory.DefaultElementLocator.findElement(DefaultElementLocator.java:69) ~[selenium-support-3.141.59.jar:?]
	at org.openqa.selenium.support.pagefactory.internal.LocatingElementHandler.invoke(LocatingElementHandler.java:38) ~[selenium-support-3.141.59.jar:?]
	at jdk.proxy2.$Proxy25.isDisplayed(Unknown Source) ~[?:?]
	at org.openqa.selenium.support.ui.ExpectedConditions.elementIfVisible(ExpectedConditions.java:314) ~[selenium-support-3.141.59.jar:?]
	at org.openqa.selenium.support.ui.ExpectedConditions.access$000(ExpectedConditions.java:43) ~[selenium-support-3.141.59.jar:?]
	at org.openqa.selenium.support.ui.ExpectedConditions$10.apply(ExpectedConditions.java:300) ~[selenium-support-3.141.59.jar:?]
	at org.openqa.selenium.support.ui.ExpectedConditions$10.apply(ExpectedConditions.java:297) ~[selenium-support-3.141.59.jar:?]
	at org.openqa.selenium.support.ui.ExpectedConditions$23.apply(ExpectedConditions.java:670) ~[selenium-support-3.141.59.jar:?]
	at org.openqa.selenium.support.ui.ExpectedConditions$23.apply(ExpectedConditions.java:666) ~[selenium-support-3.141.59.jar:?]
	at org.openqa.selenium.support.ui.FluentWait.until(FluentWait.java:249) ~[selenium-support-3.141.59.jar:?]
	at wpf.pages.LoginPage.enterUserName(LoginPage.java:70) ~[test-classes/:?]
	at wpf.pages.LoginPage.login(LoginPage.java:108) ~[test-classes/:?]
	at wpf.test.OpenAppTest.signInApplication(OpenAppTest.java:73) ~[test-classes/:?]
	at jdk.internal.reflect.DirectMethodHandleAccessor.invoke(DirectMethodHandleAccessor.java:103) ~[?:?]
	at java.lang.reflect.Method.invoke(Method.java:580) ~[?:?]
	at org.testng.internal.invokers.MethodInvocationHelper.invokeMethod(MethodInvocationHelper.java:141) ~[org.testng_7.11.0.r202503091654.jar:7.11.0]
	at org.testng.internal.invokers.TestInvoker.invokeMethod(TestInvoker.java:687) ~[org.testng_7.11.0.r202503091654.jar:7.11.0]
	at org.testng.internal.invokers.TestInvoker.invokeTestMethod(TestInvoker.java:230) ~[org.testng_7.11.0.r202503091654.jar:7.11.0]
	at org.testng.internal.invokers.MethodRunner.runInSequence(MethodRunner.java:63) ~[org.testng_7.11.0.r202503091654.jar:7.11.0]
	at org.testng.internal.invokers.TestInvoker$MethodInvocationAgent.invoke(TestInvoker.java:995) ~[org.testng_7.11.0.r202503091654.jar:7.11.0]
	at org.testng.internal.invokers.TestInvoker.invokeTestMethods(TestInvoker.java:203) ~[org.testng_7.11.0.r202503091654.jar:7.11.0]
	at org.testng.internal.invokers.TestMethodWorker.invokeTestMethods(TestMethodWorker.java:154) ~[org.testng_7.11.0.r202503091654.jar:7.11.0]
	at org.testng.internal.invokers.TestMethodWorker.run(TestMethodWorker.java:134) ~[org.testng_7.11.0.r202503091654.jar:7.11.0]
	at java.util.ArrayList.forEach(ArrayList.java:1597) [?:?]
	at org.testng.TestRunner.privateRun(TestRunner.java:741) [org.testng_7.11.0.r202503091654.jar:7.11.0]
	at org.testng.TestRunner.run(TestRunner.java:616) [org.testng_7.11.0.r202503091654.jar:7.11.0]
	at org.testng.SuiteRunner.runTest(SuiteRunner.java:421) [org.testng_7.11.0.r202503091654.jar:7.11.0]
	at org.testng.SuiteRunner.runSequentially(SuiteRunner.java:413) [org.testng_7.11.0.r202503091654.jar:7.11.0]
	at org.testng.SuiteRunner.privateRun(SuiteRunner.java:373) [org.testng_7.11.0.r202503091654.jar:7.11.0]
	at org.testng.SuiteRunner.run(SuiteRunner.java:312) [org.testng_7.11.0.r202503091654.jar:7.11.0]
	at org.testng.SuiteRunnerWorker.runSuite(SuiteRunnerWorker.java:52) [org.testng_7.11.0.r202503091654.jar:7.11.0]
	at org.testng.SuiteRunnerWorker.run(SuiteRunnerWorker.java:95) [org.testng_7.11.0.r202503091654.jar:7.11.0]
	at org.testng.TestNG.runSuitesSequentially(TestNG.java:1274) [org.testng_7.11.0.r202503091654.jar:7.11.0]
	at org.testng.TestNG.runSuitesLocally(TestNG.java:1208) [org.testng_7.11.0.r202503091654.jar:7.11.0]
	at org.testng.TestNG.runSuites(TestNG.java:1112) [org.testng_7.11.0.r202503091654.jar:7.11.0]
	at org.testng.TestNG.run(TestNG.java:1079) [org.testng_7.11.0.r202503091654.jar:7.11.0]
	at org.testng.remote.AbstractRemoteTestNG.run(AbstractRemoteTestNG.java:115) [testng-remote.jar:?]
	at org.testng.remote.RemoteTestNG.initAndRun(RemoteTestNG.java:293) [testng-remote.jar:?]
	at org.testng.remote.RemoteTestNG.main(RemoteTestNG.java:91) [testng-remote.jar:?]
Caused by: java.net.ConnectException: Connection refused: getsockopt
	at sun.nio.ch.Net.pollConnect(Native Method) ~[?:?]
	at sun.nio.ch.Net.pollConnectNow(Net.java:682) ~[?:?]
	at sun.nio.ch.NioSocketImpl.timedFinishConnect(NioSocketImpl.java:542) ~[?:?]
	at sun.nio.ch.NioSocketImpl.connect(NioSocketImpl.java:592) ~[?:?]
	at java.net.SocksSocketImpl.connect(SocksSocketImpl.java:327) ~[?:?]
	at java.net.Socket.connect(Socket.java:760) ~[?:?]
	at okhttp3.internal.platform.Platform.connectSocket(Platform.java:129) ~[okhttp-3.11.0.jar:?]
	at okhttp3.internal.connection.RealConnection.connectSocket(RealConnection.java:245) ~[okhttp-3.11.0.jar:?]
	at okhttp3.internal.connection.RealConnection.connect(RealConnection.java:165) ~[okhttp-3.11.0.jar:?]
	at okhttp3.internal.connection.StreamAllocation.findConnection(StreamAllocation.java:257) ~[okhttp-3.11.0.jar:?]
	at okhttp3.internal.connection.StreamAllocation.findHealthyConnection(StreamAllocation.java:135) ~[okhttp-3.11.0.jar:?]
	at okhttp3.internal.connection.StreamAllocation.newStream(StreamAllocation.java:114) ~[okhttp-3.11.0.jar:?]
	at okhttp3.internal.connection.ConnectInterceptor.intercept(ConnectInterceptor.java:42) ~[okhttp-3.11.0.jar:?]
	at okhttp3.internal.http.RealInterceptorChain.proceed(RealInterceptorChain.java:147) ~[okhttp-3.11.0.jar:?]
	at okhttp3.internal.http.RealInterceptorChain.proceed(RealInterceptorChain.java:121) ~[okhttp-3.11.0.jar:?]
	at okhttp3.internal.cache.CacheInterceptor.intercept(CacheInterceptor.java:93) ~[okhttp-3.11.0.jar:?]
	at okhttp3.internal.http.RealInterceptorChain.proceed(RealInterceptorChain.java:147) ~[okhttp-3.11.0.jar:?]
	at okhttp3.internal.http.RealInterceptorChain.proceed(RealInterceptorChain.java:121) ~[okhttp-3.11.0.jar:?]
	at okhttp3.internal.http.BridgeInterceptor.intercept(BridgeInterceptor.java:93) ~[okhttp-3.11.0.jar:?]
	at okhttp3.internal.http.RealInterceptorChain.proceed(RealInterceptorChain.java:147) ~[okhttp-3.11.0.jar:?]
	at okhttp3.internal.http.RetryAndFollowUpInterceptor.intercept(RetryAndFollowUpInterceptor.java:126) ~[okhttp-3.11.0.jar:?]
	at okhttp3.internal.http.RealInterceptorChain.proceed(RealInterceptorChain.java:147) ~[okhttp-3.11.0.jar:?]
	at okhttp3.internal.http.RealInterceptorChain.proceed(RealInterceptorChain.java:121) ~[okhttp-3.11.0.jar:?]
	at okhttp3.RealCall.getResponseWithInterceptorChain(RealCall.java:200) ~[okhttp-3.11.0.jar:?]
	at okhttp3.RealCall.execute(RealCall.java:77) ~[okhttp-3.11.0.jar:?]
	at org.openqa.selenium.remote.internal.OkHttpClient.execute(OkHttpClient.java:103) ~[selenium-remote-driver-3.141.59.jar:?]
	at org.openqa.selenium.remote.HttpCommandExecutor.execute(HttpCommandExecutor.java:155) ~[selenium-remote-driver-3.141.59.jar:?]
	at io.appium.java_client.remote.AppiumCommandExecutor.execute(AppiumCommandExecutor.java:250) ~[java-client-7.6.0.jar:?]
	... 57 more
2025-06-19 11:03:22.583 [main] ERROR wpf.pages.LoginPage - Failed to enter password
org.openqa.selenium.WebDriverException: Connection refused: getsockopt
Build info: version: '3.141.59', revision: 'e82be7d358', time: '2018-11-14T08:17:03'
System info: host: 'VAAZID-KHAN-E42', ip: '192.168.0.118', os.name: 'Windows 11', os.arch: 'amd64', os.version: '10.0', java.version: '23.0.1'
Driver info: driver.version: WindowsDriver
	at io.appium.java_client.remote.AppiumCommandExecutor.lambda$6(AppiumCommandExecutor.java:262) ~[java-client-7.6.0.jar:?]
	at java.util.Optional.orElseGet(Optional.java:364) ~[?:?]
	at io.appium.java_client.remote.AppiumCommandExecutor.execute(AppiumCommandExecutor.java:261) ~[java-client-7.6.0.jar:?]
	at org.openqa.selenium.remote.RemoteWebDriver.execute(RemoteWebDriver.java:552) ~[selenium-remote-driver-3.141.59.jar:?]
	at io.appium.java_client.DefaultGenericMobileDriver.execute(DefaultGenericMobileDriver.java:41) ~[java-client-7.6.0.jar:?]
	at io.appium.java_client.AppiumDriver.execute(AppiumDriver.java:1) ~[java-client-7.6.0.jar:?]
	at io.appium.java_client.windows.WindowsDriver.execute(WindowsDriver.java:1) ~[java-client-7.6.0.jar:?]
	at org.openqa.selenium.remote.RemoteWebDriver.findElement(RemoteWebDriver.java:323) ~[selenium-remote-driver-3.141.59.jar:?]
	at io.appium.java_client.DefaultGenericMobileDriver.findElement(DefaultGenericMobileDriver.java:61) ~[java-client-7.6.0.jar:?]
	at io.appium.java_client.AppiumDriver.findElement(AppiumDriver.java:1) ~[java-client-7.6.0.jar:?]
	at io.appium.java_client.windows.WindowsDriver.findElement(WindowsDriver.java:1) ~[java-client-7.6.0.jar:?]
	at org.openqa.selenium.remote.RemoteWebDriver.findElementById(RemoteWebDriver.java:372) ~[selenium-remote-driver-3.141.59.jar:?]
	at io.appium.java_client.DefaultGenericMobileDriver.findElementById(DefaultGenericMobileDriver.java:69) ~[java-client-7.6.0.jar:?]
	at io.appium.java_client.AppiumDriver.findElementById(AppiumDriver.java:1) ~[java-client-7.6.0.jar:?]
	at io.appium.java_client.windows.WindowsDriver.findElementById(WindowsDriver.java:1) ~[java-client-7.6.0.jar:?]
	at org.openqa.selenium.By$ById.findElement(By.java:188) ~[selenium-api-3.141.59.jar:?]
	at org.openqa.selenium.support.ByIdOrName.findElement(ByIdOrName.java:47) ~[selenium-support-3.141.59.jar:?]
	at org.openqa.selenium.remote.RemoteWebDriver.findElement(RemoteWebDriver.java:315) ~[selenium-remote-driver-3.141.59.jar:?]
	at io.appium.java_client.DefaultGenericMobileDriver.findElement(DefaultGenericMobileDriver.java:57) ~[java-client-7.6.0.jar:?]
	at io.appium.java_client.AppiumDriver.findElement(AppiumDriver.java:1) ~[java-client-7.6.0.jar:?]
	at io.appium.java_client.windows.WindowsDriver.findElement(WindowsDriver.java:1) ~[java-client-7.6.0.jar:?]
	at org.openqa.selenium.support.pagefactory.DefaultElementLocator.findElement(DefaultElementLocator.java:69) ~[selenium-support-3.141.59.jar:?]
	at org.openqa.selenium.support.pagefactory.internal.LocatingElementHandler.invoke(LocatingElementHandler.java:38) ~[selenium-support-3.141.59.jar:?]
	at jdk.proxy2.$Proxy25.isDisplayed(Unknown Source) ~[?:?]
	at org.openqa.selenium.support.ui.ExpectedConditions.elementIfVisible(ExpectedConditions.java:314) ~[selenium-support-3.141.59.jar:?]
	at org.openqa.selenium.support.ui.ExpectedConditions.access$000(ExpectedConditions.java:43) ~[selenium-support-3.141.59.jar:?]
	at org.openqa.selenium.support.ui.ExpectedConditions$10.apply(ExpectedConditions.java:300) ~[selenium-support-3.141.59.jar:?]
	at org.openqa.selenium.support.ui.ExpectedConditions$10.apply(ExpectedConditions.java:297) ~[selenium-support-3.141.59.jar:?]
	at org.openqa.selenium.support.ui.ExpectedConditions$23.apply(ExpectedConditions.java:670) ~[selenium-support-3.141.59.jar:?]
	at org.openqa.selenium.support.ui.ExpectedConditions$23.apply(ExpectedConditions.java:666) ~[selenium-support-3.141.59.jar:?]
	at org.openqa.selenium.support.ui.FluentWait.until(FluentWait.java:249) ~[selenium-support-3.141.59.jar:?]
	at wpf.pages.LoginPage.enterPassword(LoginPage.java:83) ~[test-classes/:?]
	at wpf.pages.LoginPage.login(LoginPage.java:109) ~[test-classes/:?]
	at wpf.test.OpenAppTest.signInApplication(OpenAppTest.java:73) ~[test-classes/:?]
	at jdk.internal.reflect.DirectMethodHandleAccessor.invoke(DirectMethodHandleAccessor.java:103) ~[?:?]
	at java.lang.reflect.Method.invoke(Method.java:580) ~[?:?]
	at org.testng.internal.invokers.MethodInvocationHelper.invokeMethod(MethodInvocationHelper.java:141) ~[org.testng_7.11.0.r202503091654.jar:7.11.0]
	at org.testng.internal.invokers.TestInvoker.invokeMethod(TestInvoker.java:687) ~[org.testng_7.11.0.r202503091654.jar:7.11.0]
	at org.testng.internal.invokers.TestInvoker.invokeTestMethod(TestInvoker.java:230) ~[org.testng_7.11.0.r202503091654.jar:7.11.0]
	at org.testng.internal.invokers.MethodRunner.runInSequence(MethodRunner.java:63) ~[org.testng_7.11.0.r202503091654.jar:7.11.0]
	at org.testng.internal.invokers.TestInvoker$MethodInvocationAgent.invoke(TestInvoker.java:995) ~[org.testng_7.11.0.r202503091654.jar:7.11.0]
	at org.testng.internal.invokers.TestInvoker.invokeTestMethods(TestInvoker.java:203) ~[org.testng_7.11.0.r202503091654.jar:7.11.0]
	at org.testng.internal.invokers.TestMethodWorker.invokeTestMethods(TestMethodWorker.java:154) ~[org.testng_7.11.0.r202503091654.jar:7.11.0]
	at org.testng.internal.invokers.TestMethodWorker.run(TestMethodWorker.java:134) ~[org.testng_7.11.0.r202503091654.jar:7.11.0]
	at java.util.ArrayList.forEach(ArrayList.java:1597) [?:?]
	at org.testng.TestRunner.privateRun(TestRunner.java:741) [org.testng_7.11.0.r202503091654.jar:7.11.0]
	at org.testng.TestRunner.run(TestRunner.java:616) [org.testng_7.11.0.r202503091654.jar:7.11.0]
	at org.testng.SuiteRunner.runTest(SuiteRunner.java:421) [org.testng_7.11.0.r202503091654.jar:7.11.0]
	at org.testng.SuiteRunner.runSequentially(SuiteRunner.java:413) [org.testng_7.11.0.r202503091654.jar:7.11.0]
	at org.testng.SuiteRunner.privateRun(SuiteRunner.java:373) [org.testng_7.11.0.r202503091654.jar:7.11.0]
	at org.testng.SuiteRunner.run(SuiteRunner.java:312) [org.testng_7.11.0.r202503091654.jar:7.11.0]
	at org.testng.SuiteRunnerWorker.runSuite(SuiteRunnerWorker.java:52) [org.testng_7.11.0.r202503091654.jar:7.11.0]
	at org.testng.SuiteRunnerWorker.run(SuiteRunnerWorker.java:95) [org.testng_7.11.0.r202503091654.jar:7.11.0]
	at org.testng.TestNG.runSuitesSequentially(TestNG.java:1274) [org.testng_7.11.0.r202503091654.jar:7.11.0]
	at org.testng.TestNG.runSuitesLocally(TestNG.java:1208) [org.testng_7.11.0.r202503091654.jar:7.11.0]
	at org.testng.TestNG.runSuites(TestNG.java:1112) [org.testng_7.11.0.r202503091654.jar:7.11.0]
	at org.testng.TestNG.run(TestNG.java:1079) [org.testng_7.11.0.r202503091654.jar:7.11.0]
	at org.testng.remote.AbstractRemoteTestNG.run(AbstractRemoteTestNG.java:115) [testng-remote.jar:?]
	at org.testng.remote.RemoteTestNG.initAndRun(RemoteTestNG.java:293) [testng-remote.jar:?]
	at org.testng.remote.RemoteTestNG.main(RemoteTestNG.java:91) [testng-remote.jar:?]
Caused by: java.net.ConnectException: Connection refused: getsockopt
	at sun.nio.ch.Net.pollConnect(Native Method) ~[?:?]
	at sun.nio.ch.Net.pollConnectNow(Net.java:682) ~[?:?]
	at sun.nio.ch.NioSocketImpl.timedFinishConnect(NioSocketImpl.java:542) ~[?:?]
	at sun.nio.ch.NioSocketImpl.connect(NioSocketImpl.java:592) ~[?:?]
	at java.net.SocksSocketImpl.connect(SocksSocketImpl.java:327) ~[?:?]
	at java.net.Socket.connect(Socket.java:760) ~[?:?]
	at okhttp3.internal.platform.Platform.connectSocket(Platform.java:129) ~[okhttp-3.11.0.jar:?]
	at okhttp3.internal.connection.RealConnection.connectSocket(RealConnection.java:245) ~[okhttp-3.11.0.jar:?]
	at okhttp3.internal.connection.RealConnection.connect(RealConnection.java:165) ~[okhttp-3.11.0.jar:?]
	at okhttp3.internal.connection.StreamAllocation.findConnection(StreamAllocation.java:257) ~[okhttp-3.11.0.jar:?]
	at okhttp3.internal.connection.StreamAllocation.findHealthyConnection(StreamAllocation.java:135) ~[okhttp-3.11.0.jar:?]
	at okhttp3.internal.connection.StreamAllocation.newStream(StreamAllocation.java:114) ~[okhttp-3.11.0.jar:?]
	at okhttp3.internal.connection.ConnectInterceptor.intercept(ConnectInterceptor.java:42) ~[okhttp-3.11.0.jar:?]
	at okhttp3.internal.http.RealInterceptorChain.proceed(RealInterceptorChain.java:147) ~[okhttp-3.11.0.jar:?]
	at okhttp3.internal.http.RealInterceptorChain.proceed(RealInterceptorChain.java:121) ~[okhttp-3.11.0.jar:?]
	at okhttp3.internal.cache.CacheInterceptor.intercept(CacheInterceptor.java:93) ~[okhttp-3.11.0.jar:?]
	at okhttp3.internal.http.RealInterceptorChain.proceed(RealInterceptorChain.java:147) ~[okhttp-3.11.0.jar:?]
	at okhttp3.internal.http.RealInterceptorChain.proceed(RealInterceptorChain.java:121) ~[okhttp-3.11.0.jar:?]
	at okhttp3.internal.http.BridgeInterceptor.intercept(BridgeInterceptor.java:93) ~[okhttp-3.11.0.jar:?]
	at okhttp3.internal.http.RealInterceptorChain.proceed(RealInterceptorChain.java:147) ~[okhttp-3.11.0.jar:?]
	at okhttp3.internal.http.RetryAndFollowUpInterceptor.intercept(RetryAndFollowUpInterceptor.java:126) ~[okhttp-3.11.0.jar:?]
	at okhttp3.internal.http.RealInterceptorChain.proceed(RealInterceptorChain.java:147) ~[okhttp-3.11.0.jar:?]
	at okhttp3.internal.http.RealInterceptorChain.proceed(RealInterceptorChain.java:121) ~[okhttp-3.11.0.jar:?]
	at okhttp3.RealCall.getResponseWithInterceptorChain(RealCall.java:200) ~[okhttp-3.11.0.jar:?]
	at okhttp3.RealCall.execute(RealCall.java:77) ~[okhttp-3.11.0.jar:?]
	at org.openqa.selenium.remote.internal.OkHttpClient.execute(OkHttpClient.java:103) ~[selenium-remote-driver-3.141.59.jar:?]
	at org.openqa.selenium.remote.HttpCommandExecutor.execute(HttpCommandExecutor.java:155) ~[selenium-remote-driver-3.141.59.jar:?]
	at io.appium.java_client.remote.AppiumCommandExecutor.execute(AppiumCommandExecutor.java:250) ~[java-client-7.6.0.jar:?]
	... 57 more
2025-06-19 11:03:22.587 [main] ERROR wpf.pages.LoginPage - Failed to click Sign In button
org.openqa.selenium.WebDriverException: Connection refused: getsockopt
Build info: version: '3.141.59', revision: 'e82be7d358', time: '2018-11-14T08:17:03'
System info: host: 'VAAZID-KHAN-E42', ip: '192.168.0.118', os.name: 'Windows 11', os.arch: 'amd64', os.version: '10.0', java.version: '23.0.1'
Driver info: driver.version: WindowsDriver
	at io.appium.java_client.remote.AppiumCommandExecutor.lambda$6(AppiumCommandExecutor.java:262) ~[java-client-7.6.0.jar:?]
	at java.util.Optional.orElseGet(Optional.java:364) ~[?:?]
	at io.appium.java_client.remote.AppiumCommandExecutor.execute(AppiumCommandExecutor.java:261) ~[java-client-7.6.0.jar:?]
	at org.openqa.selenium.remote.RemoteWebDriver.execute(RemoteWebDriver.java:552) ~[selenium-remote-driver-3.141.59.jar:?]
	at io.appium.java_client.DefaultGenericMobileDriver.execute(DefaultGenericMobileDriver.java:41) ~[java-client-7.6.0.jar:?]
	at io.appium.java_client.AppiumDriver.execute(AppiumDriver.java:1) ~[java-client-7.6.0.jar:?]
	at io.appium.java_client.windows.WindowsDriver.execute(WindowsDriver.java:1) ~[java-client-7.6.0.jar:?]
	at org.openqa.selenium.remote.RemoteWebDriver.findElement(RemoteWebDriver.java:323) ~[selenium-remote-driver-3.141.59.jar:?]
	at io.appium.java_client.DefaultGenericMobileDriver.findElement(DefaultGenericMobileDriver.java:61) ~[java-client-7.6.0.jar:?]
	at io.appium.java_client.AppiumDriver.findElement(AppiumDriver.java:1) ~[java-client-7.6.0.jar:?]
	at io.appium.java_client.windows.WindowsDriver.findElement(WindowsDriver.java:1) ~[java-client-7.6.0.jar:?]
	at org.openqa.selenium.remote.RemoteWebDriver.findElementById(RemoteWebDriver.java:372) ~[selenium-remote-driver-3.141.59.jar:?]
	at io.appium.java_client.DefaultGenericMobileDriver.findElementById(DefaultGenericMobileDriver.java:69) ~[java-client-7.6.0.jar:?]
	at io.appium.java_client.AppiumDriver.findElementById(AppiumDriver.java:1) ~[java-client-7.6.0.jar:?]
	at io.appium.java_client.windows.WindowsDriver.findElementById(WindowsDriver.java:1) ~[java-client-7.6.0.jar:?]
	at org.openqa.selenium.By$ById.findElement(By.java:188) ~[selenium-api-3.141.59.jar:?]
	at org.openqa.selenium.support.ByIdOrName.findElement(ByIdOrName.java:47) ~[selenium-support-3.141.59.jar:?]
	at org.openqa.selenium.remote.RemoteWebDriver.findElement(RemoteWebDriver.java:315) ~[selenium-remote-driver-3.141.59.jar:?]
	at io.appium.java_client.DefaultGenericMobileDriver.findElement(DefaultGenericMobileDriver.java:57) ~[java-client-7.6.0.jar:?]
	at io.appium.java_client.AppiumDriver.findElement(AppiumDriver.java:1) ~[java-client-7.6.0.jar:?]
	at io.appium.java_client.windows.WindowsDriver.findElement(WindowsDriver.java:1) ~[java-client-7.6.0.jar:?]
	at org.openqa.selenium.support.pagefactory.DefaultElementLocator.findElement(DefaultElementLocator.java:69) ~[selenium-support-3.141.59.jar:?]
	at org.openqa.selenium.support.pagefactory.internal.LocatingElementHandler.invoke(LocatingElementHandler.java:38) ~[selenium-support-3.141.59.jar:?]
	at jdk.proxy2.$Proxy25.isDisplayed(Unknown Source) ~[?:?]
	at org.openqa.selenium.support.ui.ExpectedConditions.elementIfVisible(ExpectedConditions.java:314) ~[selenium-support-3.141.59.jar:?]
	at org.openqa.selenium.support.ui.ExpectedConditions.access$000(ExpectedConditions.java:43) ~[selenium-support-3.141.59.jar:?]
	at org.openqa.selenium.support.ui.ExpectedConditions$10.apply(ExpectedConditions.java:300) ~[selenium-support-3.141.59.jar:?]
	at org.openqa.selenium.support.ui.ExpectedConditions$10.apply(ExpectedConditions.java:297) ~[selenium-support-3.141.59.jar:?]
	at org.openqa.selenium.support.ui.ExpectedConditions$23.apply(ExpectedConditions.java:670) ~[selenium-support-3.141.59.jar:?]
	at org.openqa.selenium.support.ui.ExpectedConditions$23.apply(ExpectedConditions.java:666) ~[selenium-support-3.141.59.jar:?]
	at org.openqa.selenium.support.ui.FluentWait.until(FluentWait.java:249) ~[selenium-support-3.141.59.jar:?]
	at wpf.pages.LoginPage.clickSignInBtn(LoginPage.java:98) ~[test-classes/:?]
	at wpf.pages.LoginPage.login(LoginPage.java:110) ~[test-classes/:?]
	at wpf.test.OpenAppTest.signInApplication(OpenAppTest.java:73) ~[test-classes/:?]
	at jdk.internal.reflect.DirectMethodHandleAccessor.invoke(DirectMethodHandleAccessor.java:103) ~[?:?]
	at java.lang.reflect.Method.invoke(Method.java:580) ~[?:?]
	at org.testng.internal.invokers.MethodInvocationHelper.invokeMethod(MethodInvocationHelper.java:141) ~[org.testng_7.11.0.r202503091654.jar:7.11.0]
	at org.testng.internal.invokers.TestInvoker.invokeMethod(TestInvoker.java:687) ~[org.testng_7.11.0.r202503091654.jar:7.11.0]
	at org.testng.internal.invokers.TestInvoker.invokeTestMethod(TestInvoker.java:230) ~[org.testng_7.11.0.r202503091654.jar:7.11.0]
	at org.testng.internal.invokers.MethodRunner.runInSequence(MethodRunner.java:63) ~[org.testng_7.11.0.r202503091654.jar:7.11.0]
	at org.testng.internal.invokers.TestInvoker$MethodInvocationAgent.invoke(TestInvoker.java:995) ~[org.testng_7.11.0.r202503091654.jar:7.11.0]
	at org.testng.internal.invokers.TestInvoker.invokeTestMethods(TestInvoker.java:203) ~[org.testng_7.11.0.r202503091654.jar:7.11.0]
	at org.testng.internal.invokers.TestMethodWorker.invokeTestMethods(TestMethodWorker.java:154) ~[org.testng_7.11.0.r202503091654.jar:7.11.0]
	at org.testng.internal.invokers.TestMethodWorker.run(TestMethodWorker.java:134) ~[org.testng_7.11.0.r202503091654.jar:7.11.0]
	at java.util.ArrayList.forEach(ArrayList.java:1597) [?:?]
	at org.testng.TestRunner.privateRun(TestRunner.java:741) [org.testng_7.11.0.r202503091654.jar:7.11.0]
	at org.testng.TestRunner.run(TestRunner.java:616) [org.testng_7.11.0.r202503091654.jar:7.11.0]
	at org.testng.SuiteRunner.runTest(SuiteRunner.java:421) [org.testng_7.11.0.r202503091654.jar:7.11.0]
	at org.testng.SuiteRunner.runSequentially(SuiteRunner.java:413) [org.testng_7.11.0.r202503091654.jar:7.11.0]
	at org.testng.SuiteRunner.privateRun(SuiteRunner.java:373) [org.testng_7.11.0.r202503091654.jar:7.11.0]
	at org.testng.SuiteRunner.run(SuiteRunner.java:312) [org.testng_7.11.0.r202503091654.jar:7.11.0]
	at org.testng.SuiteRunnerWorker.runSuite(SuiteRunnerWorker.java:52) [org.testng_7.11.0.r202503091654.jar:7.11.0]
	at org.testng.SuiteRunnerWorker.run(SuiteRunnerWorker.java:95) [org.testng_7.11.0.r202503091654.jar:7.11.0]
	at org.testng.TestNG.runSuitesSequentially(TestNG.java:1274) [org.testng_7.11.0.r202503091654.jar:7.11.0]
	at org.testng.TestNG.runSuitesLocally(TestNG.java:1208) [org.testng_7.11.0.r202503091654.jar:7.11.0]
	at org.testng.TestNG.runSuites(TestNG.java:1112) [org.testng_7.11.0.r202503091654.jar:7.11.0]
	at org.testng.TestNG.run(TestNG.java:1079) [org.testng_7.11.0.r202503091654.jar:7.11.0]
	at org.testng.remote.AbstractRemoteTestNG.run(AbstractRemoteTestNG.java:115) [testng-remote.jar:?]
	at org.testng.remote.RemoteTestNG.initAndRun(RemoteTestNG.java:293) [testng-remote.jar:?]
	at org.testng.remote.RemoteTestNG.main(RemoteTestNG.java:91) [testng-remote.jar:?]
Caused by: java.net.ConnectException: Connection refused: getsockopt
	at sun.nio.ch.Net.pollConnect(Native Method) ~[?:?]
	at sun.nio.ch.Net.pollConnectNow(Net.java:682) ~[?:?]
	at sun.nio.ch.NioSocketImpl.timedFinishConnect(NioSocketImpl.java:542) ~[?:?]
	at sun.nio.ch.NioSocketImpl.connect(NioSocketImpl.java:592) ~[?:?]
	at java.net.SocksSocketImpl.connect(SocksSocketImpl.java:327) ~[?:?]
	at java.net.Socket.connect(Socket.java:760) ~[?:?]
	at okhttp3.internal.platform.Platform.connectSocket(Platform.java:129) ~[okhttp-3.11.0.jar:?]
	at okhttp3.internal.connection.RealConnection.connectSocket(RealConnection.java:245) ~[okhttp-3.11.0.jar:?]
	at okhttp3.internal.connection.RealConnection.connect(RealConnection.java:165) ~[okhttp-3.11.0.jar:?]
	at okhttp3.internal.connection.StreamAllocation.findConnection(StreamAllocation.java:257) ~[okhttp-3.11.0.jar:?]
	at okhttp3.internal.connection.StreamAllocation.findHealthyConnection(StreamAllocation.java:135) ~[okhttp-3.11.0.jar:?]
	at okhttp3.internal.connection.StreamAllocation.newStream(StreamAllocation.java:114) ~[okhttp-3.11.0.jar:?]
	at okhttp3.internal.connection.ConnectInterceptor.intercept(ConnectInterceptor.java:42) ~[okhttp-3.11.0.jar:?]
	at okhttp3.internal.http.RealInterceptorChain.proceed(RealInterceptorChain.java:147) ~[okhttp-3.11.0.jar:?]
	at okhttp3.internal.http.RealInterceptorChain.proceed(RealInterceptorChain.java:121) ~[okhttp-3.11.0.jar:?]
	at okhttp3.internal.cache.CacheInterceptor.intercept(CacheInterceptor.java:93) ~[okhttp-3.11.0.jar:?]
	at okhttp3.internal.http.RealInterceptorChain.proceed(RealInterceptorChain.java:147) ~[okhttp-3.11.0.jar:?]
	at okhttp3.internal.http.RealInterceptorChain.proceed(RealInterceptorChain.java:121) ~[okhttp-3.11.0.jar:?]
	at okhttp3.internal.http.BridgeInterceptor.intercept(BridgeInterceptor.java:93) ~[okhttp-3.11.0.jar:?]
	at okhttp3.internal.http.RealInterceptorChain.proceed(RealInterceptorChain.java:147) ~[okhttp-3.11.0.jar:?]
	at okhttp3.internal.http.RetryAndFollowUpInterceptor.intercept(RetryAndFollowUpInterceptor.java:126) ~[okhttp-3.11.0.jar:?]
	at okhttp3.internal.http.RealInterceptorChain.proceed(RealInterceptorChain.java:147) ~[okhttp-3.11.0.jar:?]
	at okhttp3.internal.http.RealInterceptorChain.proceed(RealInterceptorChain.java:121) ~[okhttp-3.11.0.jar:?]
	at okhttp3.RealCall.getResponseWithInterceptorChain(RealCall.java:200) ~[okhttp-3.11.0.jar:?]
	at okhttp3.RealCall.execute(RealCall.java:77) ~[okhttp-3.11.0.jar:?]
	at org.openqa.selenium.remote.internal.OkHttpClient.execute(OkHttpClient.java:103) ~[selenium-remote-driver-3.141.59.jar:?]
	at org.openqa.selenium.remote.HttpCommandExecutor.execute(HttpCommandExecutor.java:155) ~[selenium-remote-driver-3.141.59.jar:?]
	at io.appium.java_client.remote.AppiumCommandExecutor.execute(AppiumCommandExecutor.java:250) ~[java-client-7.6.0.jar:?]
	... 57 more
2025-06-19 11:03:22.637 [main] ERROR winAppDriverComponents.BaseTest - Error closing WindowsDriver session
org.openqa.selenium.WebDriverException: No active session with ID D683A92C-791F-4C88-83B7-E704F25DA980 (WARNING: The server did not provide any stacktrace information)
Command duration or timeout: 0 milliseconds
Build info: version: '3.141.59', revision: 'e82be7d358', time: '2018-11-14T08:17:03'
System info: host: 'VAAZID-KHAN-E42', ip: '192.168.0.118', os.name: 'Windows 11', os.arch: 'amd64', os.version: '10.0', java.version: '23.0.1'
Driver info: io.appium.java_client.windows.WindowsDriver
Capabilities {app: C:\Program Files (x86)\Just..., javascriptEnabled: true, ms:waitForAppLaunch: 10, platform: WINDOWS, platformName: Windows}
Session ID: D683A92C-791F-4C88-83B7-E704F25DA980
	at jdk.internal.reflect.DirectConstructorHandleAccessor.newInstance(DirectConstructorHandleAccessor.java:62) ~[?:?]
	at java.lang.reflect.Constructor.newInstanceWithCaller(Constructor.java:501) ~[?:?]
	at java.lang.reflect.Constructor.newInstance(Constructor.java:485) ~[?:?]
	at org.openqa.selenium.remote.ErrorHandler.createThrowable(ErrorHandler.java:214) ~[selenium-remote-driver-3.141.59.jar:?]
	at org.openqa.selenium.remote.ErrorHandler.throwIfResponseFailed(ErrorHandler.java:166) ~[selenium-remote-driver-3.141.59.jar:?]
	at org.openqa.selenium.remote.http.JsonHttpResponseCodec.reconstructValue(JsonHttpResponseCodec.java:40) ~[selenium-remote-driver-3.141.59.jar:?]
	at org.openqa.selenium.remote.http.AbstractHttpResponseCodec.decode(AbstractHttpResponseCodec.java:80) ~[selenium-remote-driver-3.141.59.jar:?]
	at org.openqa.selenium.remote.http.AbstractHttpResponseCodec.decode(AbstractHttpResponseCodec.java:44) ~[selenium-remote-driver-3.141.59.jar:?]
	at org.openqa.selenium.remote.HttpCommandExecutor.execute(HttpCommandExecutor.java:158) ~[selenium-remote-driver-3.141.59.jar:?]
	at io.appium.java_client.remote.AppiumCommandExecutor.execute(AppiumCommandExecutor.java:250) ~[java-client-7.6.0.jar:?]
	at org.openqa.selenium.remote.RemoteWebDriver.execute(RemoteWebDriver.java:552) ~[selenium-remote-driver-3.141.59.jar:?]
	at io.appium.java_client.DefaultGenericMobileDriver.execute(DefaultGenericMobileDriver.java:45) ~[java-client-7.6.0.jar:?]
	at io.appium.java_client.AppiumDriver.execute(AppiumDriver.java:1) ~[java-client-7.6.0.jar:?]
	at io.appium.java_client.windows.WindowsDriver.execute(WindowsDriver.java:1) ~[java-client-7.6.0.jar:?]
	at org.openqa.selenium.remote.RemoteWebDriver.quit(RemoteWebDriver.java:452) ~[selenium-remote-driver-3.141.59.jar:?]
	at winAppDriverComponents.BaseTest.stopWinAppDriver(BaseTest.java:202) [test-classes/:?]
	at winAppDriverComponents.BaseTest.tearDown(BaseTest.java:57) [test-classes/:?]
	at jdk.internal.reflect.DirectMethodHandleAccessor.invoke(DirectMethodHandleAccessor.java:103) ~[?:?]
	at java.lang.reflect.Method.invoke(Method.java:580) ~[?:?]
	at org.testng.internal.invokers.MethodInvocationHelper.invokeMethod(MethodInvocationHelper.java:141) [org.testng_7.11.0.r202503091654.jar:7.11.0]
	at org.testng.internal.invokers.MethodInvocationHelper.invokeMethodConsideringTimeout(MethodInvocationHelper.java:71) [org.testng_7.11.0.r202503091654.jar:7.11.0]
	at org.testng.internal.invokers.ConfigInvoker.invokeConfigurationMethod(ConfigInvoker.java:400) [org.testng_7.11.0.r202503091654.jar:7.11.0]
	at org.testng.internal.invokers.ConfigInvoker.invokeConfigurations(ConfigInvoker.java:333) [org.testng_7.11.0.r202503091654.jar:7.11.0]
	at org.testng.SuiteRunner.privateRun(SuiteRunner.java:386) [org.testng_7.11.0.r202503091654.jar:7.11.0]
	at org.testng.SuiteRunner.run(SuiteRunner.java:312) [org.testng_7.11.0.r202503091654.jar:7.11.0]
	at org.testng.SuiteRunnerWorker.runSuite(SuiteRunnerWorker.java:52) [org.testng_7.11.0.r202503091654.jar:7.11.0]
	at org.testng.SuiteRunnerWorker.run(SuiteRunnerWorker.java:95) [org.testng_7.11.0.r202503091654.jar:7.11.0]
	at org.testng.TestNG.runSuitesSequentially(TestNG.java:1274) [org.testng_7.11.0.r202503091654.jar:7.11.0]
	at org.testng.TestNG.runSuitesLocally(TestNG.java:1208) [org.testng_7.11.0.r202503091654.jar:7.11.0]
	at org.testng.TestNG.runSuites(TestNG.java:1112) [org.testng_7.11.0.r202503091654.jar:7.11.0]
	at org.testng.TestNG.run(TestNG.java:1079) [org.testng_7.11.0.r202503091654.jar:7.11.0]
	at org.testng.remote.AbstractRemoteTestNG.run(AbstractRemoteTestNG.java:115) [testng-remote.jar:?]
	at org.testng.remote.RemoteTestNG.initAndRun(RemoteTestNG.java:293) [testng-remote.jar:?]
	at org.testng.remote.RemoteTestNG.main(RemoteTestNG.java:91) [testng-remote.jar:?]
2025-06-19 11:03:22.747 [main] INFO  winAppDriverComponents.BaseTest - Killed all WinAppDriver processes
2025-06-19 11:03:22.747 [main] INFO  winAppDriverComponents.BaseTest - Test cleanup complete: Driver and WinAppDriver stopped
2025-06-19 11:03:22.864 [main] ERROR winAppDriverComponents.BaseTest - Failed to initialize WindowsDriver
org.openqa.selenium.WebDriverException: Connection refused: getsockopt
Build info: version: '3.141.59', revision: 'e82be7d358', time: '2018-11-14T08:17:03'
System info: host: 'VAAZID-KHAN-E42', ip: '192.168.0.118', os.name: 'Windows 11', os.arch: 'amd64', os.version: '10.0', java.version: '23.0.1'
Driver info: driver.version: WindowsDriver
	at io.appium.java_client.remote.AppiumCommandExecutor.lambda$6(AppiumCommandExecutor.java:262) ~[java-client-7.6.0.jar:?]
	at java.util.Optional.orElseGet(Optional.java:364) ~[?:?]
	at io.appium.java_client.remote.AppiumCommandExecutor.execute(AppiumCommandExecutor.java:261) ~[java-client-7.6.0.jar:?]
	at org.openqa.selenium.remote.RemoteWebDriver.execute(RemoteWebDriver.java:552) ~[selenium-remote-driver-3.141.59.jar:?]
	at io.appium.java_client.DefaultGenericMobileDriver.execute(DefaultGenericMobileDriver.java:41) ~[java-client-7.6.0.jar:?]
	at io.appium.java_client.AppiumDriver.execute(AppiumDriver.java:1) ~[java-client-7.6.0.jar:?]
	at io.appium.java_client.windows.WindowsDriver.execute(WindowsDriver.java:1) ~[java-client-7.6.0.jar:?]
	at org.openqa.selenium.remote.RemoteWebDriver.startSession(RemoteWebDriver.java:213) ~[selenium-remote-driver-3.141.59.jar:?]
	at io.appium.java_client.AppiumDriver.startSession(AppiumDriver.java:363) ~[java-client-7.6.0.jar:?]
	at org.openqa.selenium.remote.RemoteWebDriver.<init>(RemoteWebDriver.java:131) ~[selenium-remote-driver-3.141.59.jar:?]
	at io.appium.java_client.DefaultGenericMobileDriver.<init>(DefaultGenericMobileDriver.java:37) ~[java-client-7.6.0.jar:?]
	at io.appium.java_client.AppiumDriver.<init>(AppiumDriver.java:89) ~[java-client-7.6.0.jar:?]
	at io.appium.java_client.AppiumDriver.<init>(AppiumDriver.java:99) ~[java-client-7.6.0.jar:?]
	at io.appium.java_client.windows.WindowsDriver.<init>(WindowsDriver.java:43) ~[java-client-7.6.0.jar:?]
	at winAppDriverComponents.BaseTest.initializeDriver(BaseTest.java:160) [test-classes/:?]
	at winAppDriverComponents.BaseTest.startWinAppDriver(BaseTest.java:104) [test-classes/:?]
	at winAppDriverComponents.BaseTest.setUp(BaseTest.java:42) [test-classes/:?]
	at jdk.internal.reflect.DirectMethodHandleAccessor.invoke(DirectMethodHandleAccessor.java:103) ~[?:?]
	at java.lang.reflect.Method.invoke(Method.java:580) ~[?:?]
	at org.testng.internal.invokers.MethodInvocationHelper.invokeMethod(MethodInvocationHelper.java:141) [org.testng_7.11.0.r202503091654.jar:7.11.0]
	at org.testng.internal.invokers.MethodInvocationHelper.invokeMethodConsideringTimeout(MethodInvocationHelper.java:71) [org.testng_7.11.0.r202503091654.jar:7.11.0]
	at org.testng.internal.invokers.ConfigInvoker.invokeConfigurationMethod(ConfigInvoker.java:400) [org.testng_7.11.0.r202503091654.jar:7.11.0]
	at org.testng.internal.invokers.ConfigInvoker.invokeConfigurations(ConfigInvoker.java:333) [org.testng_7.11.0.r202503091654.jar:7.11.0]
	at org.testng.SuiteRunner.privateRun(SuiteRunner.java:358) [org.testng_7.11.0.r202503091654.jar:7.11.0]
	at org.testng.SuiteRunner.run(SuiteRunner.java:312) [org.testng_7.11.0.r202503091654.jar:7.11.0]
	at org.testng.SuiteRunnerWorker.runSuite(SuiteRunnerWorker.java:52) [org.testng_7.11.0.r202503091654.jar:7.11.0]
	at org.testng.SuiteRunnerWorker.run(SuiteRunnerWorker.java:95) [org.testng_7.11.0.r202503091654.jar:7.11.0]
	at org.testng.TestNG.runSuitesSequentially(TestNG.java:1274) [org.testng_7.11.0.r202503091654.jar:7.11.0]
	at org.testng.TestNG.runSuitesLocally(TestNG.java:1208) [org.testng_7.11.0.r202503091654.jar:7.11.0]
	at org.testng.TestNG.runSuites(TestNG.java:1112) [org.testng_7.11.0.r202503091654.jar:7.11.0]
	at org.testng.TestNG.run(TestNG.java:1079) [org.testng_7.11.0.r202503091654.jar:7.11.0]
	at org.testng.remote.AbstractRemoteTestNG.run(AbstractRemoteTestNG.java:115) [testng-remote.jar:?]
	at org.testng.remote.RemoteTestNG.initAndRun(RemoteTestNG.java:293) [testng-remote.jar:?]
	at org.testng.remote.RemoteTestNG.main(RemoteTestNG.java:91) [testng-remote.jar:?]
Caused by: java.net.ConnectException: Connection refused: getsockopt
	at sun.nio.ch.Net.pollConnect(Native Method) ~[?:?]
	at sun.nio.ch.Net.pollConnectNow(Net.java:682) ~[?:?]
	at sun.nio.ch.NioSocketImpl.timedFinishConnect(NioSocketImpl.java:542) ~[?:?]
	at sun.nio.ch.NioSocketImpl.connect(NioSocketImpl.java:592) ~[?:?]
	at java.net.SocksSocketImpl.connect(SocksSocketImpl.java:327) ~[?:?]
	at java.net.Socket.connect(Socket.java:760) ~[?:?]
	at okhttp3.internal.platform.Platform.connectSocket(Platform.java:129) ~[okhttp-3.11.0.jar:?]
	at okhttp3.internal.connection.RealConnection.connectSocket(RealConnection.java:245) ~[okhttp-3.11.0.jar:?]
	at okhttp3.internal.connection.RealConnection.connect(RealConnection.java:165) ~[okhttp-3.11.0.jar:?]
	at okhttp3.internal.connection.StreamAllocation.findConnection(StreamAllocation.java:257) ~[okhttp-3.11.0.jar:?]
	at okhttp3.internal.connection.StreamAllocation.findHealthyConnection(StreamAllocation.java:135) ~[okhttp-3.11.0.jar:?]
	at okhttp3.internal.connection.StreamAllocation.newStream(StreamAllocation.java:114) ~[okhttp-3.11.0.jar:?]
	at okhttp3.internal.connection.ConnectInterceptor.intercept(ConnectInterceptor.java:42) ~[okhttp-3.11.0.jar:?]
	at okhttp3.internal.http.RealInterceptorChain.proceed(RealInterceptorChain.java:147) ~[okhttp-3.11.0.jar:?]
	at okhttp3.internal.http.RealInterceptorChain.proceed(RealInterceptorChain.java:121) ~[okhttp-3.11.0.jar:?]
	at okhttp3.internal.cache.CacheInterceptor.intercept(CacheInterceptor.java:93) ~[okhttp-3.11.0.jar:?]
	at okhttp3.internal.http.RealInterceptorChain.proceed(RealInterceptorChain.java:147) ~[okhttp-3.11.0.jar:?]
	at okhttp3.internal.http.RealInterceptorChain.proceed(RealInterceptorChain.java:121) ~[okhttp-3.11.0.jar:?]
	at okhttp3.internal.http.BridgeInterceptor.intercept(BridgeInterceptor.java:93) ~[okhttp-3.11.0.jar:?]
	at okhttp3.internal.http.RealInterceptorChain.proceed(RealInterceptorChain.java:147) ~[okhttp-3.11.0.jar:?]
	at okhttp3.internal.http.RetryAndFollowUpInterceptor.intercept(RetryAndFollowUpInterceptor.java:126) ~[okhttp-3.11.0.jar:?]
	at okhttp3.internal.http.RealInterceptorChain.proceed(RealInterceptorChain.java:147) ~[okhttp-3.11.0.jar:?]
	at okhttp3.internal.http.RealInterceptorChain.proceed(RealInterceptorChain.java:121) ~[okhttp-3.11.0.jar:?]
	at okhttp3.RealCall.getResponseWithInterceptorChain(RealCall.java:200) ~[okhttp-3.11.0.jar:?]
	at okhttp3.RealCall.execute(RealCall.java:77) ~[okhttp-3.11.0.jar:?]
	at org.openqa.selenium.remote.internal.OkHttpClient.execute(OkHttpClient.java:103) ~[selenium-remote-driver-3.141.59.jar:?]
	at io.appium.java_client.remote.AppiumCommandExecutor.lambda$1(AppiumCommandExecutor.java:162) ~[java-client-7.6.0.jar:?]
	at org.openqa.selenium.remote.ProtocolHandshake.createSession(ProtocolHandshake.java:105) ~[selenium-remote-driver-3.141.59.jar:?]
	at jdk.internal.reflect.DirectMethodHandleAccessor.invoke(DirectMethodHandleAccessor.java:103) ~[?:?]
	at java.lang.reflect.Method.invoke(Method.java:580) ~[?:?]
	at io.appium.java_client.remote.AppiumCommandExecutor$1.createSession(AppiumCommandExecutor.java:193) ~[java-client-7.6.0.jar:?]
	at io.appium.java_client.remote.AppiumCommandExecutor.createSession(AppiumCommandExecutor.java:225) ~[java-client-7.6.0.jar:?]
	at io.appium.java_client.remote.AppiumCommandExecutor.execute(AppiumCommandExecutor.java:250) ~[java-client-7.6.0.jar:?]
	... 31 more
2025-06-19 11:03:22.870 [main] ERROR winAppDriverComponents.BaseTest - Failed to set up test
java.lang.RuntimeException: Failed to initialize WindowsDriver
	at winAppDriverComponents.BaseTest.initializeDriver(BaseTest.java:165) ~[test-classes/:?]
	at winAppDriverComponents.BaseTest.startWinAppDriver(BaseTest.java:104) ~[test-classes/:?]
	at winAppDriverComponents.BaseTest.setUp(BaseTest.java:42) [test-classes/:?]
	at jdk.internal.reflect.DirectMethodHandleAccessor.invoke(DirectMethodHandleAccessor.java:103) ~[?:?]
	at java.lang.reflect.Method.invoke(Method.java:580) ~[?:?]
	at org.testng.internal.invokers.MethodInvocationHelper.invokeMethod(MethodInvocationHelper.java:141) [org.testng_7.11.0.r202503091654.jar:7.11.0]
	at org.testng.internal.invokers.MethodInvocationHelper.invokeMethodConsideringTimeout(MethodInvocationHelper.java:71) [org.testng_7.11.0.r202503091654.jar:7.11.0]
	at org.testng.internal.invokers.ConfigInvoker.invokeConfigurationMethod(ConfigInvoker.java:400) [org.testng_7.11.0.r202503091654.jar:7.11.0]
	at org.testng.internal.invokers.ConfigInvoker.invokeConfigurations(ConfigInvoker.java:333) [org.testng_7.11.0.r202503091654.jar:7.11.0]
	at org.testng.SuiteRunner.privateRun(SuiteRunner.java:358) [org.testng_7.11.0.r202503091654.jar:7.11.0]
	at org.testng.SuiteRunner.run(SuiteRunner.java:312) [org.testng_7.11.0.r202503091654.jar:7.11.0]
	at org.testng.SuiteRunnerWorker.runSuite(SuiteRunnerWorker.java:52) [org.testng_7.11.0.r202503091654.jar:7.11.0]
	at org.testng.SuiteRunnerWorker.run(SuiteRunnerWorker.java:95) [org.testng_7.11.0.r202503091654.jar:7.11.0]
	at org.testng.TestNG.runSuitesSequentially(TestNG.java:1274) [org.testng_7.11.0.r202503091654.jar:7.11.0]
	at org.testng.TestNG.runSuitesLocally(TestNG.java:1208) [org.testng_7.11.0.r202503091654.jar:7.11.0]
	at org.testng.TestNG.runSuites(TestNG.java:1112) [org.testng_7.11.0.r202503091654.jar:7.11.0]
	at org.testng.TestNG.run(TestNG.java:1079) [org.testng_7.11.0.r202503091654.jar:7.11.0]
	at org.testng.remote.AbstractRemoteTestNG.run(AbstractRemoteTestNG.java:115) [testng-remote.jar:?]
	at org.testng.remote.RemoteTestNG.initAndRun(RemoteTestNG.java:293) [testng-remote.jar:?]
	at org.testng.remote.RemoteTestNG.main(RemoteTestNG.java:91) [testng-remote.jar:?]
Caused by: org.openqa.selenium.WebDriverException: Connection refused: getsockopt
Build info: version: '3.141.59', revision: 'e82be7d358', time: '2018-11-14T08:17:03'
System info: host: 'VAAZID-KHAN-E42', ip: '192.168.0.118', os.name: 'Windows 11', os.arch: 'amd64', os.version: '10.0', java.version: '23.0.1'
Driver info: driver.version: WindowsDriver
	at io.appium.java_client.remote.AppiumCommandExecutor.lambda$6(AppiumCommandExecutor.java:262) ~[java-client-7.6.0.jar:?]
	at java.util.Optional.orElseGet(Optional.java:364) ~[?:?]
	at io.appium.java_client.remote.AppiumCommandExecutor.execute(AppiumCommandExecutor.java:261) ~[java-client-7.6.0.jar:?]
	at org.openqa.selenium.remote.RemoteWebDriver.execute(RemoteWebDriver.java:552) ~[selenium-remote-driver-3.141.59.jar:?]
	at io.appium.java_client.DefaultGenericMobileDriver.execute(DefaultGenericMobileDriver.java:41) ~[java-client-7.6.0.jar:?]
	at io.appium.java_client.AppiumDriver.execute(AppiumDriver.java:1) ~[java-client-7.6.0.jar:?]
	at io.appium.java_client.windows.WindowsDriver.execute(WindowsDriver.java:1) ~[java-client-7.6.0.jar:?]
	at org.openqa.selenium.remote.RemoteWebDriver.startSession(RemoteWebDriver.java:213) ~[selenium-remote-driver-3.141.59.jar:?]
	at io.appium.java_client.AppiumDriver.startSession(AppiumDriver.java:363) ~[java-client-7.6.0.jar:?]
	at org.openqa.selenium.remote.RemoteWebDriver.<init>(RemoteWebDriver.java:131) ~[selenium-remote-driver-3.141.59.jar:?]
	at io.appium.java_client.DefaultGenericMobileDriver.<init>(DefaultGenericMobileDriver.java:37) ~[java-client-7.6.0.jar:?]
	at io.appium.java_client.AppiumDriver.<init>(AppiumDriver.java:89) ~[java-client-7.6.0.jar:?]
	at io.appium.java_client.AppiumDriver.<init>(AppiumDriver.java:99) ~[java-client-7.6.0.jar:?]
	at io.appium.java_client.windows.WindowsDriver.<init>(WindowsDriver.java:43) ~[java-client-7.6.0.jar:?]
	at winAppDriverComponents.BaseTest.initializeDriver(BaseTest.java:160) ~[test-classes/:?]
	... 19 more
Caused by: java.net.ConnectException: Connection refused: getsockopt
	at sun.nio.ch.Net.pollConnect(Native Method) ~[?:?]
	at sun.nio.ch.Net.pollConnectNow(Net.java:682) ~[?:?]
	at sun.nio.ch.NioSocketImpl.timedFinishConnect(NioSocketImpl.java:542) ~[?:?]
	at sun.nio.ch.NioSocketImpl.connect(NioSocketImpl.java:592) ~[?:?]
	at java.net.SocksSocketImpl.connect(SocksSocketImpl.java:327) ~[?:?]
	at java.net.Socket.connect(Socket.java:760) ~[?:?]
	at okhttp3.internal.platform.Platform.connectSocket(Platform.java:129) ~[okhttp-3.11.0.jar:?]
	at okhttp3.internal.connection.RealConnection.connectSocket(RealConnection.java:245) ~[okhttp-3.11.0.jar:?]
	at okhttp3.internal.connection.RealConnection.connect(RealConnection.java:165) ~[okhttp-3.11.0.jar:?]
	at okhttp3.internal.connection.StreamAllocation.findConnection(StreamAllocation.java:257) ~[okhttp-3.11.0.jar:?]
	at okhttp3.internal.connection.StreamAllocation.findHealthyConnection(StreamAllocation.java:135) ~[okhttp-3.11.0.jar:?]
	at okhttp3.internal.connection.StreamAllocation.newStream(StreamAllocation.java:114) ~[okhttp-3.11.0.jar:?]
	at okhttp3.internal.connection.ConnectInterceptor.intercept(ConnectInterceptor.java:42) ~[okhttp-3.11.0.jar:?]
	at okhttp3.internal.http.RealInterceptorChain.proceed(RealInterceptorChain.java:147) ~[okhttp-3.11.0.jar:?]
	at okhttp3.internal.http.RealInterceptorChain.proceed(RealInterceptorChain.java:121) ~[okhttp-3.11.0.jar:?]
	at okhttp3.internal.cache.CacheInterceptor.intercept(CacheInterceptor.java:93) ~[okhttp-3.11.0.jar:?]
	at okhttp3.internal.http.RealInterceptorChain.proceed(RealInterceptorChain.java:147) ~[okhttp-3.11.0.jar:?]
	at okhttp3.internal.http.RealInterceptorChain.proceed(RealInterceptorChain.java:121) ~[okhttp-3.11.0.jar:?]
	at okhttp3.internal.http.BridgeInterceptor.intercept(BridgeInterceptor.java:93) ~[okhttp-3.11.0.jar:?]
	at okhttp3.internal.http.RealInterceptorChain.proceed(RealInterceptorChain.java:147) ~[okhttp-3.11.0.jar:?]
	at okhttp3.internal.http.RetryAndFollowUpInterceptor.intercept(RetryAndFollowUpInterceptor.java:126) ~[okhttp-3.11.0.jar:?]
	at okhttp3.internal.http.RealInterceptorChain.proceed(RealInterceptorChain.java:147) ~[okhttp-3.11.0.jar:?]
	at okhttp3.internal.http.RealInterceptorChain.proceed(RealInterceptorChain.java:121) ~[okhttp-3.11.0.jar:?]
	at okhttp3.RealCall.getResponseWithInterceptorChain(RealCall.java:200) ~[okhttp-3.11.0.jar:?]
	at okhttp3.RealCall.execute(RealCall.java:77) ~[okhttp-3.11.0.jar:?]
	at org.openqa.selenium.remote.internal.OkHttpClient.execute(OkHttpClient.java:103) ~[selenium-remote-driver-3.141.59.jar:?]
	at io.appium.java_client.remote.AppiumCommandExecutor.lambda$1(AppiumCommandExecutor.java:162) ~[java-client-7.6.0.jar:?]
	at org.openqa.selenium.remote.ProtocolHandshake.createSession(ProtocolHandshake.java:105) ~[selenium-remote-driver-3.141.59.jar:?]
	at jdk.internal.reflect.DirectMethodHandleAccessor.invoke(DirectMethodHandleAccessor.java:103) ~[?:?]
	at java.lang.reflect.Method.invoke(Method.java:580) ~[?:?]
	at io.appium.java_client.remote.AppiumCommandExecutor$1.createSession(AppiumCommandExecutor.java:193) ~[java-client-7.6.0.jar:?]
	at io.appium.java_client.remote.AppiumCommandExecutor.createSession(AppiumCommandExecutor.java:225) ~[java-client-7.6.0.jar:?]
	at io.appium.java_client.remote.AppiumCommandExecutor.execute(AppiumCommandExecutor.java:250) ~[java-client-7.6.0.jar:?]
	at org.openqa.selenium.remote.RemoteWebDriver.execute(RemoteWebDriver.java:552) ~[selenium-remote-driver-3.141.59.jar:?]
	at io.appium.java_client.DefaultGenericMobileDriver.execute(DefaultGenericMobileDriver.java:41) ~[java-client-7.6.0.jar:?]
	at io.appium.java_client.AppiumDriver.execute(AppiumDriver.java:1) ~[java-client-7.6.0.jar:?]
	at io.appium.java_client.windows.WindowsDriver.execute(WindowsDriver.java:1) ~[java-client-7.6.0.jar:?]
	at org.openqa.selenium.remote.RemoteWebDriver.startSession(RemoteWebDriver.java:213) ~[selenium-remote-driver-3.141.59.jar:?]
	at io.appium.java_client.AppiumDriver.startSession(AppiumDriver.java:363) ~[java-client-7.6.0.jar:?]
	at org.openqa.selenium.remote.RemoteWebDriver.<init>(RemoteWebDriver.java:131) ~[selenium-remote-driver-3.141.59.jar:?]
	at io.appium.java_client.DefaultGenericMobileDriver.<init>(DefaultGenericMobileDriver.java:37) ~[java-client-7.6.0.jar:?]
	at io.appium.java_client.AppiumDriver.<init>(AppiumDriver.java:89) ~[java-client-7.6.0.jar:?]
	at io.appium.java_client.AppiumDriver.<init>(AppiumDriver.java:99) ~[java-client-7.6.0.jar:?]
	at io.appium.java_client.windows.WindowsDriver.<init>(WindowsDriver.java:43) ~[java-client-7.6.0.jar:?]
	at winAppDriverComponents.BaseTest.initializeDriver(BaseTest.java:160) ~[test-classes/:?]
	... 19 more
2025-06-19 11:03:34.575 [main] INFO  reusableComponents.ConfigReader - Loaded config.properties from file system: config/config.properties
2025-06-19 11:03:34.589 [main] INFO  reusableComponents.ConfigReader - Loaded strings.xml from classpath: strings/strings.xml
2025-06-19 11:03:34.690 [main] INFO  winAppDriverComponents.BaseTest - Logs directory ready: resources/logs/
2025-06-19 11:03:34.821 [main] INFO  winAppDriverComponents.BaseTest - Killed all WinAppDriver processes
2025-06-19 11:03:34.824 [main] INFO  winAppDriverComponents.BaseTest - WinAppDriver started at http://127.0.0.1:4723
2025-06-19 11:03:46.975 [main] INFO  winAppDriverComponents.BaseTest - WindowsDriver session started for app: C:\Program Files (x86)\JustBilling\JustBilling\POS.exe
2025-06-19 11:03:46.977 [main] INFO  winAppDriverComponents.BaseTest - Test setup complete: Application opened
2025-06-19 11:03:47.124 [main] INFO  wpf.pages.LoginPage - Total Edit fields: 0
2025-06-19 11:03:47.124 [main] ERROR wpf.pages.LoginPage - Element initialization failed
java.lang.RuntimeException: Not enough Edit fields found. Possibly wrong screen loaded or window not ready.
	at wpf.pages.LoginPage.<init>(LoginPage.java:41) ~[test-classes/:?]
	at wpf.test.OpenAppTest.signInApplication(OpenAppTest.java:72) ~[test-classes/:?]
	at jdk.internal.reflect.DirectMethodHandleAccessor.invoke(DirectMethodHandleAccessor.java:103) ~[?:?]
	at java.lang.reflect.Method.invoke(Method.java:580) ~[?:?]
	at org.testng.internal.invokers.MethodInvocationHelper.invokeMethod(MethodInvocationHelper.java:141) ~[org.testng_7.11.0.r202503091654.jar:7.11.0]
	at org.testng.internal.invokers.TestInvoker.invokeMethod(TestInvoker.java:687) ~[org.testng_7.11.0.r202503091654.jar:7.11.0]
	at org.testng.internal.invokers.TestInvoker.invokeTestMethod(TestInvoker.java:230) ~[org.testng_7.11.0.r202503091654.jar:7.11.0]
	at org.testng.internal.invokers.MethodRunner.runInSequence(MethodRunner.java:63) ~[org.testng_7.11.0.r202503091654.jar:7.11.0]
	at org.testng.internal.invokers.TestInvoker$MethodInvocationAgent.invoke(TestInvoker.java:995) ~[org.testng_7.11.0.r202503091654.jar:7.11.0]
	at org.testng.internal.invokers.TestInvoker.invokeTestMethods(TestInvoker.java:203) ~[org.testng_7.11.0.r202503091654.jar:7.11.0]
	at org.testng.internal.invokers.TestMethodWorker.invokeTestMethods(TestMethodWorker.java:154) ~[org.testng_7.11.0.r202503091654.jar:7.11.0]
	at org.testng.internal.invokers.TestMethodWorker.run(TestMethodWorker.java:134) ~[org.testng_7.11.0.r202503091654.jar:7.11.0]
	at java.util.ArrayList.forEach(ArrayList.java:1597) [?:?]
	at org.testng.TestRunner.privateRun(TestRunner.java:741) [org.testng_7.11.0.r202503091654.jar:7.11.0]
	at org.testng.TestRunner.run(TestRunner.java:616) [org.testng_7.11.0.r202503091654.jar:7.11.0]
	at org.testng.SuiteRunner.runTest(SuiteRunner.java:421) [org.testng_7.11.0.r202503091654.jar:7.11.0]
	at org.testng.SuiteRunner.runSequentially(SuiteRunner.java:413) [org.testng_7.11.0.r202503091654.jar:7.11.0]
	at org.testng.SuiteRunner.privateRun(SuiteRunner.java:373) [org.testng_7.11.0.r202503091654.jar:7.11.0]
	at org.testng.SuiteRunner.run(SuiteRunner.java:312) [org.testng_7.11.0.r202503091654.jar:7.11.0]
	at org.testng.SuiteRunnerWorker.runSuite(SuiteRunnerWorker.java:52) [org.testng_7.11.0.r202503091654.jar:7.11.0]
	at org.testng.SuiteRunnerWorker.run(SuiteRunnerWorker.java:95) [org.testng_7.11.0.r202503091654.jar:7.11.0]
	at org.testng.TestNG.runSuitesSequentially(TestNG.java:1274) [org.testng_7.11.0.r202503091654.jar:7.11.0]
	at org.testng.TestNG.runSuitesLocally(TestNG.java:1208) [org.testng_7.11.0.r202503091654.jar:7.11.0]
	at org.testng.TestNG.runSuites(TestNG.java:1112) [org.testng_7.11.0.r202503091654.jar:7.11.0]
	at org.testng.TestNG.run(TestNG.java:1079) [org.testng_7.11.0.r202503091654.jar:7.11.0]
	at org.testng.remote.AbstractRemoteTestNG.run(AbstractRemoteTestNG.java:115) [testng-remote.jar:?]
	at org.testng.remote.RemoteTestNG.initAndRun(RemoteTestNG.java:293) [testng-remote.jar:?]
	at org.testng.remote.RemoteTestNG.main(RemoteTestNG.java:91) [testng-remote.jar:?]
2025-06-19 11:03:47.189 [main] INFO  winAppDriverComponents.BaseTest - WindowsDriver session closed
2025-06-19 11:03:47.190 [main] INFO  winAppDriverComponents.BaseTest - Terminated existing WinAppDriver process
2025-06-19 11:03:47.297 [main] INFO  winAppDriverComponents.BaseTest - Killed all WinAppDriver processes
2025-06-19 11:03:47.298 [main] INFO  winAppDriverComponents.BaseTest - Test cleanup complete: Driver and WinAppDriver stopped
2025-06-19 11:05:35.861 [main] INFO  reusableComponents.ConfigReader - Loaded config.properties from file system: config/config.properties
2025-06-19 11:05:35.867 [main] INFO  reusableComponents.ConfigReader - Loaded strings.xml from classpath: strings/strings.xml
2025-06-19 11:05:35.926 [main] INFO  winAppDriverComponents.BaseTest - Logs directory ready: resources/logs/
2025-06-19 11:05:36.015 [main] INFO  winAppDriverComponents.BaseTest - Killed all WinAppDriver processes
2025-06-19 11:05:36.018 [main] INFO  winAppDriverComponents.BaseTest - WinAppDriver started at http://127.0.0.1:4723
2025-06-19 11:05:47.044 [main] INFO  winAppDriverComponents.BaseTest - WindowsDriver session started for app: C:\Program Files (x86)\JustBilling\JustBilling\POS.exe
2025-06-19 11:05:47.044 [main] INFO  winAppDriverComponents.BaseTest - Test setup complete: Application opened
2025-06-19 11:05:47.176 [main] INFO  wpf.pages.LoginPage - Window handles count: 1
2025-06-19 11:09:32.854 [main] INFO  reusableComponents.ConfigReader - Loaded config.properties from file system: config/config.properties
2025-06-19 11:09:32.860 [main] INFO  reusableComponents.ConfigReader - Loaded strings.xml from classpath: strings/strings.xml
2025-06-19 11:09:32.925 [main] INFO  winAppDriverComponents.BaseTest - Logs directory ready: resources/logs/
2025-06-19 11:09:33.039 [main] INFO  winAppDriverComponents.BaseTest - Killed all WinAppDriver processes
2025-06-19 11:09:33.042 [main] INFO  winAppDriverComponents.BaseTest - WinAppDriver started at http://127.0.0.1:4723
2025-06-19 11:09:33.055 [main] WARN  wpf.pages.LoginPage - Failed to switch to main window: Connection refused: getsockopt
Build info: version: '3.141.59', revision: 'e82be7d358', time: '2018-11-14T08:17:03'
System info: host: 'VAAZID-KHAN-E42', ip: '192.168.0.118', os.name: 'Windows 11', os.arch: 'amd64', os.version: '10.0', java.version: '23.0.1'
Driver info: driver.version: RemoteWebDriver
2025-06-19 11:09:35.071 [main] ERROR wpf.pages.LoginPage - Element initialization failed
org.openqa.selenium.WebDriverException: No active session with ID 54F40F3B-3559-415F-BE26-E58646FA0FD8 (WARNING: The server did not provide any stacktrace information)
Command duration or timeout: 0 milliseconds
Build info: version: '3.141.59', revision: 'e82be7d358', time: '2018-11-14T08:17:03'
System info: host: 'VAAZID-KHAN-E42', ip: '192.168.0.118', os.name: 'Windows 11', os.arch: 'amd64', os.version: '10.0', java.version: '23.0.1'
Driver info: io.appium.java_client.windows.WindowsDriver
Capabilities {app: C:\Program Files (x86)\Just..., javascriptEnabled: true, ms:waitForAppLaunch: 10, platform: WINDOWS, platformName: Windows}
Session ID: 54F40F3B-3559-415F-BE26-E58646FA0FD8
*** Element info: {Using=class name, value=Edit}
	at jdk.internal.reflect.DirectConstructorHandleAccessor.newInstance(DirectConstructorHandleAccessor.java:62) ~[?:?]
	at java.lang.reflect.Constructor.newInstanceWithCaller(Constructor.java:501) ~[?:?]
	at java.lang.reflect.Constructor.newInstance(Constructor.java:485) ~[?:?]
	at org.openqa.selenium.remote.ErrorHandler.createThrowable(ErrorHandler.java:214) ~[selenium-remote-driver-3.141.59.jar:?]
	at org.openqa.selenium.remote.ErrorHandler.throwIfResponseFailed(ErrorHandler.java:166) ~[selenium-remote-driver-3.141.59.jar:?]
	at org.openqa.selenium.remote.http.JsonHttpResponseCodec.reconstructValue(JsonHttpResponseCodec.java:40) ~[selenium-remote-driver-3.141.59.jar:?]
	at org.openqa.selenium.remote.http.AbstractHttpResponseCodec.decode(AbstractHttpResponseCodec.java:80) ~[selenium-remote-driver-3.141.59.jar:?]
	at org.openqa.selenium.remote.http.AbstractHttpResponseCodec.decode(AbstractHttpResponseCodec.java:44) ~[selenium-remote-driver-3.141.59.jar:?]
	at org.openqa.selenium.remote.HttpCommandExecutor.execute(HttpCommandExecutor.java:158) ~[selenium-remote-driver-3.141.59.jar:?]
	at io.appium.java_client.remote.AppiumCommandExecutor.execute(AppiumCommandExecutor.java:250) ~[java-client-7.6.0.jar:?]
	at org.openqa.selenium.remote.RemoteWebDriver.execute(RemoteWebDriver.java:552) ~[selenium-remote-driver-3.141.59.jar:?]
	at io.appium.java_client.DefaultGenericMobileDriver.execute(DefaultGenericMobileDriver.java:41) ~[java-client-7.6.0.jar:?]
	at io.appium.java_client.AppiumDriver.execute(AppiumDriver.java:1) ~[java-client-7.6.0.jar:?]
	at io.appium.java_client.windows.WindowsDriver.execute(WindowsDriver.java:1) ~[java-client-7.6.0.jar:?]
	at org.openqa.selenium.remote.RemoteWebDriver.findElements(RemoteWebDriver.java:353) ~[selenium-remote-driver-3.141.59.jar:?]
	at io.appium.java_client.DefaultGenericMobileDriver.findElements(DefaultGenericMobileDriver.java:53) ~[java-client-7.6.0.jar:?]
	at io.appium.java_client.AppiumDriver.findElements(AppiumDriver.java:179) ~[java-client-7.6.0.jar:?]
	at org.openqa.selenium.remote.RemoteWebDriver.findElementsByClassName(RemoteWebDriver.java:416) ~[selenium-remote-driver-3.141.59.jar:?]
	at io.appium.java_client.DefaultGenericMobileDriver.findElementsByClassName(DefaultGenericMobileDriver.java:129) ~[java-client-7.6.0.jar:?]
	at io.appium.java_client.AppiumDriver.findElementsByClassName(AppiumDriver.java:204) ~[java-client-7.6.0.jar:?]
	at org.openqa.selenium.By$ByClassName.findElements(By.java:380) ~[selenium-api-3.141.59.jar:?]
	at org.openqa.selenium.remote.RemoteWebDriver.findElements(RemoteWebDriver.java:311) ~[selenium-remote-driver-3.141.59.jar:?]
	at io.appium.java_client.DefaultGenericMobileDriver.findElements(DefaultGenericMobileDriver.java:49) ~[java-client-7.6.0.jar:?]
	at io.appium.java_client.AppiumDriver.findElements(AppiumDriver.java:174) ~[java-client-7.6.0.jar:?]
	at wpf.pages.LoginPage.<init>(LoginPage.java:35) ~[test-classes/:?]
	at wpf.test.OpenAppTest.signInApplication(OpenAppTest.java:72) ~[test-classes/:?]
	at jdk.internal.reflect.DirectMethodHandleAccessor.invoke(DirectMethodHandleAccessor.java:103) ~[?:?]
	at java.lang.reflect.Method.invoke(Method.java:580) ~[?:?]
	at org.testng.internal.invokers.MethodInvocationHelper.invokeMethod(MethodInvocationHelper.java:141) ~[org.testng_7.11.0.r202503091654.jar:7.11.0]
	at org.testng.internal.invokers.TestInvoker.invokeMethod(TestInvoker.java:687) ~[org.testng_7.11.0.r202503091654.jar:7.11.0]
	at org.testng.internal.invokers.TestInvoker.invokeTestMethod(TestInvoker.java:230) ~[org.testng_7.11.0.r202503091654.jar:7.11.0]
	at org.testng.internal.invokers.MethodRunner.runInSequence(MethodRunner.java:63) ~[org.testng_7.11.0.r202503091654.jar:7.11.0]
	at org.testng.internal.invokers.TestInvoker$MethodInvocationAgent.invoke(TestInvoker.java:995) ~[org.testng_7.11.0.r202503091654.jar:7.11.0]
	at org.testng.internal.invokers.TestInvoker.invokeTestMethods(TestInvoker.java:203) ~[org.testng_7.11.0.r202503091654.jar:7.11.0]
	at org.testng.internal.invokers.TestMethodWorker.invokeTestMethods(TestMethodWorker.java:154) ~[org.testng_7.11.0.r202503091654.jar:7.11.0]
	at org.testng.internal.invokers.TestMethodWorker.run(TestMethodWorker.java:134) ~[org.testng_7.11.0.r202503091654.jar:7.11.0]
	at java.util.ArrayList.forEach(ArrayList.java:1597) [?:?]
	at org.testng.TestRunner.privateRun(TestRunner.java:741) [org.testng_7.11.0.r202503091654.jar:7.11.0]
	at org.testng.TestRunner.run(TestRunner.java:616) [org.testng_7.11.0.r202503091654.jar:7.11.0]
	at org.testng.SuiteRunner.runTest(SuiteRunner.java:421) [org.testng_7.11.0.r202503091654.jar:7.11.0]
	at org.testng.SuiteRunner.runSequentially(SuiteRunner.java:413) [org.testng_7.11.0.r202503091654.jar:7.11.0]
	at org.testng.SuiteRunner.privateRun(SuiteRunner.java:373) [org.testng_7.11.0.r202503091654.jar:7.11.0]
	at org.testng.SuiteRunner.run(SuiteRunner.java:312) [org.testng_7.11.0.r202503091654.jar:7.11.0]
	at org.testng.SuiteRunnerWorker.runSuite(SuiteRunnerWorker.java:52) [org.testng_7.11.0.r202503091654.jar:7.11.0]
	at org.testng.SuiteRunnerWorker.run(SuiteRunnerWorker.java:95) [org.testng_7.11.0.r202503091654.jar:7.11.0]
	at org.testng.TestNG.runSuitesSequentially(TestNG.java:1274) [org.testng_7.11.0.r202503091654.jar:7.11.0]
	at org.testng.TestNG.runSuitesLocally(TestNG.java:1208) [org.testng_7.11.0.r202503091654.jar:7.11.0]
	at org.testng.TestNG.runSuites(TestNG.java:1112) [org.testng_7.11.0.r202503091654.jar:7.11.0]
	at org.testng.TestNG.run(TestNG.java:1079) [org.testng_7.11.0.r202503091654.jar:7.11.0]
	at org.testng.remote.AbstractRemoteTestNG.run(AbstractRemoteTestNG.java:115) [testng-remote.jar:?]
	at org.testng.remote.RemoteTestNG.initAndRun(RemoteTestNG.java:293) [testng-remote.jar:?]
	at org.testng.remote.RemoteTestNG.main(RemoteTestNG.java:91) [testng-remote.jar:?]
2025-06-19 11:09:35.110 [main] ERROR winAppDriverComponents.BaseTest - Error closing WindowsDriver session
org.openqa.selenium.WebDriverException: No active session with ID 54F40F3B-3559-415F-BE26-E58646FA0FD8 (WARNING: The server did not provide any stacktrace information)
Command duration or timeout: 0 milliseconds
Build info: version: '3.141.59', revision: 'e82be7d358', time: '2018-11-14T08:17:03'
System info: host: 'VAAZID-KHAN-E42', ip: '192.168.0.118', os.name: 'Windows 11', os.arch: 'amd64', os.version: '10.0', java.version: '23.0.1'
Driver info: io.appium.java_client.windows.WindowsDriver
Capabilities {app: C:\Program Files (x86)\Just..., javascriptEnabled: true, ms:waitForAppLaunch: 10, platform: WINDOWS, platformName: Windows}
Session ID: 54F40F3B-3559-415F-BE26-E58646FA0FD8
	at jdk.internal.reflect.DirectConstructorHandleAccessor.newInstance(DirectConstructorHandleAccessor.java:62) ~[?:?]
	at java.lang.reflect.Constructor.newInstanceWithCaller(Constructor.java:501) ~[?:?]
	at java.lang.reflect.Constructor.newInstance(Constructor.java:485) ~[?:?]
	at org.openqa.selenium.remote.ErrorHandler.createThrowable(ErrorHandler.java:214) ~[selenium-remote-driver-3.141.59.jar:?]
	at org.openqa.selenium.remote.ErrorHandler.throwIfResponseFailed(ErrorHandler.java:166) ~[selenium-remote-driver-3.141.59.jar:?]
	at org.openqa.selenium.remote.http.JsonHttpResponseCodec.reconstructValue(JsonHttpResponseCodec.java:40) ~[selenium-remote-driver-3.141.59.jar:?]
	at org.openqa.selenium.remote.http.AbstractHttpResponseCodec.decode(AbstractHttpResponseCodec.java:80) ~[selenium-remote-driver-3.141.59.jar:?]
	at org.openqa.selenium.remote.http.AbstractHttpResponseCodec.decode(AbstractHttpResponseCodec.java:44) ~[selenium-remote-driver-3.141.59.jar:?]
	at org.openqa.selenium.remote.HttpCommandExecutor.execute(HttpCommandExecutor.java:158) ~[selenium-remote-driver-3.141.59.jar:?]
	at io.appium.java_client.remote.AppiumCommandExecutor.execute(AppiumCommandExecutor.java:250) ~[java-client-7.6.0.jar:?]
	at org.openqa.selenium.remote.RemoteWebDriver.execute(RemoteWebDriver.java:552) ~[selenium-remote-driver-3.141.59.jar:?]
	at io.appium.java_client.DefaultGenericMobileDriver.execute(DefaultGenericMobileDriver.java:45) ~[java-client-7.6.0.jar:?]
	at io.appium.java_client.AppiumDriver.execute(AppiumDriver.java:1) ~[java-client-7.6.0.jar:?]
	at io.appium.java_client.windows.WindowsDriver.execute(WindowsDriver.java:1) ~[java-client-7.6.0.jar:?]
	at org.openqa.selenium.remote.RemoteWebDriver.quit(RemoteWebDriver.java:452) ~[selenium-remote-driver-3.141.59.jar:?]
	at winAppDriverComponents.BaseTest.stopWinAppDriver(BaseTest.java:202) [test-classes/:?]
	at winAppDriverComponents.BaseTest.tearDown(BaseTest.java:57) [test-classes/:?]
	at jdk.internal.reflect.DirectMethodHandleAccessor.invoke(DirectMethodHandleAccessor.java:103) ~[?:?]
	at java.lang.reflect.Method.invoke(Method.java:580) ~[?:?]
	at org.testng.internal.invokers.MethodInvocationHelper.invokeMethod(MethodInvocationHelper.java:141) [org.testng_7.11.0.r202503091654.jar:7.11.0]
	at org.testng.internal.invokers.MethodInvocationHelper.invokeMethodConsideringTimeout(MethodInvocationHelper.java:71) [org.testng_7.11.0.r202503091654.jar:7.11.0]
	at org.testng.internal.invokers.ConfigInvoker.invokeConfigurationMethod(ConfigInvoker.java:400) [org.testng_7.11.0.r202503091654.jar:7.11.0]
	at org.testng.internal.invokers.ConfigInvoker.invokeConfigurations(ConfigInvoker.java:333) [org.testng_7.11.0.r202503091654.jar:7.11.0]
	at org.testng.SuiteRunner.privateRun(SuiteRunner.java:386) [org.testng_7.11.0.r202503091654.jar:7.11.0]
	at org.testng.SuiteRunner.run(SuiteRunner.java:312) [org.testng_7.11.0.r202503091654.jar:7.11.0]
	at org.testng.SuiteRunnerWorker.runSuite(SuiteRunnerWorker.java:52) [org.testng_7.11.0.r202503091654.jar:7.11.0]
	at org.testng.SuiteRunnerWorker.run(SuiteRunnerWorker.java:95) [org.testng_7.11.0.r202503091654.jar:7.11.0]
	at org.testng.TestNG.runSuitesSequentially(TestNG.java:1274) [org.testng_7.11.0.r202503091654.jar:7.11.0]
	at org.testng.TestNG.runSuitesLocally(TestNG.java:1208) [org.testng_7.11.0.r202503091654.jar:7.11.0]
	at org.testng.TestNG.runSuites(TestNG.java:1112) [org.testng_7.11.0.r202503091654.jar:7.11.0]
	at org.testng.TestNG.run(TestNG.java:1079) [org.testng_7.11.0.r202503091654.jar:7.11.0]
	at org.testng.remote.AbstractRemoteTestNG.run(AbstractRemoteTestNG.java:115) [testng-remote.jar:?]
	at org.testng.remote.RemoteTestNG.initAndRun(RemoteTestNG.java:293) [testng-remote.jar:?]
	at org.testng.remote.RemoteTestNG.main(RemoteTestNG.java:91) [testng-remote.jar:?]
2025-06-19 11:09:35.219 [main] INFO  winAppDriverComponents.BaseTest - Killed all WinAppDriver processes
2025-06-19 11:09:35.220 [main] INFO  winAppDriverComponents.BaseTest - Test cleanup complete: Driver and WinAppDriver stopped
2025-06-19 11:09:35.238 [main] ERROR winAppDriverComponents.BaseTest - Failed to initialize WindowsDriver
org.openqa.selenium.SessionNotCreatedException: Unable to create a new remote session. Original error: Connection reset
Build info: version: '3.141.59', revision: 'e82be7d358', time: '2018-11-14T08:17:03'
System info: host: 'VAAZID-KHAN-E42', ip: '192.168.0.118', os.name: 'Windows 11', os.arch: 'amd64', os.version: '10.0', java.version: '23.0.1'
Driver info: driver.version: WindowsDriver
	at io.appium.java_client.remote.AppiumCommandExecutor$1.createSession(AppiumCommandExecutor.java:216) ~[java-client-7.6.0.jar:?]
	at io.appium.java_client.remote.AppiumCommandExecutor.createSession(AppiumCommandExecutor.java:225) ~[java-client-7.6.0.jar:?]
	at io.appium.java_client.remote.AppiumCommandExecutor.execute(AppiumCommandExecutor.java:250) ~[java-client-7.6.0.jar:?]
	at org.openqa.selenium.remote.RemoteWebDriver.execute(RemoteWebDriver.java:552) ~[selenium-remote-driver-3.141.59.jar:?]
	at io.appium.java_client.DefaultGenericMobileDriver.execute(DefaultGenericMobileDriver.java:41) ~[java-client-7.6.0.jar:?]
	at io.appium.java_client.AppiumDriver.execute(AppiumDriver.java:1) ~[java-client-7.6.0.jar:?]
	at io.appium.java_client.windows.WindowsDriver.execute(WindowsDriver.java:1) ~[java-client-7.6.0.jar:?]
	at org.openqa.selenium.remote.RemoteWebDriver.startSession(RemoteWebDriver.java:213) ~[selenium-remote-driver-3.141.59.jar:?]
	at io.appium.java_client.AppiumDriver.startSession(AppiumDriver.java:363) ~[java-client-7.6.0.jar:?]
	at org.openqa.selenium.remote.RemoteWebDriver.<init>(RemoteWebDriver.java:131) ~[selenium-remote-driver-3.141.59.jar:?]
	at io.appium.java_client.DefaultGenericMobileDriver.<init>(DefaultGenericMobileDriver.java:37) ~[java-client-7.6.0.jar:?]
	at io.appium.java_client.AppiumDriver.<init>(AppiumDriver.java:89) ~[java-client-7.6.0.jar:?]
	at io.appium.java_client.AppiumDriver.<init>(AppiumDriver.java:99) ~[java-client-7.6.0.jar:?]
	at io.appium.java_client.windows.WindowsDriver.<init>(WindowsDriver.java:43) ~[java-client-7.6.0.jar:?]
	at winAppDriverComponents.BaseTest.initializeDriver(BaseTest.java:160) [test-classes/:?]
	at winAppDriverComponents.BaseTest.startWinAppDriver(BaseTest.java:104) [test-classes/:?]
	at winAppDriverComponents.BaseTest.setUp(BaseTest.java:42) [test-classes/:?]
	at jdk.internal.reflect.DirectMethodHandleAccessor.invoke(DirectMethodHandleAccessor.java:103) ~[?:?]
	at java.lang.reflect.Method.invoke(Method.java:580) ~[?:?]
	at org.testng.internal.invokers.MethodInvocationHelper.invokeMethod(MethodInvocationHelper.java:141) [org.testng_7.11.0.r202503091654.jar:7.11.0]
	at org.testng.internal.invokers.MethodInvocationHelper.invokeMethodConsideringTimeout(MethodInvocationHelper.java:71) [org.testng_7.11.0.r202503091654.jar:7.11.0]
	at org.testng.internal.invokers.ConfigInvoker.invokeConfigurationMethod(ConfigInvoker.java:400) [org.testng_7.11.0.r202503091654.jar:7.11.0]
	at org.testng.internal.invokers.ConfigInvoker.invokeConfigurations(ConfigInvoker.java:333) [org.testng_7.11.0.r202503091654.jar:7.11.0]
	at org.testng.SuiteRunner.privateRun(SuiteRunner.java:358) [org.testng_7.11.0.r202503091654.jar:7.11.0]
	at org.testng.SuiteRunner.run(SuiteRunner.java:312) [org.testng_7.11.0.r202503091654.jar:7.11.0]
	at org.testng.SuiteRunnerWorker.runSuite(SuiteRunnerWorker.java:52) [org.testng_7.11.0.r202503091654.jar:7.11.0]
	at org.testng.SuiteRunnerWorker.run(SuiteRunnerWorker.java:95) [org.testng_7.11.0.r202503091654.jar:7.11.0]
	at org.testng.TestNG.runSuitesSequentially(TestNG.java:1274) [org.testng_7.11.0.r202503091654.jar:7.11.0]
	at org.testng.TestNG.runSuitesLocally(TestNG.java:1208) [org.testng_7.11.0.r202503091654.jar:7.11.0]
	at org.testng.TestNG.runSuites(TestNG.java:1112) [org.testng_7.11.0.r202503091654.jar:7.11.0]
	at org.testng.TestNG.run(TestNG.java:1079) [org.testng_7.11.0.r202503091654.jar:7.11.0]
	at org.testng.remote.AbstractRemoteTestNG.run(AbstractRemoteTestNG.java:115) [testng-remote.jar:?]
	at org.testng.remote.RemoteTestNG.initAndRun(RemoteTestNG.java:293) [testng-remote.jar:?]
	at org.testng.remote.RemoteTestNG.main(RemoteTestNG.java:91) [testng-remote.jar:?]
Caused by: java.lang.reflect.InvocationTargetException
	at jdk.internal.reflect.DirectMethodHandleAccessor.invoke(DirectMethodHandleAccessor.java:118) ~[?:?]
	at java.lang.reflect.Method.invoke(Method.java:580) ~[?:?]
	at io.appium.java_client.remote.AppiumCommandExecutor$1.createSession(AppiumCommandExecutor.java:193) ~[java-client-7.6.0.jar:?]
	... 33 more
Caused by: java.net.SocketException: Connection reset
	at sun.nio.ch.NioSocketImpl.implRead(NioSocketImpl.java:318) ~[?:?]
	at sun.nio.ch.NioSocketImpl.read(NioSocketImpl.java:346) ~[?:?]
	at sun.nio.ch.NioSocketImpl$1.read(NioSocketImpl.java:796) ~[?:?]
	at java.net.Socket$SocketInputStream.implRead(Socket.java:1116) ~[?:?]
	at java.net.Socket$SocketInputStream.read(Socket.java:1103) ~[?:?]
	at okio.Okio$2.read(Okio.java:140) ~[okio-1.14.0.jar:?]
	at okio.AsyncTimeout$2.read(AsyncTimeout.java:237) ~[okio-1.14.0.jar:?]
	at okio.RealBufferedSource.indexOf(RealBufferedSource.java:355) ~[okio-1.14.0.jar:?]
	at okio.RealBufferedSource.readUtf8LineStrict(RealBufferedSource.java:227) ~[okio-1.14.0.jar:?]
	at okhttp3.internal.http1.Http1Codec.readHeaderLine(Http1Codec.java:215) ~[okhttp-3.11.0.jar:?]
	at okhttp3.internal.http1.Http1Codec.readResponseHeaders(Http1Codec.java:189) ~[okhttp-3.11.0.jar:?]
	at okhttp3.internal.http.CallServerInterceptor.intercept(CallServerInterceptor.java:88) ~[okhttp-3.11.0.jar:?]
	at okhttp3.internal.http.RealInterceptorChain.proceed(RealInterceptorChain.java:147) ~[okhttp-3.11.0.jar:?]
	at okhttp3.internal.http.RealInterceptorChain.proceed(RealInterceptorChain.java:121) ~[okhttp-3.11.0.jar:?]
	at org.openqa.selenium.remote.internal.OkHttpClient$Factory$1.lambda$createClient$1(OkHttpClient.java:152) ~[selenium-remote-driver-3.141.59.jar:?]
	at okhttp3.internal.http.RealInterceptorChain.proceed(RealInterceptorChain.java:147) ~[okhttp-3.11.0.jar:?]
	at okhttp3.internal.connection.ConnectInterceptor.intercept(ConnectInterceptor.java:45) ~[okhttp-3.11.0.jar:?]
	at okhttp3.internal.http.RealInterceptorChain.proceed(RealInterceptorChain.java:147) ~[okhttp-3.11.0.jar:?]
	at okhttp3.internal.http.RealInterceptorChain.proceed(RealInterceptorChain.java:121) ~[okhttp-3.11.0.jar:?]
	at okhttp3.internal.cache.CacheInterceptor.intercept(CacheInterceptor.java:93) ~[okhttp-3.11.0.jar:?]
	at okhttp3.internal.http.RealInterceptorChain.proceed(RealInterceptorChain.java:147) ~[okhttp-3.11.0.jar:?]
	at okhttp3.internal.http.RealInterceptorChain.proceed(RealInterceptorChain.java:121) ~[okhttp-3.11.0.jar:?]
	at okhttp3.internal.http.BridgeInterceptor.intercept(BridgeInterceptor.java:93) ~[okhttp-3.11.0.jar:?]
	at okhttp3.internal.http.RealInterceptorChain.proceed(RealInterceptorChain.java:147) ~[okhttp-3.11.0.jar:?]
	at okhttp3.internal.http.RetryAndFollowUpInterceptor.intercept(RetryAndFollowUpInterceptor.java:126) ~[okhttp-3.11.0.jar:?]
	at okhttp3.internal.http.RealInterceptorChain.proceed(RealInterceptorChain.java:147) ~[okhttp-3.11.0.jar:?]
	at okhttp3.internal.http.RealInterceptorChain.proceed(RealInterceptorChain.java:121) ~[okhttp-3.11.0.jar:?]
	at okhttp3.RealCall.getResponseWithInterceptorChain(RealCall.java:200) ~[okhttp-3.11.0.jar:?]
	at okhttp3.RealCall.execute(RealCall.java:77) ~[okhttp-3.11.0.jar:?]
	at org.openqa.selenium.remote.internal.OkHttpClient.execute(OkHttpClient.java:103) ~[selenium-remote-driver-3.141.59.jar:?]
	at io.appium.java_client.remote.AppiumCommandExecutor.lambda$1(AppiumCommandExecutor.java:162) ~[java-client-7.6.0.jar:?]
	at org.openqa.selenium.remote.ProtocolHandshake.createSession(ProtocolHandshake.java:105) ~[selenium-remote-driver-3.141.59.jar:?]
	at jdk.internal.reflect.DirectMethodHandleAccessor.invoke(DirectMethodHandleAccessor.java:103) ~[?:?]
	at java.lang.reflect.Method.invoke(Method.java:580) ~[?:?]
	at io.appium.java_client.remote.AppiumCommandExecutor$1.createSession(AppiumCommandExecutor.java:193) ~[java-client-7.6.0.jar:?]
	... 33 more
2025-06-19 11:09:35.247 [main] ERROR winAppDriverComponents.BaseTest - Failed to set up test
java.lang.RuntimeException: Failed to initialize WindowsDriver
	at winAppDriverComponents.BaseTest.initializeDriver(BaseTest.java:165) ~[test-classes/:?]
	at winAppDriverComponents.BaseTest.startWinAppDriver(BaseTest.java:104) ~[test-classes/:?]
	at winAppDriverComponents.BaseTest.setUp(BaseTest.java:42) [test-classes/:?]
	at jdk.internal.reflect.DirectMethodHandleAccessor.invoke(DirectMethodHandleAccessor.java:103) ~[?:?]
	at java.lang.reflect.Method.invoke(Method.java:580) ~[?:?]
	at org.testng.internal.invokers.MethodInvocationHelper.invokeMethod(MethodInvocationHelper.java:141) [org.testng_7.11.0.r202503091654.jar:7.11.0]
	at org.testng.internal.invokers.MethodInvocationHelper.invokeMethodConsideringTimeout(MethodInvocationHelper.java:71) [org.testng_7.11.0.r202503091654.jar:7.11.0]
	at org.testng.internal.invokers.ConfigInvoker.invokeConfigurationMethod(ConfigInvoker.java:400) [org.testng_7.11.0.r202503091654.jar:7.11.0]
	at org.testng.internal.invokers.ConfigInvoker.invokeConfigurations(ConfigInvoker.java:333) [org.testng_7.11.0.r202503091654.jar:7.11.0]
	at org.testng.SuiteRunner.privateRun(SuiteRunner.java:358) [org.testng_7.11.0.r202503091654.jar:7.11.0]
	at org.testng.SuiteRunner.run(SuiteRunner.java:312) [org.testng_7.11.0.r202503091654.jar:7.11.0]
	at org.testng.SuiteRunnerWorker.runSuite(SuiteRunnerWorker.java:52) [org.testng_7.11.0.r202503091654.jar:7.11.0]
	at org.testng.SuiteRunnerWorker.run(SuiteRunnerWorker.java:95) [org.testng_7.11.0.r202503091654.jar:7.11.0]
	at org.testng.TestNG.runSuitesSequentially(TestNG.java:1274) [org.testng_7.11.0.r202503091654.jar:7.11.0]
	at org.testng.TestNG.runSuitesLocally(TestNG.java:1208) [org.testng_7.11.0.r202503091654.jar:7.11.0]
	at org.testng.TestNG.runSuites(TestNG.java:1112) [org.testng_7.11.0.r202503091654.jar:7.11.0]
	at org.testng.TestNG.run(TestNG.java:1079) [org.testng_7.11.0.r202503091654.jar:7.11.0]
	at org.testng.remote.AbstractRemoteTestNG.run(AbstractRemoteTestNG.java:115) [testng-remote.jar:?]
	at org.testng.remote.RemoteTestNG.initAndRun(RemoteTestNG.java:293) [testng-remote.jar:?]
	at org.testng.remote.RemoteTestNG.main(RemoteTestNG.java:91) [testng-remote.jar:?]
Caused by: org.openqa.selenium.SessionNotCreatedException: Unable to create a new remote session. Original error: Connection reset
Build info: version: '3.141.59', revision: 'e82be7d358', time: '2018-11-14T08:17:03'
System info: host: 'VAAZID-KHAN-E42', ip: '192.168.0.118', os.name: 'Windows 11', os.arch: 'amd64', os.version: '10.0', java.version: '23.0.1'
Driver info: driver.version: WindowsDriver
	at io.appium.java_client.remote.AppiumCommandExecutor$1.createSession(AppiumCommandExecutor.java:216) ~[java-client-7.6.0.jar:?]
	at io.appium.java_client.remote.AppiumCommandExecutor.createSession(AppiumCommandExecutor.java:225) ~[java-client-7.6.0.jar:?]
	at io.appium.java_client.remote.AppiumCommandExecutor.execute(AppiumCommandExecutor.java:250) ~[java-client-7.6.0.jar:?]
	at org.openqa.selenium.remote.RemoteWebDriver.execute(RemoteWebDriver.java:552) ~[selenium-remote-driver-3.141.59.jar:?]
	at io.appium.java_client.DefaultGenericMobileDriver.execute(DefaultGenericMobileDriver.java:41) ~[java-client-7.6.0.jar:?]
	at io.appium.java_client.AppiumDriver.execute(AppiumDriver.java:1) ~[java-client-7.6.0.jar:?]
	at io.appium.java_client.windows.WindowsDriver.execute(WindowsDriver.java:1) ~[java-client-7.6.0.jar:?]
	at org.openqa.selenium.remote.RemoteWebDriver.startSession(RemoteWebDriver.java:213) ~[selenium-remote-driver-3.141.59.jar:?]
	at io.appium.java_client.AppiumDriver.startSession(AppiumDriver.java:363) ~[java-client-7.6.0.jar:?]
	at org.openqa.selenium.remote.RemoteWebDriver.<init>(RemoteWebDriver.java:131) ~[selenium-remote-driver-3.141.59.jar:?]
	at io.appium.java_client.DefaultGenericMobileDriver.<init>(DefaultGenericMobileDriver.java:37) ~[java-client-7.6.0.jar:?]
	at io.appium.java_client.AppiumDriver.<init>(AppiumDriver.java:89) ~[java-client-7.6.0.jar:?]
	at io.appium.java_client.AppiumDriver.<init>(AppiumDriver.java:99) ~[java-client-7.6.0.jar:?]
	at io.appium.java_client.windows.WindowsDriver.<init>(WindowsDriver.java:43) ~[java-client-7.6.0.jar:?]
	at winAppDriverComponents.BaseTest.initializeDriver(BaseTest.java:160) ~[test-classes/:?]
	... 19 more
Caused by: java.lang.reflect.InvocationTargetException
	at jdk.internal.reflect.DirectMethodHandleAccessor.invoke(DirectMethodHandleAccessor.java:118) ~[?:?]
	at java.lang.reflect.Method.invoke(Method.java:580) ~[?:?]
	at io.appium.java_client.remote.AppiumCommandExecutor$1.createSession(AppiumCommandExecutor.java:193) ~[java-client-7.6.0.jar:?]
	at io.appium.java_client.remote.AppiumCommandExecutor.createSession(AppiumCommandExecutor.java:225) ~[java-client-7.6.0.jar:?]
	at io.appium.java_client.remote.AppiumCommandExecutor.execute(AppiumCommandExecutor.java:250) ~[java-client-7.6.0.jar:?]
	at org.openqa.selenium.remote.RemoteWebDriver.execute(RemoteWebDriver.java:552) ~[selenium-remote-driver-3.141.59.jar:?]
	at io.appium.java_client.DefaultGenericMobileDriver.execute(DefaultGenericMobileDriver.java:41) ~[java-client-7.6.0.jar:?]
	at io.appium.java_client.AppiumDriver.execute(AppiumDriver.java:1) ~[java-client-7.6.0.jar:?]
	at io.appium.java_client.windows.WindowsDriver.execute(WindowsDriver.java:1) ~[java-client-7.6.0.jar:?]
	at org.openqa.selenium.remote.RemoteWebDriver.startSession(RemoteWebDriver.java:213) ~[selenium-remote-driver-3.141.59.jar:?]
	at io.appium.java_client.AppiumDriver.startSession(AppiumDriver.java:363) ~[java-client-7.6.0.jar:?]
	at org.openqa.selenium.remote.RemoteWebDriver.<init>(RemoteWebDriver.java:131) ~[selenium-remote-driver-3.141.59.jar:?]
	at io.appium.java_client.DefaultGenericMobileDriver.<init>(DefaultGenericMobileDriver.java:37) ~[java-client-7.6.0.jar:?]
	at io.appium.java_client.AppiumDriver.<init>(AppiumDriver.java:89) ~[java-client-7.6.0.jar:?]
	at io.appium.java_client.AppiumDriver.<init>(AppiumDriver.java:99) ~[java-client-7.6.0.jar:?]
	at io.appium.java_client.windows.WindowsDriver.<init>(WindowsDriver.java:43) ~[java-client-7.6.0.jar:?]
	at winAppDriverComponents.BaseTest.initializeDriver(BaseTest.java:160) ~[test-classes/:?]
	... 19 more
Caused by: java.net.SocketException: Connection reset
	at sun.nio.ch.NioSocketImpl.implRead(NioSocketImpl.java:318) ~[?:?]
	at sun.nio.ch.NioSocketImpl.read(NioSocketImpl.java:346) ~[?:?]
	at sun.nio.ch.NioSocketImpl$1.read(NioSocketImpl.java:796) ~[?:?]
	at java.net.Socket$SocketInputStream.implRead(Socket.java:1116) ~[?:?]
	at java.net.Socket$SocketInputStream.read(Socket.java:1103) ~[?:?]
	at okio.Okio$2.read(Okio.java:140) ~[okio-1.14.0.jar:?]
	at okio.AsyncTimeout$2.read(AsyncTimeout.java:237) ~[okio-1.14.0.jar:?]
	at okio.RealBufferedSource.indexOf(RealBufferedSource.java:355) ~[okio-1.14.0.jar:?]
	at okio.RealBufferedSource.readUtf8LineStrict(RealBufferedSource.java:227) ~[okio-1.14.0.jar:?]
	at okhttp3.internal.http1.Http1Codec.readHeaderLine(Http1Codec.java:215) ~[okhttp-3.11.0.jar:?]
	at okhttp3.internal.http1.Http1Codec.readResponseHeaders(Http1Codec.java:189) ~[okhttp-3.11.0.jar:?]
	at okhttp3.internal.http.CallServerInterceptor.intercept(CallServerInterceptor.java:88) ~[okhttp-3.11.0.jar:?]
	at okhttp3.internal.http.RealInterceptorChain.proceed(RealInterceptorChain.java:147) ~[okhttp-3.11.0.jar:?]
	at okhttp3.internal.http.RealInterceptorChain.proceed(RealInterceptorChain.java:121) ~[okhttp-3.11.0.jar:?]
	at org.openqa.selenium.remote.internal.OkHttpClient$Factory$1.lambda$createClient$1(OkHttpClient.java:152) ~[selenium-remote-driver-3.141.59.jar:?]
	at okhttp3.internal.http.RealInterceptorChain.proceed(RealInterceptorChain.java:147) ~[okhttp-3.11.0.jar:?]
	at okhttp3.internal.connection.ConnectInterceptor.intercept(ConnectInterceptor.java:45) ~[okhttp-3.11.0.jar:?]
	at okhttp3.internal.http.RealInterceptorChain.proceed(RealInterceptorChain.java:147) ~[okhttp-3.11.0.jar:?]
	at okhttp3.internal.http.RealInterceptorChain.proceed(RealInterceptorChain.java:121) ~[okhttp-3.11.0.jar:?]
	at okhttp3.internal.cache.CacheInterceptor.intercept(CacheInterceptor.java:93) ~[okhttp-3.11.0.jar:?]
	at okhttp3.internal.http.RealInterceptorChain.proceed(RealInterceptorChain.java:147) ~[okhttp-3.11.0.jar:?]
	at okhttp3.internal.http.RealInterceptorChain.proceed(RealInterceptorChain.java:121) ~[okhttp-3.11.0.jar:?]
	at okhttp3.internal.http.BridgeInterceptor.intercept(BridgeInterceptor.java:93) ~[okhttp-3.11.0.jar:?]
	at okhttp3.internal.http.RealInterceptorChain.proceed(RealInterceptorChain.java:147) ~[okhttp-3.11.0.jar:?]
	at okhttp3.internal.http.RetryAndFollowUpInterceptor.intercept(RetryAndFollowUpInterceptor.java:126) ~[okhttp-3.11.0.jar:?]
	at okhttp3.internal.http.RealInterceptorChain.proceed(RealInterceptorChain.java:147) ~[okhttp-3.11.0.jar:?]
	at okhttp3.internal.http.RealInterceptorChain.proceed(RealInterceptorChain.java:121) ~[okhttp-3.11.0.jar:?]
	at okhttp3.RealCall.getResponseWithInterceptorChain(RealCall.java:200) ~[okhttp-3.11.0.jar:?]
	at okhttp3.RealCall.execute(RealCall.java:77) ~[okhttp-3.11.0.jar:?]
	at org.openqa.selenium.remote.internal.OkHttpClient.execute(OkHttpClient.java:103) ~[selenium-remote-driver-3.141.59.jar:?]
	at io.appium.java_client.remote.AppiumCommandExecutor.lambda$1(AppiumCommandExecutor.java:162) ~[java-client-7.6.0.jar:?]
	at org.openqa.selenium.remote.ProtocolHandshake.createSession(ProtocolHandshake.java:105) ~[selenium-remote-driver-3.141.59.jar:?]
	at jdk.internal.reflect.DirectMethodHandleAccessor.invoke(DirectMethodHandleAccessor.java:103) ~[?:?]
	at java.lang.reflect.Method.invoke(Method.java:580) ~[?:?]
	at io.appium.java_client.remote.AppiumCommandExecutor$1.createSession(AppiumCommandExecutor.java:193) ~[java-client-7.6.0.jar:?]
	at io.appium.java_client.remote.AppiumCommandExecutor.createSession(AppiumCommandExecutor.java:225) ~[java-client-7.6.0.jar:?]
	at io.appium.java_client.remote.AppiumCommandExecutor.execute(AppiumCommandExecutor.java:250) ~[java-client-7.6.0.jar:?]
	at org.openqa.selenium.remote.RemoteWebDriver.execute(RemoteWebDriver.java:552) ~[selenium-remote-driver-3.141.59.jar:?]
	at io.appium.java_client.DefaultGenericMobileDriver.execute(DefaultGenericMobileDriver.java:41) ~[java-client-7.6.0.jar:?]
	at io.appium.java_client.AppiumDriver.execute(AppiumDriver.java:1) ~[java-client-7.6.0.jar:?]
	at io.appium.java_client.windows.WindowsDriver.execute(WindowsDriver.java:1) ~[java-client-7.6.0.jar:?]
	at org.openqa.selenium.remote.RemoteWebDriver.startSession(RemoteWebDriver.java:213) ~[selenium-remote-driver-3.141.59.jar:?]
	at io.appium.java_client.AppiumDriver.startSession(AppiumDriver.java:363) ~[java-client-7.6.0.jar:?]
	at org.openqa.selenium.remote.RemoteWebDriver.<init>(RemoteWebDriver.java:131) ~[selenium-remote-driver-3.141.59.jar:?]
	at io.appium.java_client.DefaultGenericMobileDriver.<init>(DefaultGenericMobileDriver.java:37) ~[java-client-7.6.0.jar:?]
	at io.appium.java_client.AppiumDriver.<init>(AppiumDriver.java:89) ~[java-client-7.6.0.jar:?]
	at io.appium.java_client.AppiumDriver.<init>(AppiumDriver.java:99) ~[java-client-7.6.0.jar:?]
	at io.appium.java_client.windows.WindowsDriver.<init>(WindowsDriver.java:43) ~[java-client-7.6.0.jar:?]
	at winAppDriverComponents.BaseTest.initializeDriver(BaseTest.java:160) ~[test-classes/:?]
	... 19 more
2025-06-19 11:09:58.186 [main] INFO  reusableComponents.ConfigReader - Loaded config.properties from file system: config/config.properties
2025-06-19 11:09:58.191 [main] INFO  reusableComponents.ConfigReader - Loaded strings.xml from classpath: strings/strings.xml
2025-06-19 11:09:58.246 [main] INFO  winAppDriverComponents.BaseTest - Logs directory ready: resources/logs/
2025-06-19 11:09:58.340 [main] INFO  winAppDriverComponents.BaseTest - Killed all WinAppDriver processes
2025-06-19 11:09:58.343 [main] INFO  winAppDriverComponents.BaseTest - WinAppDriver started at http://127.0.0.1:4723
2025-06-19 11:10:10.417 [main] INFO  winAppDriverComponents.BaseTest - WindowsDriver session started for app: C:\Program Files (x86)\JustBilling\JustBilling\POS.exe
2025-06-19 11:10:10.417 [main] INFO  winAppDriverComponents.BaseTest - Test setup complete: Application opened
2025-06-19 11:10:10.510 [main] INFO  wpf.pages.LoginPage - Window handles count: 1
2025-06-19 11:16:19.739 [main] INFO  reusableComponents.ConfigReader - Loaded config.properties from file system: config/config.properties
2025-06-19 11:16:19.745 [main] INFO  reusableComponents.ConfigReader - Loaded strings.xml from classpath: strings/strings.xml
2025-06-19 11:16:19.816 [main] INFO  winAppDriverComponents.BaseTest - Logs directory ready: resources/logs/
2025-06-19 11:16:19.917 [main] INFO  winAppDriverComponents.BaseTest - Killed all WinAppDriver processes
2025-06-19 11:16:19.921 [main] INFO  winAppDriverComponents.BaseTest - WinAppDriver started at http://127.0.0.1:4723
2025-06-19 11:16:19.959 [main] WARN  wpf.pages.LoginPage - Failed to switch to main window: Connection refused: getsockopt
Build info: version: '3.141.59', revision: 'e82be7d358', time: '2018-11-14T08:17:03'
System info: host: 'VAAZID-KHAN-E42', ip: '192.168.0.118', os.name: 'Windows 11', os.arch: 'amd64', os.version: '10.0', java.version: '23.0.1'
Driver info: driver.version: RemoteWebDriver
2025-06-19 11:16:20.208 [main] ERROR winAppDriverComponents.BaseTest - Failed to attach WindowsDriver using appTopLevelWindow
org.openqa.selenium.WebDriverException: Connection refused: getsockopt
Build info: version: '3.141.59', revision: 'e82be7d358', time: '2018-11-14T08:17:03'
System info: host: 'VAAZID-KHAN-E42', ip: '192.168.0.118', os.name: 'Windows 11', os.arch: 'amd64', os.version: '10.0', java.version: '23.0.1'
Driver info: driver.version: WindowsDriver
	at io.appium.java_client.remote.AppiumCommandExecutor.lambda$6(AppiumCommandExecutor.java:262) ~[java-client-7.6.0.jar:?]
	at java.util.Optional.orElseGet(Optional.java:364) ~[?:?]
	at io.appium.java_client.remote.AppiumCommandExecutor.execute(AppiumCommandExecutor.java:261) ~[java-client-7.6.0.jar:?]
	at org.openqa.selenium.remote.RemoteWebDriver.execute(RemoteWebDriver.java:552) ~[selenium-remote-driver-3.141.59.jar:?]
	at io.appium.java_client.DefaultGenericMobileDriver.execute(DefaultGenericMobileDriver.java:41) ~[java-client-7.6.0.jar:?]
	at io.appium.java_client.AppiumDriver.execute(AppiumDriver.java:1) ~[java-client-7.6.0.jar:?]
	at io.appium.java_client.windows.WindowsDriver.execute(WindowsDriver.java:1) ~[java-client-7.6.0.jar:?]
	at org.openqa.selenium.remote.RemoteWebDriver.startSession(RemoteWebDriver.java:213) ~[selenium-remote-driver-3.141.59.jar:?]
	at io.appium.java_client.AppiumDriver.startSession(AppiumDriver.java:363) ~[java-client-7.6.0.jar:?]
	at org.openqa.selenium.remote.RemoteWebDriver.<init>(RemoteWebDriver.java:131) ~[selenium-remote-driver-3.141.59.jar:?]
	at io.appium.java_client.DefaultGenericMobileDriver.<init>(DefaultGenericMobileDriver.java:37) ~[java-client-7.6.0.jar:?]
	at io.appium.java_client.AppiumDriver.<init>(AppiumDriver.java:89) ~[java-client-7.6.0.jar:?]
	at io.appium.java_client.AppiumDriver.<init>(AppiumDriver.java:99) ~[java-client-7.6.0.jar:?]
	at io.appium.java_client.windows.WindowsDriver.<init>(WindowsDriver.java:43) ~[java-client-7.6.0.jar:?]
	at winAppDriverComponents.BaseTest.initializeDriver(BaseTest.java:87) [test-classes/:?]
	at winAppDriverComponents.BaseTest.startWinAppDriver(BaseTest.java:74) [test-classes/:?]
	at winAppDriverComponents.BaseTest.setUp(BaseTest.java:26) [test-classes/:?]
	at jdk.internal.reflect.DirectMethodHandleAccessor.invoke(DirectMethodHandleAccessor.java:103) ~[?:?]
	at java.lang.reflect.Method.invoke(Method.java:580) ~[?:?]
	at org.testng.internal.invokers.MethodInvocationHelper.invokeMethod(MethodInvocationHelper.java:141) [org.testng_7.11.0.r202503091654.jar:7.11.0]
	at org.testng.internal.invokers.MethodInvocationHelper.invokeMethodConsideringTimeout(MethodInvocationHelper.java:71) [org.testng_7.11.0.r202503091654.jar:7.11.0]
	at org.testng.internal.invokers.ConfigInvoker.invokeConfigurationMethod(ConfigInvoker.java:400) [org.testng_7.11.0.r202503091654.jar:7.11.0]
	at org.testng.internal.invokers.ConfigInvoker.invokeConfigurations(ConfigInvoker.java:333) [org.testng_7.11.0.r202503091654.jar:7.11.0]
	at org.testng.SuiteRunner.privateRun(SuiteRunner.java:358) [org.testng_7.11.0.r202503091654.jar:7.11.0]
	at org.testng.SuiteRunner.run(SuiteRunner.java:312) [org.testng_7.11.0.r202503091654.jar:7.11.0]
	at org.testng.SuiteRunnerWorker.runSuite(SuiteRunnerWorker.java:52) [org.testng_7.11.0.r202503091654.jar:7.11.0]
	at org.testng.SuiteRunnerWorker.run(SuiteRunnerWorker.java:95) [org.testng_7.11.0.r202503091654.jar:7.11.0]
	at org.testng.TestNG.runSuitesSequentially(TestNG.java:1274) [org.testng_7.11.0.r202503091654.jar:7.11.0]
	at org.testng.TestNG.runSuitesLocally(TestNG.java:1208) [org.testng_7.11.0.r202503091654.jar:7.11.0]
	at org.testng.TestNG.runSuites(TestNG.java:1112) [org.testng_7.11.0.r202503091654.jar:7.11.0]
	at org.testng.TestNG.run(TestNG.java:1079) [org.testng_7.11.0.r202503091654.jar:7.11.0]
	at org.testng.remote.AbstractRemoteTestNG.run(AbstractRemoteTestNG.java:115) [testng-remote.jar:?]
	at org.testng.remote.RemoteTestNG.initAndRun(RemoteTestNG.java:293) [testng-remote.jar:?]
	at org.testng.remote.RemoteTestNG.main(RemoteTestNG.java:91) [testng-remote.jar:?]
Caused by: java.net.ConnectException: Connection refused: getsockopt
	at sun.nio.ch.Net.pollConnect(Native Method) ~[?:?]
	at sun.nio.ch.Net.pollConnectNow(Net.java:682) ~[?:?]
	at sun.nio.ch.NioSocketImpl.timedFinishConnect(NioSocketImpl.java:542) ~[?:?]
	at sun.nio.ch.NioSocketImpl.connect(NioSocketImpl.java:592) ~[?:?]
	at java.net.SocksSocketImpl.connect(SocksSocketImpl.java:327) ~[?:?]
	at java.net.Socket.connect(Socket.java:760) ~[?:?]
	at okhttp3.internal.platform.Platform.connectSocket(Platform.java:129) ~[okhttp-3.11.0.jar:?]
	at okhttp3.internal.connection.RealConnection.connectSocket(RealConnection.java:245) ~[okhttp-3.11.0.jar:?]
	at okhttp3.internal.connection.RealConnection.connect(RealConnection.java:165) ~[okhttp-3.11.0.jar:?]
	at okhttp3.internal.connection.StreamAllocation.findConnection(StreamAllocation.java:257) ~[okhttp-3.11.0.jar:?]
	at okhttp3.internal.connection.StreamAllocation.findHealthyConnection(StreamAllocation.java:135) ~[okhttp-3.11.0.jar:?]
	at okhttp3.internal.connection.StreamAllocation.newStream(StreamAllocation.java:114) ~[okhttp-3.11.0.jar:?]
	at okhttp3.internal.connection.ConnectInterceptor.intercept(ConnectInterceptor.java:42) ~[okhttp-3.11.0.jar:?]
	at okhttp3.internal.http.RealInterceptorChain.proceed(RealInterceptorChain.java:147) ~[okhttp-3.11.0.jar:?]
	at okhttp3.internal.http.RealInterceptorChain.proceed(RealInterceptorChain.java:121) ~[okhttp-3.11.0.jar:?]
	at okhttp3.internal.cache.CacheInterceptor.intercept(CacheInterceptor.java:93) ~[okhttp-3.11.0.jar:?]
	at okhttp3.internal.http.RealInterceptorChain.proceed(RealInterceptorChain.java:147) ~[okhttp-3.11.0.jar:?]
	at okhttp3.internal.http.RealInterceptorChain.proceed(RealInterceptorChain.java:121) ~[okhttp-3.11.0.jar:?]
	at okhttp3.internal.http.BridgeInterceptor.intercept(BridgeInterceptor.java:93) ~[okhttp-3.11.0.jar:?]
	at okhttp3.internal.http.RealInterceptorChain.proceed(RealInterceptorChain.java:147) ~[okhttp-3.11.0.jar:?]
	at okhttp3.internal.http.RetryAndFollowUpInterceptor.intercept(RetryAndFollowUpInterceptor.java:126) ~[okhttp-3.11.0.jar:?]
	at okhttp3.internal.http.RealInterceptorChain.proceed(RealInterceptorChain.java:147) ~[okhttp-3.11.0.jar:?]
	at okhttp3.internal.http.RealInterceptorChain.proceed(RealInterceptorChain.java:121) ~[okhttp-3.11.0.jar:?]
	at okhttp3.RealCall.getResponseWithInterceptorChain(RealCall.java:200) ~[okhttp-3.11.0.jar:?]
	at okhttp3.RealCall.execute(RealCall.java:77) ~[okhttp-3.11.0.jar:?]
	at org.openqa.selenium.remote.internal.OkHttpClient.execute(OkHttpClient.java:103) ~[selenium-remote-driver-3.141.59.jar:?]
	at io.appium.java_client.remote.AppiumCommandExecutor.lambda$1(AppiumCommandExecutor.java:162) ~[java-client-7.6.0.jar:?]
	at org.openqa.selenium.remote.ProtocolHandshake.createSession(ProtocolHandshake.java:105) ~[selenium-remote-driver-3.141.59.jar:?]
	at jdk.internal.reflect.DirectMethodHandleAccessor.invoke(DirectMethodHandleAccessor.java:103) ~[?:?]
	at java.lang.reflect.Method.invoke(Method.java:580) ~[?:?]
	at io.appium.java_client.remote.AppiumCommandExecutor$1.createSession(AppiumCommandExecutor.java:193) ~[java-client-7.6.0.jar:?]
	at io.appium.java_client.remote.AppiumCommandExecutor.createSession(AppiumCommandExecutor.java:225) ~[java-client-7.6.0.jar:?]
	at io.appium.java_client.remote.AppiumCommandExecutor.execute(AppiumCommandExecutor.java:250) ~[java-client-7.6.0.jar:?]
	... 31 more
2025-06-19 11:16:20.215 [main] ERROR winAppDriverComponents.BaseTest - Failed to set up test
java.lang.RuntimeException: Failed to attach WindowsDriver
	at winAppDriverComponents.BaseTest.initializeDriver(BaseTest.java:108) ~[test-classes/:?]
	at winAppDriverComponents.BaseTest.startWinAppDriver(BaseTest.java:74) ~[test-classes/:?]
	at winAppDriverComponents.BaseTest.setUp(BaseTest.java:26) [test-classes/:?]
	at jdk.internal.reflect.DirectMethodHandleAccessor.invoke(DirectMethodHandleAccessor.java:103) ~[?:?]
	at java.lang.reflect.Method.invoke(Method.java:580) ~[?:?]
	at org.testng.internal.invokers.MethodInvocationHelper.invokeMethod(MethodInvocationHelper.java:141) [org.testng_7.11.0.r202503091654.jar:7.11.0]
	at org.testng.internal.invokers.MethodInvocationHelper.invokeMethodConsideringTimeout(MethodInvocationHelper.java:71) [org.testng_7.11.0.r202503091654.jar:7.11.0]
	at org.testng.internal.invokers.ConfigInvoker.invokeConfigurationMethod(ConfigInvoker.java:400) [org.testng_7.11.0.r202503091654.jar:7.11.0]
	at org.testng.internal.invokers.ConfigInvoker.invokeConfigurations(ConfigInvoker.java:333) [org.testng_7.11.0.r202503091654.jar:7.11.0]
	at org.testng.SuiteRunner.privateRun(SuiteRunner.java:358) [org.testng_7.11.0.r202503091654.jar:7.11.0]
	at org.testng.SuiteRunner.run(SuiteRunner.java:312) [org.testng_7.11.0.r202503091654.jar:7.11.0]
	at org.testng.SuiteRunnerWorker.runSuite(SuiteRunnerWorker.java:52) [org.testng_7.11.0.r202503091654.jar:7.11.0]
	at org.testng.SuiteRunnerWorker.run(SuiteRunnerWorker.java:95) [org.testng_7.11.0.r202503091654.jar:7.11.0]
	at org.testng.TestNG.runSuitesSequentially(TestNG.java:1274) [org.testng_7.11.0.r202503091654.jar:7.11.0]
	at org.testng.TestNG.runSuitesLocally(TestNG.java:1208) [org.testng_7.11.0.r202503091654.jar:7.11.0]
	at org.testng.TestNG.runSuites(TestNG.java:1112) [org.testng_7.11.0.r202503091654.jar:7.11.0]
	at org.testng.TestNG.run(TestNG.java:1079) [org.testng_7.11.0.r202503091654.jar:7.11.0]
	at org.testng.remote.AbstractRemoteTestNG.run(AbstractRemoteTestNG.java:115) [testng-remote.jar:?]
	at org.testng.remote.RemoteTestNG.initAndRun(RemoteTestNG.java:293) [testng-remote.jar:?]
	at org.testng.remote.RemoteTestNG.main(RemoteTestNG.java:91) [testng-remote.jar:?]
Caused by: org.openqa.selenium.WebDriverException: Connection refused: getsockopt
Build info: version: '3.141.59', revision: 'e82be7d358', time: '2018-11-14T08:17:03'
System info: host: 'VAAZID-KHAN-E42', ip: '192.168.0.118', os.name: 'Windows 11', os.arch: 'amd64', os.version: '10.0', java.version: '23.0.1'
Driver info: driver.version: WindowsDriver
	at io.appium.java_client.remote.AppiumCommandExecutor.lambda$6(AppiumCommandExecutor.java:262) ~[java-client-7.6.0.jar:?]
	at java.util.Optional.orElseGet(Optional.java:364) ~[?:?]
	at io.appium.java_client.remote.AppiumCommandExecutor.execute(AppiumCommandExecutor.java:261) ~[java-client-7.6.0.jar:?]
	at org.openqa.selenium.remote.RemoteWebDriver.execute(RemoteWebDriver.java:552) ~[selenium-remote-driver-3.141.59.jar:?]
	at io.appium.java_client.DefaultGenericMobileDriver.execute(DefaultGenericMobileDriver.java:41) ~[java-client-7.6.0.jar:?]
	at io.appium.java_client.AppiumDriver.execute(AppiumDriver.java:1) ~[java-client-7.6.0.jar:?]
	at io.appium.java_client.windows.WindowsDriver.execute(WindowsDriver.java:1) ~[java-client-7.6.0.jar:?]
	at org.openqa.selenium.remote.RemoteWebDriver.startSession(RemoteWebDriver.java:213) ~[selenium-remote-driver-3.141.59.jar:?]
	at io.appium.java_client.AppiumDriver.startSession(AppiumDriver.java:363) ~[java-client-7.6.0.jar:?]
	at org.openqa.selenium.remote.RemoteWebDriver.<init>(RemoteWebDriver.java:131) ~[selenium-remote-driver-3.141.59.jar:?]
	at io.appium.java_client.DefaultGenericMobileDriver.<init>(DefaultGenericMobileDriver.java:37) ~[java-client-7.6.0.jar:?]
	at io.appium.java_client.AppiumDriver.<init>(AppiumDriver.java:89) ~[java-client-7.6.0.jar:?]
	at io.appium.java_client.AppiumDriver.<init>(AppiumDriver.java:99) ~[java-client-7.6.0.jar:?]
	at io.appium.java_client.windows.WindowsDriver.<init>(WindowsDriver.java:43) ~[java-client-7.6.0.jar:?]
	at winAppDriverComponents.BaseTest.initializeDriver(BaseTest.java:87) ~[test-classes/:?]
	... 19 more
Caused by: java.net.ConnectException: Connection refused: getsockopt
	at sun.nio.ch.Net.pollConnect(Native Method) ~[?:?]
	at sun.nio.ch.Net.pollConnectNow(Net.java:682) ~[?:?]
	at sun.nio.ch.NioSocketImpl.timedFinishConnect(NioSocketImpl.java:542) ~[?:?]
	at sun.nio.ch.NioSocketImpl.connect(NioSocketImpl.java:592) ~[?:?]
	at java.net.SocksSocketImpl.connect(SocksSocketImpl.java:327) ~[?:?]
	at java.net.Socket.connect(Socket.java:760) ~[?:?]
	at okhttp3.internal.platform.Platform.connectSocket(Platform.java:129) ~[okhttp-3.11.0.jar:?]
	at okhttp3.internal.connection.RealConnection.connectSocket(RealConnection.java:245) ~[okhttp-3.11.0.jar:?]
	at okhttp3.internal.connection.RealConnection.connect(RealConnection.java:165) ~[okhttp-3.11.0.jar:?]
	at okhttp3.internal.connection.StreamAllocation.findConnection(StreamAllocation.java:257) ~[okhttp-3.11.0.jar:?]
	at okhttp3.internal.connection.StreamAllocation.findHealthyConnection(StreamAllocation.java:135) ~[okhttp-3.11.0.jar:?]
	at okhttp3.internal.connection.StreamAllocation.newStream(StreamAllocation.java:114) ~[okhttp-3.11.0.jar:?]
	at okhttp3.internal.connection.ConnectInterceptor.intercept(ConnectInterceptor.java:42) ~[okhttp-3.11.0.jar:?]
	at okhttp3.internal.http.RealInterceptorChain.proceed(RealInterceptorChain.java:147) ~[okhttp-3.11.0.jar:?]
	at okhttp3.internal.http.RealInterceptorChain.proceed(RealInterceptorChain.java:121) ~[okhttp-3.11.0.jar:?]
	at okhttp3.internal.cache.CacheInterceptor.intercept(CacheInterceptor.java:93) ~[okhttp-3.11.0.jar:?]
	at okhttp3.internal.http.RealInterceptorChain.proceed(RealInterceptorChain.java:147) ~[okhttp-3.11.0.jar:?]
	at okhttp3.internal.http.RealInterceptorChain.proceed(RealInterceptorChain.java:121) ~[okhttp-3.11.0.jar:?]
	at okhttp3.internal.http.BridgeInterceptor.intercept(BridgeInterceptor.java:93) ~[okhttp-3.11.0.jar:?]
	at okhttp3.internal.http.RealInterceptorChain.proceed(RealInterceptorChain.java:147) ~[okhttp-3.11.0.jar:?]
	at okhttp3.internal.http.RetryAndFollowUpInterceptor.intercept(RetryAndFollowUpInterceptor.java:126) ~[okhttp-3.11.0.jar:?]
	at okhttp3.internal.http.RealInterceptorChain.proceed(RealInterceptorChain.java:147) ~[okhttp-3.11.0.jar:?]
	at okhttp3.internal.http.RealInterceptorChain.proceed(RealInterceptorChain.java:121) ~[okhttp-3.11.0.jar:?]
	at okhttp3.RealCall.getResponseWithInterceptorChain(RealCall.java:200) ~[okhttp-3.11.0.jar:?]
	at okhttp3.RealCall.execute(RealCall.java:77) ~[okhttp-3.11.0.jar:?]
	at org.openqa.selenium.remote.internal.OkHttpClient.execute(OkHttpClient.java:103) ~[selenium-remote-driver-3.141.59.jar:?]
	at io.appium.java_client.remote.AppiumCommandExecutor.lambda$1(AppiumCommandExecutor.java:162) ~[java-client-7.6.0.jar:?]
	at org.openqa.selenium.remote.ProtocolHandshake.createSession(ProtocolHandshake.java:105) ~[selenium-remote-driver-3.141.59.jar:?]
	at jdk.internal.reflect.DirectMethodHandleAccessor.invoke(DirectMethodHandleAccessor.java:103) ~[?:?]
	at java.lang.reflect.Method.invoke(Method.java:580) ~[?:?]
	at io.appium.java_client.remote.AppiumCommandExecutor$1.createSession(AppiumCommandExecutor.java:193) ~[java-client-7.6.0.jar:?]
	at io.appium.java_client.remote.AppiumCommandExecutor.createSession(AppiumCommandExecutor.java:225) ~[java-client-7.6.0.jar:?]
	at io.appium.java_client.remote.AppiumCommandExecutor.execute(AppiumCommandExecutor.java:250) ~[java-client-7.6.0.jar:?]
	at org.openqa.selenium.remote.RemoteWebDriver.execute(RemoteWebDriver.java:552) ~[selenium-remote-driver-3.141.59.jar:?]
	at io.appium.java_client.DefaultGenericMobileDriver.execute(DefaultGenericMobileDriver.java:41) ~[java-client-7.6.0.jar:?]
	at io.appium.java_client.AppiumDriver.execute(AppiumDriver.java:1) ~[java-client-7.6.0.jar:?]
	at io.appium.java_client.windows.WindowsDriver.execute(WindowsDriver.java:1) ~[java-client-7.6.0.jar:?]
	at org.openqa.selenium.remote.RemoteWebDriver.startSession(RemoteWebDriver.java:213) ~[selenium-remote-driver-3.141.59.jar:?]
	at io.appium.java_client.AppiumDriver.startSession(AppiumDriver.java:363) ~[java-client-7.6.0.jar:?]
	at org.openqa.selenium.remote.RemoteWebDriver.<init>(RemoteWebDriver.java:131) ~[selenium-remote-driver-3.141.59.jar:?]
	at io.appium.java_client.DefaultGenericMobileDriver.<init>(DefaultGenericMobileDriver.java:37) ~[java-client-7.6.0.jar:?]
	at io.appium.java_client.AppiumDriver.<init>(AppiumDriver.java:89) ~[java-client-7.6.0.jar:?]
	at io.appium.java_client.AppiumDriver.<init>(AppiumDriver.java:99) ~[java-client-7.6.0.jar:?]
	at io.appium.java_client.windows.WindowsDriver.<init>(WindowsDriver.java:43) ~[java-client-7.6.0.jar:?]
	at winAppDriverComponents.BaseTest.initializeDriver(BaseTest.java:87) ~[test-classes/:?]
	... 19 more
2025-06-19 11:16:20.967 [main] INFO  wpf.pages.LoginPage - Attempt 1: Checking for Edit and Button fields...
2025-06-19 11:16:20.969 [main] ERROR wpf.pages.LoginPage - Element initialization failed
org.openqa.selenium.WebDriverException: Connection refused: getsockopt
Build info: version: '3.141.59', revision: 'e82be7d358', time: '2018-11-14T08:17:03'
System info: host: 'VAAZID-KHAN-E42', ip: '192.168.0.118', os.name: 'Windows 11', os.arch: 'amd64', os.version: '10.0', java.version: '23.0.1'
Driver info: driver.version: AppiumDriver
	at io.appium.java_client.remote.AppiumCommandExecutor.lambda$6(AppiumCommandExecutor.java:262) ~[java-client-7.6.0.jar:?]
	at java.util.Optional.orElseGet(Optional.java:364) ~[?:?]
	at io.appium.java_client.remote.AppiumCommandExecutor.execute(AppiumCommandExecutor.java:261) ~[java-client-7.6.0.jar:?]
	at org.openqa.selenium.remote.RemoteWebDriver.execute(RemoteWebDriver.java:552) ~[selenium-remote-driver-3.141.59.jar:?]
	at io.appium.java_client.DefaultGenericMobileDriver.execute(DefaultGenericMobileDriver.java:41) ~[java-client-7.6.0.jar:?]
	at io.appium.java_client.AppiumDriver.execute(AppiumDriver.java:1) ~[java-client-7.6.0.jar:?]
	at io.appium.java_client.windows.WindowsDriver.execute(WindowsDriver.java:1) ~[java-client-7.6.0.jar:?]
	at org.openqa.selenium.remote.RemoteWebDriver.findElements(RemoteWebDriver.java:353) ~[selenium-remote-driver-3.141.59.jar:?]
	at io.appium.java_client.DefaultGenericMobileDriver.findElements(DefaultGenericMobileDriver.java:53) ~[java-client-7.6.0.jar:?]
	at io.appium.java_client.AppiumDriver.findElements(AppiumDriver.java:179) ~[java-client-7.6.0.jar:?]
	at org.openqa.selenium.remote.RemoteWebDriver.findElementsByClassName(RemoteWebDriver.java:416) ~[selenium-remote-driver-3.141.59.jar:?]
	at io.appium.java_client.DefaultGenericMobileDriver.findElementsByClassName(DefaultGenericMobileDriver.java:129) ~[java-client-7.6.0.jar:?]
	at io.appium.java_client.AppiumDriver.findElementsByClassName(AppiumDriver.java:204) ~[java-client-7.6.0.jar:?]
	at org.openqa.selenium.By$ByClassName.findElements(By.java:380) ~[selenium-api-3.141.59.jar:?]
	at org.openqa.selenium.remote.RemoteWebDriver.findElements(RemoteWebDriver.java:311) ~[selenium-remote-driver-3.141.59.jar:?]
	at io.appium.java_client.DefaultGenericMobileDriver.findElements(DefaultGenericMobileDriver.java:49) ~[java-client-7.6.0.jar:?]
	at io.appium.java_client.AppiumDriver.findElements(AppiumDriver.java:174) ~[java-client-7.6.0.jar:?]
	at wpf.pages.LoginPage.<init>(LoginPage.java:38) ~[test-classes/:?]
	at wpf.test.OpenAppTest.signInApplication(OpenAppTest.java:72) ~[test-classes/:?]
	at jdk.internal.reflect.DirectMethodHandleAccessor.invoke(DirectMethodHandleAccessor.java:103) ~[?:?]
	at java.lang.reflect.Method.invoke(Method.java:580) ~[?:?]
	at org.testng.internal.invokers.MethodInvocationHelper.invokeMethod(MethodInvocationHelper.java:141) ~[org.testng_7.11.0.r202503091654.jar:7.11.0]
	at org.testng.internal.invokers.TestInvoker.invokeMethod(TestInvoker.java:687) ~[org.testng_7.11.0.r202503091654.jar:7.11.0]
	at org.testng.internal.invokers.TestInvoker.invokeTestMethod(TestInvoker.java:230) ~[org.testng_7.11.0.r202503091654.jar:7.11.0]
	at org.testng.internal.invokers.MethodRunner.runInSequence(MethodRunner.java:63) ~[org.testng_7.11.0.r202503091654.jar:7.11.0]
	at org.testng.internal.invokers.TestInvoker$MethodInvocationAgent.invoke(TestInvoker.java:995) ~[org.testng_7.11.0.r202503091654.jar:7.11.0]
	at org.testng.internal.invokers.TestInvoker.invokeTestMethods(TestInvoker.java:203) ~[org.testng_7.11.0.r202503091654.jar:7.11.0]
	at org.testng.internal.invokers.TestMethodWorker.invokeTestMethods(TestMethodWorker.java:154) ~[org.testng_7.11.0.r202503091654.jar:7.11.0]
	at org.testng.internal.invokers.TestMethodWorker.run(TestMethodWorker.java:134) ~[org.testng_7.11.0.r202503091654.jar:7.11.0]
	at java.util.ArrayList.forEach(ArrayList.java:1597) [?:?]
	at org.testng.TestRunner.privateRun(TestRunner.java:741) [org.testng_7.11.0.r202503091654.jar:7.11.0]
	at org.testng.TestRunner.run(TestRunner.java:616) [org.testng_7.11.0.r202503091654.jar:7.11.0]
	at org.testng.SuiteRunner.runTest(SuiteRunner.java:421) [org.testng_7.11.0.r202503091654.jar:7.11.0]
	at org.testng.SuiteRunner.runSequentially(SuiteRunner.java:413) [org.testng_7.11.0.r202503091654.jar:7.11.0]
	at org.testng.SuiteRunner.privateRun(SuiteRunner.java:373) [org.testng_7.11.0.r202503091654.jar:7.11.0]
	at org.testng.SuiteRunner.run(SuiteRunner.java:312) [org.testng_7.11.0.r202503091654.jar:7.11.0]
	at org.testng.SuiteRunnerWorker.runSuite(SuiteRunnerWorker.java:52) [org.testng_7.11.0.r202503091654.jar:7.11.0]
	at org.testng.SuiteRunnerWorker.run(SuiteRunnerWorker.java:95) [org.testng_7.11.0.r202503091654.jar:7.11.0]
	at org.testng.TestNG.runSuitesSequentially(TestNG.java:1274) [org.testng_7.11.0.r202503091654.jar:7.11.0]
	at org.testng.TestNG.runSuitesLocally(TestNG.java:1208) [org.testng_7.11.0.r202503091654.jar:7.11.0]
	at org.testng.TestNG.runSuites(TestNG.java:1112) [org.testng_7.11.0.r202503091654.jar:7.11.0]
	at org.testng.TestNG.run(TestNG.java:1079) [org.testng_7.11.0.r202503091654.jar:7.11.0]
	at org.testng.remote.AbstractRemoteTestNG.run(AbstractRemoteTestNG.java:115) [testng-remote.jar:?]
	at org.testng.remote.RemoteTestNG.initAndRun(RemoteTestNG.java:293) [testng-remote.jar:?]
	at org.testng.remote.RemoteTestNG.main(RemoteTestNG.java:91) [testng-remote.jar:?]
Caused by: java.net.ConnectException: Connection refused: getsockopt
	at sun.nio.ch.Net.pollConnect(Native Method) ~[?:?]
	at sun.nio.ch.Net.pollConnectNow(Net.java:682) ~[?:?]
	at sun.nio.ch.NioSocketImpl.timedFinishConnect(NioSocketImpl.java:542) ~[?:?]
	at sun.nio.ch.NioSocketImpl.connect(NioSocketImpl.java:592) ~[?:?]
	at java.net.SocksSocketImpl.connect(SocksSocketImpl.java:327) ~[?:?]
	at java.net.Socket.connect(Socket.java:760) ~[?:?]
	at okhttp3.internal.platform.Platform.connectSocket(Platform.java:129) ~[okhttp-3.11.0.jar:?]
	at okhttp3.internal.connection.RealConnection.connectSocket(RealConnection.java:245) ~[okhttp-3.11.0.jar:?]
	at okhttp3.internal.connection.RealConnection.connect(RealConnection.java:165) ~[okhttp-3.11.0.jar:?]
	at okhttp3.internal.connection.StreamAllocation.findConnection(StreamAllocation.java:257) ~[okhttp-3.11.0.jar:?]
	at okhttp3.internal.connection.StreamAllocation.findHealthyConnection(StreamAllocation.java:135) ~[okhttp-3.11.0.jar:?]
	at okhttp3.internal.connection.StreamAllocation.newStream(StreamAllocation.java:114) ~[okhttp-3.11.0.jar:?]
	at okhttp3.internal.connection.ConnectInterceptor.intercept(ConnectInterceptor.java:42) ~[okhttp-3.11.0.jar:?]
	at okhttp3.internal.http.RealInterceptorChain.proceed(RealInterceptorChain.java:147) ~[okhttp-3.11.0.jar:?]
	at okhttp3.internal.http.RealInterceptorChain.proceed(RealInterceptorChain.java:121) ~[okhttp-3.11.0.jar:?]
	at okhttp3.internal.cache.CacheInterceptor.intercept(CacheInterceptor.java:93) ~[okhttp-3.11.0.jar:?]
	at okhttp3.internal.http.RealInterceptorChain.proceed(RealInterceptorChain.java:147) ~[okhttp-3.11.0.jar:?]
	at okhttp3.internal.http.RealInterceptorChain.proceed(RealInterceptorChain.java:121) ~[okhttp-3.11.0.jar:?]
	at okhttp3.internal.http.BridgeInterceptor.intercept(BridgeInterceptor.java:93) ~[okhttp-3.11.0.jar:?]
	at okhttp3.internal.http.RealInterceptorChain.proceed(RealInterceptorChain.java:147) ~[okhttp-3.11.0.jar:?]
	at okhttp3.internal.http.RetryAndFollowUpInterceptor.intercept(RetryAndFollowUpInterceptor.java:126) ~[okhttp-3.11.0.jar:?]
	at okhttp3.internal.http.RealInterceptorChain.proceed(RealInterceptorChain.java:147) ~[okhttp-3.11.0.jar:?]
	at okhttp3.internal.http.RealInterceptorChain.proceed(RealInterceptorChain.java:121) ~[okhttp-3.11.0.jar:?]
	at okhttp3.RealCall.getResponseWithInterceptorChain(RealCall.java:200) ~[okhttp-3.11.0.jar:?]
	at okhttp3.RealCall.execute(RealCall.java:77) ~[okhttp-3.11.0.jar:?]
	at org.openqa.selenium.remote.internal.OkHttpClient.execute(OkHttpClient.java:103) ~[selenium-remote-driver-3.141.59.jar:?]
	at org.openqa.selenium.remote.HttpCommandExecutor.execute(HttpCommandExecutor.java:155) ~[selenium-remote-driver-3.141.59.jar:?]
	at io.appium.java_client.remote.AppiumCommandExecutor.execute(AppiumCommandExecutor.java:250) ~[java-client-7.6.0.jar:?]
	... 42 more
2025-06-19 11:16:21.015 [main] ERROR winAppDriverComponents.BaseTest - Error closing WindowsDriver session
org.openqa.selenium.WebDriverException: Connection refused: getsockopt
Build info: version: '3.141.59', revision: 'e82be7d358', time: '2018-11-14T08:17:03'
System info: host: 'VAAZID-KHAN-E42', ip: '192.168.0.118', os.name: 'Windows 11', os.arch: 'amd64', os.version: '10.0', java.version: '23.0.1'
Driver info: driver.version: RemoteWebDriver
	at io.appium.java_client.remote.AppiumCommandExecutor.lambda$6(AppiumCommandExecutor.java:262) ~[java-client-7.6.0.jar:?]
	at java.util.Optional.orElseGet(Optional.java:364) ~[?:?]
	at io.appium.java_client.remote.AppiumCommandExecutor.execute(AppiumCommandExecutor.java:261) ~[java-client-7.6.0.jar:?]
	at org.openqa.selenium.remote.RemoteWebDriver.execute(RemoteWebDriver.java:552) ~[selenium-remote-driver-3.141.59.jar:?]
	at io.appium.java_client.DefaultGenericMobileDriver.execute(DefaultGenericMobileDriver.java:45) ~[java-client-7.6.0.jar:?]
	at io.appium.java_client.AppiumDriver.execute(AppiumDriver.java:1) ~[java-client-7.6.0.jar:?]
	at io.appium.java_client.windows.WindowsDriver.execute(WindowsDriver.java:1) ~[java-client-7.6.0.jar:?]
	at org.openqa.selenium.remote.RemoteWebDriver.quit(RemoteWebDriver.java:452) ~[selenium-remote-driver-3.141.59.jar:?]
	at winAppDriverComponents.BaseTest.stopWinAppDriver(BaseTest.java:202) [test-classes/:?]
	at winAppDriverComponents.BaseTest.tearDown(BaseTest.java:57) [test-classes/:?]
	at jdk.internal.reflect.DirectMethodHandleAccessor.invoke(DirectMethodHandleAccessor.java:103) ~[?:?]
	at java.lang.reflect.Method.invoke(Method.java:580) ~[?:?]
	at org.testng.internal.invokers.MethodInvocationHelper.invokeMethod(MethodInvocationHelper.java:141) [org.testng_7.11.0.r202503091654.jar:7.11.0]
	at org.testng.internal.invokers.MethodInvocationHelper.invokeMethodConsideringTimeout(MethodInvocationHelper.java:71) [org.testng_7.11.0.r202503091654.jar:7.11.0]
	at org.testng.internal.invokers.ConfigInvoker.invokeConfigurationMethod(ConfigInvoker.java:400) [org.testng_7.11.0.r202503091654.jar:7.11.0]
	at org.testng.internal.invokers.ConfigInvoker.invokeConfigurations(ConfigInvoker.java:333) [org.testng_7.11.0.r202503091654.jar:7.11.0]
	at org.testng.SuiteRunner.privateRun(SuiteRunner.java:386) [org.testng_7.11.0.r202503091654.jar:7.11.0]
	at org.testng.SuiteRunner.run(SuiteRunner.java:312) [org.testng_7.11.0.r202503091654.jar:7.11.0]
	at org.testng.SuiteRunnerWorker.runSuite(SuiteRunnerWorker.java:52) [org.testng_7.11.0.r202503091654.jar:7.11.0]
	at org.testng.SuiteRunnerWorker.run(SuiteRunnerWorker.java:95) [org.testng_7.11.0.r202503091654.jar:7.11.0]
	at org.testng.TestNG.runSuitesSequentially(TestNG.java:1274) [org.testng_7.11.0.r202503091654.jar:7.11.0]
	at org.testng.TestNG.runSuitesLocally(TestNG.java:1208) [org.testng_7.11.0.r202503091654.jar:7.11.0]
	at org.testng.TestNG.runSuites(TestNG.java:1112) [org.testng_7.11.0.r202503091654.jar:7.11.0]
	at org.testng.TestNG.run(TestNG.java:1079) [org.testng_7.11.0.r202503091654.jar:7.11.0]
	at org.testng.remote.AbstractRemoteTestNG.run(AbstractRemoteTestNG.java:115) [testng-remote.jar:?]
	at org.testng.remote.RemoteTestNG.initAndRun(RemoteTestNG.java:293) [testng-remote.jar:?]
	at org.testng.remote.RemoteTestNG.main(RemoteTestNG.java:91) [testng-remote.jar:?]
Caused by: java.net.ConnectException: Connection refused: getsockopt
	at sun.nio.ch.Net.pollConnect(Native Method) ~[?:?]
	at sun.nio.ch.Net.pollConnectNow(Net.java:682) ~[?:?]
	at sun.nio.ch.NioSocketImpl.timedFinishConnect(NioSocketImpl.java:542) ~[?:?]
	at sun.nio.ch.NioSocketImpl.connect(NioSocketImpl.java:592) ~[?:?]
	at java.net.SocksSocketImpl.connect(SocksSocketImpl.java:327) ~[?:?]
	at java.net.Socket.connect(Socket.java:760) ~[?:?]
	at okhttp3.internal.platform.Platform.connectSocket(Platform.java:129) ~[okhttp-3.11.0.jar:?]
	at okhttp3.internal.connection.RealConnection.connectSocket(RealConnection.java:245) ~[okhttp-3.11.0.jar:?]
	at okhttp3.internal.connection.RealConnection.connect(RealConnection.java:165) ~[okhttp-3.11.0.jar:?]
	at okhttp3.internal.connection.StreamAllocation.findConnection(StreamAllocation.java:257) ~[okhttp-3.11.0.jar:?]
	at okhttp3.internal.connection.StreamAllocation.findHealthyConnection(StreamAllocation.java:135) ~[okhttp-3.11.0.jar:?]
	at okhttp3.internal.connection.StreamAllocation.newStream(StreamAllocation.java:114) ~[okhttp-3.11.0.jar:?]
	at okhttp3.internal.connection.ConnectInterceptor.intercept(ConnectInterceptor.java:42) ~[okhttp-3.11.0.jar:?]
	at okhttp3.internal.http.RealInterceptorChain.proceed(RealInterceptorChain.java:147) ~[okhttp-3.11.0.jar:?]
	at okhttp3.internal.http.RealInterceptorChain.proceed(RealInterceptorChain.java:121) ~[okhttp-3.11.0.jar:?]
	at okhttp3.internal.cache.CacheInterceptor.intercept(CacheInterceptor.java:93) ~[okhttp-3.11.0.jar:?]
	at okhttp3.internal.http.RealInterceptorChain.proceed(RealInterceptorChain.java:147) ~[okhttp-3.11.0.jar:?]
	at okhttp3.internal.http.RealInterceptorChain.proceed(RealInterceptorChain.java:121) ~[okhttp-3.11.0.jar:?]
	at okhttp3.internal.http.BridgeInterceptor.intercept(BridgeInterceptor.java:93) ~[okhttp-3.11.0.jar:?]
	at okhttp3.internal.http.RealInterceptorChain.proceed(RealInterceptorChain.java:147) ~[okhttp-3.11.0.jar:?]
	at okhttp3.internal.http.RetryAndFollowUpInterceptor.intercept(RetryAndFollowUpInterceptor.java:126) ~[okhttp-3.11.0.jar:?]
	at okhttp3.internal.http.RealInterceptorChain.proceed(RealInterceptorChain.java:147) ~[okhttp-3.11.0.jar:?]
	at okhttp3.internal.http.RealInterceptorChain.proceed(RealInterceptorChain.java:121) ~[okhttp-3.11.0.jar:?]
	at okhttp3.RealCall.getResponseWithInterceptorChain(RealCall.java:200) ~[okhttp-3.11.0.jar:?]
	at okhttp3.RealCall.execute(RealCall.java:77) ~[okhttp-3.11.0.jar:?]
	at org.openqa.selenium.remote.internal.OkHttpClient.execute(OkHttpClient.java:103) ~[selenium-remote-driver-3.141.59.jar:?]
	at org.openqa.selenium.remote.HttpCommandExecutor.execute(HttpCommandExecutor.java:155) ~[selenium-remote-driver-3.141.59.jar:?]
	at io.appium.java_client.remote.AppiumCommandExecutor.execute(AppiumCommandExecutor.java:250) ~[java-client-7.6.0.jar:?]
	... 24 more
2025-06-19 11:16:21.115 [main] INFO  winAppDriverComponents.BaseTest - Killed all WinAppDriver processes
2025-06-19 11:16:21.115 [main] INFO  winAppDriverComponents.BaseTest - Test cleanup complete: Driver and WinAppDriver stopped
2025-06-19 11:16:23.824 [main] INFO  reusableComponents.ConfigReader - Loaded config.properties from file system: config/config.properties
2025-06-19 11:16:23.830 [main] INFO  reusableComponents.ConfigReader - Loaded strings.xml from classpath: strings/strings.xml
2025-06-19 11:16:23.888 [main] INFO  winAppDriverComponents.BaseTest - Logs directory ready: resources/logs/
2025-06-19 11:16:23.987 [main] INFO  winAppDriverComponents.BaseTest - Killed all WinAppDriver processes
2025-06-19 11:16:23.990 [main] INFO  winAppDriverComponents.BaseTest - WinAppDriver started at http://127.0.0.1:4723
2025-06-19 11:16:35.034 [main] INFO  winAppDriverComponents.BaseTest - Initial driver session created
2025-06-19 11:16:37.047 [main] INFO  winAppDriverComponents.BaseTest - Window handle (hex): 0x0000000000080B60
2025-06-19 11:21:22.236 [main] INFO  reusableComponents.ConfigReader - Loaded config.properties from file system: config/config.properties
2025-06-19 11:21:22.240 [main] INFO  reusableComponents.ConfigReader - Loaded strings.xml from classpath: strings/strings.xml
2025-06-19 11:21:22.302 [main] INFO  winAppDriverComponents.BaseTest - Logs directory ready: resources/logs/
2025-06-19 11:21:22.406 [main] INFO  winAppDriverComponents.BaseTest - Killed all WinAppDriver processes
2025-06-19 11:21:22.410 [main] INFO  winAppDriverComponents.BaseTest - WinAppDriver started at http://127.0.0.1:4723
2025-06-19 11:21:22.432 [main] ERROR winAppDriverComponents.BaseTest - Failed to attach WindowsDriver using appTopLevelWindow
org.openqa.selenium.SessionNotCreatedException: Unable to create a new remote session. Original error: Connection reset
Build info: version: '3.141.59', revision: 'e82be7d358', time: '2018-11-14T08:17:03'
System info: host: 'VAAZID-KHAN-E42', ip: '192.168.0.118', os.name: 'Windows 11', os.arch: 'amd64', os.version: '10.0', java.version: '23.0.1'
Driver info: driver.version: WindowsDriver
	at io.appium.java_client.remote.AppiumCommandExecutor$1.createSession(AppiumCommandExecutor.java:216) ~[java-client-7.6.0.jar:?]
	at io.appium.java_client.remote.AppiumCommandExecutor.createSession(AppiumCommandExecutor.java:225) ~[java-client-7.6.0.jar:?]
	at io.appium.java_client.remote.AppiumCommandExecutor.execute(AppiumCommandExecutor.java:250) ~[java-client-7.6.0.jar:?]
	at org.openqa.selenium.remote.RemoteWebDriver.execute(RemoteWebDriver.java:552) ~[selenium-remote-driver-3.141.59.jar:?]
	at io.appium.java_client.DefaultGenericMobileDriver.execute(DefaultGenericMobileDriver.java:41) ~[java-client-7.6.0.jar:?]
	at io.appium.java_client.AppiumDriver.execute(AppiumDriver.java:1) ~[java-client-7.6.0.jar:?]
	at io.appium.java_client.windows.WindowsDriver.execute(WindowsDriver.java:1) ~[java-client-7.6.0.jar:?]
	at org.openqa.selenium.remote.RemoteWebDriver.startSession(RemoteWebDriver.java:213) ~[selenium-remote-driver-3.141.59.jar:?]
	at io.appium.java_client.AppiumDriver.startSession(AppiumDriver.java:363) ~[java-client-7.6.0.jar:?]
	at org.openqa.selenium.remote.RemoteWebDriver.<init>(RemoteWebDriver.java:131) ~[selenium-remote-driver-3.141.59.jar:?]
	at io.appium.java_client.DefaultGenericMobileDriver.<init>(DefaultGenericMobileDriver.java:37) ~[java-client-7.6.0.jar:?]
	at io.appium.java_client.AppiumDriver.<init>(AppiumDriver.java:89) ~[java-client-7.6.0.jar:?]
	at io.appium.java_client.AppiumDriver.<init>(AppiumDriver.java:99) ~[java-client-7.6.0.jar:?]
	at io.appium.java_client.windows.WindowsDriver.<init>(WindowsDriver.java:43) ~[java-client-7.6.0.jar:?]
	at winAppDriverComponents.BaseTest.initializeDriver(BaseTest.java:103) [test-classes/:?]
	at winAppDriverComponents.BaseTest.startWinAppDriver(BaseTest.java:74) [test-classes/:?]
	at winAppDriverComponents.BaseTest.setUp(BaseTest.java:26) [test-classes/:?]
	at jdk.internal.reflect.DirectMethodHandleAccessor.invoke(DirectMethodHandleAccessor.java:103) ~[?:?]
	at java.lang.reflect.Method.invoke(Method.java:580) ~[?:?]
	at org.testng.internal.invokers.MethodInvocationHelper.invokeMethod(MethodInvocationHelper.java:141) [org.testng_7.11.0.r202503091654.jar:7.11.0]
	at org.testng.internal.invokers.MethodInvocationHelper.invokeMethodConsideringTimeout(MethodInvocationHelper.java:71) [org.testng_7.11.0.r202503091654.jar:7.11.0]
	at org.testng.internal.invokers.ConfigInvoker.invokeConfigurationMethod(ConfigInvoker.java:400) [org.testng_7.11.0.r202503091654.jar:7.11.0]
	at org.testng.internal.invokers.ConfigInvoker.invokeConfigurations(ConfigInvoker.java:333) [org.testng_7.11.0.r202503091654.jar:7.11.0]
	at org.testng.SuiteRunner.privateRun(SuiteRunner.java:358) [org.testng_7.11.0.r202503091654.jar:7.11.0]
	at org.testng.SuiteRunner.run(SuiteRunner.java:312) [org.testng_7.11.0.r202503091654.jar:7.11.0]
	at org.testng.SuiteRunnerWorker.runSuite(SuiteRunnerWorker.java:52) [org.testng_7.11.0.r202503091654.jar:7.11.0]
	at org.testng.SuiteRunnerWorker.run(SuiteRunnerWorker.java:95) [org.testng_7.11.0.r202503091654.jar:7.11.0]
	at org.testng.TestNG.runSuitesSequentially(TestNG.java:1274) [org.testng_7.11.0.r202503091654.jar:7.11.0]
	at org.testng.TestNG.runSuitesLocally(TestNG.java:1208) [org.testng_7.11.0.r202503091654.jar:7.11.0]
	at org.testng.TestNG.runSuites(TestNG.java:1112) [org.testng_7.11.0.r202503091654.jar:7.11.0]
	at org.testng.TestNG.run(TestNG.java:1079) [org.testng_7.11.0.r202503091654.jar:7.11.0]
	at org.testng.remote.AbstractRemoteTestNG.run(AbstractRemoteTestNG.java:115) [testng-remote.jar:?]
	at org.testng.remote.RemoteTestNG.initAndRun(RemoteTestNG.java:293) [testng-remote.jar:?]
	at org.testng.remote.RemoteTestNG.main(RemoteTestNG.java:91) [testng-remote.jar:?]
Caused by: java.lang.reflect.InvocationTargetException
	at jdk.internal.reflect.DirectMethodHandleAccessor.invoke(DirectMethodHandleAccessor.java:118) ~[?:?]
	at java.lang.reflect.Method.invoke(Method.java:580) ~[?:?]
	at io.appium.java_client.remote.AppiumCommandExecutor$1.createSession(AppiumCommandExecutor.java:193) ~[java-client-7.6.0.jar:?]
	... 33 more
Caused by: java.net.SocketException: Connection reset
	at sun.nio.ch.NioSocketImpl.implRead(NioSocketImpl.java:318) ~[?:?]
	at sun.nio.ch.NioSocketImpl.read(NioSocketImpl.java:346) ~[?:?]
	at sun.nio.ch.NioSocketImpl$1.read(NioSocketImpl.java:796) ~[?:?]
	at java.net.Socket$SocketInputStream.implRead(Socket.java:1116) ~[?:?]
	at java.net.Socket$SocketInputStream.read(Socket.java:1103) ~[?:?]
	at okio.Okio$2.read(Okio.java:140) ~[okio-1.14.0.jar:?]
	at okio.AsyncTimeout$2.read(AsyncTimeout.java:237) ~[okio-1.14.0.jar:?]
	at okio.RealBufferedSource.indexOf(RealBufferedSource.java:355) ~[okio-1.14.0.jar:?]
	at okio.RealBufferedSource.readUtf8LineStrict(RealBufferedSource.java:227) ~[okio-1.14.0.jar:?]
	at okhttp3.internal.http1.Http1Codec.readHeaderLine(Http1Codec.java:215) ~[okhttp-3.11.0.jar:?]
	at okhttp3.internal.http1.Http1Codec.readResponseHeaders(Http1Codec.java:189) ~[okhttp-3.11.0.jar:?]
	at okhttp3.internal.http.CallServerInterceptor.intercept(CallServerInterceptor.java:88) ~[okhttp-3.11.0.jar:?]
	at okhttp3.internal.http.RealInterceptorChain.proceed(RealInterceptorChain.java:147) ~[okhttp-3.11.0.jar:?]
	at okhttp3.internal.http.RealInterceptorChain.proceed(RealInterceptorChain.java:121) ~[okhttp-3.11.0.jar:?]
	at org.openqa.selenium.remote.internal.OkHttpClient$Factory$1.lambda$createClient$1(OkHttpClient.java:152) ~[selenium-remote-driver-3.141.59.jar:?]
	at okhttp3.internal.http.RealInterceptorChain.proceed(RealInterceptorChain.java:147) ~[okhttp-3.11.0.jar:?]
	at okhttp3.internal.connection.ConnectInterceptor.intercept(ConnectInterceptor.java:45) ~[okhttp-3.11.0.jar:?]
	at okhttp3.internal.http.RealInterceptorChain.proceed(RealInterceptorChain.java:147) ~[okhttp-3.11.0.jar:?]
	at okhttp3.internal.http.RealInterceptorChain.proceed(RealInterceptorChain.java:121) ~[okhttp-3.11.0.jar:?]
	at okhttp3.internal.cache.CacheInterceptor.intercept(CacheInterceptor.java:93) ~[okhttp-3.11.0.jar:?]
	at okhttp3.internal.http.RealInterceptorChain.proceed(RealInterceptorChain.java:147) ~[okhttp-3.11.0.jar:?]
	at okhttp3.internal.http.RealInterceptorChain.proceed(RealInterceptorChain.java:121) ~[okhttp-3.11.0.jar:?]
	at okhttp3.internal.http.BridgeInterceptor.intercept(BridgeInterceptor.java:93) ~[okhttp-3.11.0.jar:?]
	at okhttp3.internal.http.RealInterceptorChain.proceed(RealInterceptorChain.java:147) ~[okhttp-3.11.0.jar:?]
	at okhttp3.internal.http.RetryAndFollowUpInterceptor.intercept(RetryAndFollowUpInterceptor.java:126) ~[okhttp-3.11.0.jar:?]
	at okhttp3.internal.http.RealInterceptorChain.proceed(RealInterceptorChain.java:147) ~[okhttp-3.11.0.jar:?]
	at okhttp3.internal.http.RealInterceptorChain.proceed(RealInterceptorChain.java:121) ~[okhttp-3.11.0.jar:?]
	at okhttp3.RealCall.getResponseWithInterceptorChain(RealCall.java:200) ~[okhttp-3.11.0.jar:?]
	at okhttp3.RealCall.execute(RealCall.java:77) ~[okhttp-3.11.0.jar:?]
	at org.openqa.selenium.remote.internal.OkHttpClient.execute(OkHttpClient.java:103) ~[selenium-remote-driver-3.141.59.jar:?]
	at io.appium.java_client.remote.AppiumCommandExecutor.lambda$1(AppiumCommandExecutor.java:162) ~[java-client-7.6.0.jar:?]
	at org.openqa.selenium.remote.ProtocolHandshake.createSession(ProtocolHandshake.java:105) ~[selenium-remote-driver-3.141.59.jar:?]
	at jdk.internal.reflect.DirectMethodHandleAccessor.invoke(DirectMethodHandleAccessor.java:103) ~[?:?]
	at java.lang.reflect.Method.invoke(Method.java:580) ~[?:?]
	at io.appium.java_client.remote.AppiumCommandExecutor$1.createSession(AppiumCommandExecutor.java:193) ~[java-client-7.6.0.jar:?]
	... 33 more
2025-06-19 11:21:22.441 [main] ERROR winAppDriverComponents.BaseTest - Failed to set up test
java.lang.RuntimeException: Failed to attach WindowsDriver
	at winAppDriverComponents.BaseTest.initializeDriver(BaseTest.java:108) ~[test-classes/:?]
	at winAppDriverComponents.BaseTest.startWinAppDriver(BaseTest.java:74) ~[test-classes/:?]
	at winAppDriverComponents.BaseTest.setUp(BaseTest.java:26) [test-classes/:?]
	at jdk.internal.reflect.DirectMethodHandleAccessor.invoke(DirectMethodHandleAccessor.java:103) ~[?:?]
	at java.lang.reflect.Method.invoke(Method.java:580) ~[?:?]
	at org.testng.internal.invokers.MethodInvocationHelper.invokeMethod(MethodInvocationHelper.java:141) [org.testng_7.11.0.r202503091654.jar:7.11.0]
	at org.testng.internal.invokers.MethodInvocationHelper.invokeMethodConsideringTimeout(MethodInvocationHelper.java:71) [org.testng_7.11.0.r202503091654.jar:7.11.0]
	at org.testng.internal.invokers.ConfigInvoker.invokeConfigurationMethod(ConfigInvoker.java:400) [org.testng_7.11.0.r202503091654.jar:7.11.0]
	at org.testng.internal.invokers.ConfigInvoker.invokeConfigurations(ConfigInvoker.java:333) [org.testng_7.11.0.r202503091654.jar:7.11.0]
	at org.testng.SuiteRunner.privateRun(SuiteRunner.java:358) [org.testng_7.11.0.r202503091654.jar:7.11.0]
	at org.testng.SuiteRunner.run(SuiteRunner.java:312) [org.testng_7.11.0.r202503091654.jar:7.11.0]
	at org.testng.SuiteRunnerWorker.runSuite(SuiteRunnerWorker.java:52) [org.testng_7.11.0.r202503091654.jar:7.11.0]
	at org.testng.SuiteRunnerWorker.run(SuiteRunnerWorker.java:95) [org.testng_7.11.0.r202503091654.jar:7.11.0]
	at org.testng.TestNG.runSuitesSequentially(TestNG.java:1274) [org.testng_7.11.0.r202503091654.jar:7.11.0]
	at org.testng.TestNG.runSuitesLocally(TestNG.java:1208) [org.testng_7.11.0.r202503091654.jar:7.11.0]
	at org.testng.TestNG.runSuites(TestNG.java:1112) [org.testng_7.11.0.r202503091654.jar:7.11.0]
	at org.testng.TestNG.run(TestNG.java:1079) [org.testng_7.11.0.r202503091654.jar:7.11.0]
	at org.testng.remote.AbstractRemoteTestNG.run(AbstractRemoteTestNG.java:115) [testng-remote.jar:?]
	at org.testng.remote.RemoteTestNG.initAndRun(RemoteTestNG.java:293) [testng-remote.jar:?]
	at org.testng.remote.RemoteTestNG.main(RemoteTestNG.java:91) [testng-remote.jar:?]
Caused by: org.openqa.selenium.SessionNotCreatedException: Unable to create a new remote session. Original error: Connection reset
Build info: version: '3.141.59', revision: 'e82be7d358', time: '2018-11-14T08:17:03'
System info: host: 'VAAZID-KHAN-E42', ip: '192.168.0.118', os.name: 'Windows 11', os.arch: 'amd64', os.version: '10.0', java.version: '23.0.1'
Driver info: driver.version: WindowsDriver
	at io.appium.java_client.remote.AppiumCommandExecutor$1.createSession(AppiumCommandExecutor.java:216) ~[java-client-7.6.0.jar:?]
	at io.appium.java_client.remote.AppiumCommandExecutor.createSession(AppiumCommandExecutor.java:225) ~[java-client-7.6.0.jar:?]
	at io.appium.java_client.remote.AppiumCommandExecutor.execute(AppiumCommandExecutor.java:250) ~[java-client-7.6.0.jar:?]
	at org.openqa.selenium.remote.RemoteWebDriver.execute(RemoteWebDriver.java:552) ~[selenium-remote-driver-3.141.59.jar:?]
	at io.appium.java_client.DefaultGenericMobileDriver.execute(DefaultGenericMobileDriver.java:41) ~[java-client-7.6.0.jar:?]
	at io.appium.java_client.AppiumDriver.execute(AppiumDriver.java:1) ~[java-client-7.6.0.jar:?]
	at io.appium.java_client.windows.WindowsDriver.execute(WindowsDriver.java:1) ~[java-client-7.6.0.jar:?]
	at org.openqa.selenium.remote.RemoteWebDriver.startSession(RemoteWebDriver.java:213) ~[selenium-remote-driver-3.141.59.jar:?]
	at io.appium.java_client.AppiumDriver.startSession(AppiumDriver.java:363) ~[java-client-7.6.0.jar:?]
	at org.openqa.selenium.remote.RemoteWebDriver.<init>(RemoteWebDriver.java:131) ~[selenium-remote-driver-3.141.59.jar:?]
	at io.appium.java_client.DefaultGenericMobileDriver.<init>(DefaultGenericMobileDriver.java:37) ~[java-client-7.6.0.jar:?]
	at io.appium.java_client.AppiumDriver.<init>(AppiumDriver.java:89) ~[java-client-7.6.0.jar:?]
	at io.appium.java_client.AppiumDriver.<init>(AppiumDriver.java:99) ~[java-client-7.6.0.jar:?]
	at io.appium.java_client.windows.WindowsDriver.<init>(WindowsDriver.java:43) ~[java-client-7.6.0.jar:?]
	at winAppDriverComponents.BaseTest.initializeDriver(BaseTest.java:103) ~[test-classes/:?]
	... 19 more
Caused by: java.lang.reflect.InvocationTargetException
	at jdk.internal.reflect.DirectMethodHandleAccessor.invoke(DirectMethodHandleAccessor.java:118) ~[?:?]
	at java.lang.reflect.Method.invoke(Method.java:580) ~[?:?]
	at io.appium.java_client.remote.AppiumCommandExecutor$1.createSession(AppiumCommandExecutor.java:193) ~[java-client-7.6.0.jar:?]
	at io.appium.java_client.remote.AppiumCommandExecutor.createSession(AppiumCommandExecutor.java:225) ~[java-client-7.6.0.jar:?]
	at io.appium.java_client.remote.AppiumCommandExecutor.execute(AppiumCommandExecutor.java:250) ~[java-client-7.6.0.jar:?]
	at org.openqa.selenium.remote.RemoteWebDriver.execute(RemoteWebDriver.java:552) ~[selenium-remote-driver-3.141.59.jar:?]
	at io.appium.java_client.DefaultGenericMobileDriver.execute(DefaultGenericMobileDriver.java:41) ~[java-client-7.6.0.jar:?]
	at io.appium.java_client.AppiumDriver.execute(AppiumDriver.java:1) ~[java-client-7.6.0.jar:?]
	at io.appium.java_client.windows.WindowsDriver.execute(WindowsDriver.java:1) ~[java-client-7.6.0.jar:?]
	at org.openqa.selenium.remote.RemoteWebDriver.startSession(RemoteWebDriver.java:213) ~[selenium-remote-driver-3.141.59.jar:?]
	at io.appium.java_client.AppiumDriver.startSession(AppiumDriver.java:363) ~[java-client-7.6.0.jar:?]
	at org.openqa.selenium.remote.RemoteWebDriver.<init>(RemoteWebDriver.java:131) ~[selenium-remote-driver-3.141.59.jar:?]
	at io.appium.java_client.DefaultGenericMobileDriver.<init>(DefaultGenericMobileDriver.java:37) ~[java-client-7.6.0.jar:?]
	at io.appium.java_client.AppiumDriver.<init>(AppiumDriver.java:89) ~[java-client-7.6.0.jar:?]
	at io.appium.java_client.AppiumDriver.<init>(AppiumDriver.java:99) ~[java-client-7.6.0.jar:?]
	at io.appium.java_client.windows.WindowsDriver.<init>(WindowsDriver.java:43) ~[java-client-7.6.0.jar:?]
	at winAppDriverComponents.BaseTest.initializeDriver(BaseTest.java:103) ~[test-classes/:?]
	... 19 more
Caused by: java.net.SocketException: Connection reset
	at sun.nio.ch.NioSocketImpl.implRead(NioSocketImpl.java:318) ~[?:?]
	at sun.nio.ch.NioSocketImpl.read(NioSocketImpl.java:346) ~[?:?]
	at sun.nio.ch.NioSocketImpl$1.read(NioSocketImpl.java:796) ~[?:?]
	at java.net.Socket$SocketInputStream.implRead(Socket.java:1116) ~[?:?]
	at java.net.Socket$SocketInputStream.read(Socket.java:1103) ~[?:?]
	at okio.Okio$2.read(Okio.java:140) ~[okio-1.14.0.jar:?]
	at okio.AsyncTimeout$2.read(AsyncTimeout.java:237) ~[okio-1.14.0.jar:?]
	at okio.RealBufferedSource.indexOf(RealBufferedSource.java:355) ~[okio-1.14.0.jar:?]
	at okio.RealBufferedSource.readUtf8LineStrict(RealBufferedSource.java:227) ~[okio-1.14.0.jar:?]
	at okhttp3.internal.http1.Http1Codec.readHeaderLine(Http1Codec.java:215) ~[okhttp-3.11.0.jar:?]
	at okhttp3.internal.http1.Http1Codec.readResponseHeaders(Http1Codec.java:189) ~[okhttp-3.11.0.jar:?]
	at okhttp3.internal.http.CallServerInterceptor.intercept(CallServerInterceptor.java:88) ~[okhttp-3.11.0.jar:?]
	at okhttp3.internal.http.RealInterceptorChain.proceed(RealInterceptorChain.java:147) ~[okhttp-3.11.0.jar:?]
	at okhttp3.internal.http.RealInterceptorChain.proceed(RealInterceptorChain.java:121) ~[okhttp-3.11.0.jar:?]
	at org.openqa.selenium.remote.internal.OkHttpClient$Factory$1.lambda$createClient$1(OkHttpClient.java:152) ~[selenium-remote-driver-3.141.59.jar:?]
	at okhttp3.internal.http.RealInterceptorChain.proceed(RealInterceptorChain.java:147) ~[okhttp-3.11.0.jar:?]
	at okhttp3.internal.connection.ConnectInterceptor.intercept(ConnectInterceptor.java:45) ~[okhttp-3.11.0.jar:?]
	at okhttp3.internal.http.RealInterceptorChain.proceed(RealInterceptorChain.java:147) ~[okhttp-3.11.0.jar:?]
	at okhttp3.internal.http.RealInterceptorChain.proceed(RealInterceptorChain.java:121) ~[okhttp-3.11.0.jar:?]
	at okhttp3.internal.cache.CacheInterceptor.intercept(CacheInterceptor.java:93) ~[okhttp-3.11.0.jar:?]
	at okhttp3.internal.http.RealInterceptorChain.proceed(RealInterceptorChain.java:147) ~[okhttp-3.11.0.jar:?]
	at okhttp3.internal.http.RealInterceptorChain.proceed(RealInterceptorChain.java:121) ~[okhttp-3.11.0.jar:?]
	at okhttp3.internal.http.BridgeInterceptor.intercept(BridgeInterceptor.java:93) ~[okhttp-3.11.0.jar:?]
	at okhttp3.internal.http.RealInterceptorChain.proceed(RealInterceptorChain.java:147) ~[okhttp-3.11.0.jar:?]
	at okhttp3.internal.http.RetryAndFollowUpInterceptor.intercept(RetryAndFollowUpInterceptor.java:126) ~[okhttp-3.11.0.jar:?]
	at okhttp3.internal.http.RealInterceptorChain.proceed(RealInterceptorChain.java:147) ~[okhttp-3.11.0.jar:?]
	at okhttp3.internal.http.RealInterceptorChain.proceed(RealInterceptorChain.java:121) ~[okhttp-3.11.0.jar:?]
	at okhttp3.RealCall.getResponseWithInterceptorChain(RealCall.java:200) ~[okhttp-3.11.0.jar:?]
	at okhttp3.RealCall.execute(RealCall.java:77) ~[okhttp-3.11.0.jar:?]
	at org.openqa.selenium.remote.internal.OkHttpClient.execute(OkHttpClient.java:103) ~[selenium-remote-driver-3.141.59.jar:?]
	at io.appium.java_client.remote.AppiumCommandExecutor.lambda$1(AppiumCommandExecutor.java:162) ~[java-client-7.6.0.jar:?]
	at org.openqa.selenium.remote.ProtocolHandshake.createSession(ProtocolHandshake.java:105) ~[selenium-remote-driver-3.141.59.jar:?]
	at jdk.internal.reflect.DirectMethodHandleAccessor.invoke(DirectMethodHandleAccessor.java:103) ~[?:?]
	at java.lang.reflect.Method.invoke(Method.java:580) ~[?:?]
	at io.appium.java_client.remote.AppiumCommandExecutor$1.createSession(AppiumCommandExecutor.java:193) ~[java-client-7.6.0.jar:?]
	at io.appium.java_client.remote.AppiumCommandExecutor.createSession(AppiumCommandExecutor.java:225) ~[java-client-7.6.0.jar:?]
	at io.appium.java_client.remote.AppiumCommandExecutor.execute(AppiumCommandExecutor.java:250) ~[java-client-7.6.0.jar:?]
	at org.openqa.selenium.remote.RemoteWebDriver.execute(RemoteWebDriver.java:552) ~[selenium-remote-driver-3.141.59.jar:?]
	at io.appium.java_client.DefaultGenericMobileDriver.execute(DefaultGenericMobileDriver.java:41) ~[java-client-7.6.0.jar:?]
	at io.appium.java_client.AppiumDriver.execute(AppiumDriver.java:1) ~[java-client-7.6.0.jar:?]
	at io.appium.java_client.windows.WindowsDriver.execute(WindowsDriver.java:1) ~[java-client-7.6.0.jar:?]
	at org.openqa.selenium.remote.RemoteWebDriver.startSession(RemoteWebDriver.java:213) ~[selenium-remote-driver-3.141.59.jar:?]
	at io.appium.java_client.AppiumDriver.startSession(AppiumDriver.java:363) ~[java-client-7.6.0.jar:?]
	at org.openqa.selenium.remote.RemoteWebDriver.<init>(RemoteWebDriver.java:131) ~[selenium-remote-driver-3.141.59.jar:?]
	at io.appium.java_client.DefaultGenericMobileDriver.<init>(DefaultGenericMobileDriver.java:37) ~[java-client-7.6.0.jar:?]
	at io.appium.java_client.AppiumDriver.<init>(AppiumDriver.java:89) ~[java-client-7.6.0.jar:?]
	at io.appium.java_client.AppiumDriver.<init>(AppiumDriver.java:99) ~[java-client-7.6.0.jar:?]
	at io.appium.java_client.windows.WindowsDriver.<init>(WindowsDriver.java:43) ~[java-client-7.6.0.jar:?]
	at winAppDriverComponents.BaseTest.initializeDriver(BaseTest.java:103) ~[test-classes/:?]
	... 19 more
2025-06-19 11:21:32.981 [main] INFO  reusableComponents.ConfigReader - Loaded config.properties from file system: config/config.properties
2025-06-19 11:21:32.987 [main] INFO  reusableComponents.ConfigReader - Loaded strings.xml from classpath: strings/strings.xml
2025-06-19 11:21:32.981 [main] ERROR winAppDriverComponents.BaseTest - Failed to attach WindowsDriver using appTopLevelWindow
org.openqa.selenium.SessionNotCreatedException: Unable to create a new remote session. Please check the server log for more details. Original error: Object reference not set to an instance of an object. (WARNING: The server did not provide any stacktrace information)
Command duration or timeout: 10.28 seconds
Build info: version: '3.141.59', revision: 'e82be7d358', time: '2018-11-14T08:17:03'
System info: host: 'VAAZID-KHAN-E42', ip: '192.168.0.118', os.name: 'Windows 11', os.arch: 'amd64', os.version: '10.0', java.version: '23.0.1'
Driver info: driver.version: WindowsDriver
Build info: version: '3.141.59', revision: 'e82be7d358', time: '2018-11-14T08:17:03'
System info: host: 'VAAZID-KHAN-E42', ip: '192.168.0.118', os.name: 'Windows 11', os.arch: 'amd64', os.version: '10.0', java.version: '23.0.1'
Driver info: driver.version: WindowsDriver
	at io.appium.java_client.remote.AppiumCommandExecutor$1.createSession(AppiumCommandExecutor.java:216) ~[java-client-7.6.0.jar:?]
	at io.appium.java_client.remote.AppiumCommandExecutor.createSession(AppiumCommandExecutor.java:225) ~[java-client-7.6.0.jar:?]
	at io.appium.java_client.remote.AppiumCommandExecutor.execute(AppiumCommandExecutor.java:250) ~[java-client-7.6.0.jar:?]
	at org.openqa.selenium.remote.RemoteWebDriver.execute(RemoteWebDriver.java:552) ~[selenium-remote-driver-3.141.59.jar:?]
	at io.appium.java_client.DefaultGenericMobileDriver.execute(DefaultGenericMobileDriver.java:41) ~[java-client-7.6.0.jar:?]
	at io.appium.java_client.AppiumDriver.execute(AppiumDriver.java:1) ~[java-client-7.6.0.jar:?]
	at io.appium.java_client.windows.WindowsDriver.execute(WindowsDriver.java:1) ~[java-client-7.6.0.jar:?]
	at org.openqa.selenium.remote.RemoteWebDriver.startSession(RemoteWebDriver.java:213) ~[selenium-remote-driver-3.141.59.jar:?]
	at io.appium.java_client.AppiumDriver.startSession(AppiumDriver.java:363) ~[java-client-7.6.0.jar:?]
	at org.openqa.selenium.remote.RemoteWebDriver.<init>(RemoteWebDriver.java:131) ~[selenium-remote-driver-3.141.59.jar:?]
	at io.appium.java_client.DefaultGenericMobileDriver.<init>(DefaultGenericMobileDriver.java:37) ~[java-client-7.6.0.jar:?]
	at io.appium.java_client.AppiumDriver.<init>(AppiumDriver.java:89) ~[java-client-7.6.0.jar:?]
	at io.appium.java_client.AppiumDriver.<init>(AppiumDriver.java:99) ~[java-client-7.6.0.jar:?]
	at io.appium.java_client.windows.WindowsDriver.<init>(WindowsDriver.java:43) ~[java-client-7.6.0.jar:?]
	at winAppDriverComponents.BaseTest.initializeDriver(BaseTest.java:87) [test-classes/:?]
	at winAppDriverComponents.BaseTest.startWinAppDriver(BaseTest.java:74) [test-classes/:?]
	at winAppDriverComponents.BaseTest.setUp(BaseTest.java:26) [test-classes/:?]
	at jdk.internal.reflect.DirectMethodHandleAccessor.invoke(DirectMethodHandleAccessor.java:103) ~[?:?]
	at java.lang.reflect.Method.invoke(Method.java:580) ~[?:?]
	at org.testng.internal.invokers.MethodInvocationHelper.invokeMethod(MethodInvocationHelper.java:141) [org.testng_7.11.0.r202503091654.jar:7.11.0]
	at org.testng.internal.invokers.MethodInvocationHelper.invokeMethodConsideringTimeout(MethodInvocationHelper.java:71) [org.testng_7.11.0.r202503091654.jar:7.11.0]
	at org.testng.internal.invokers.ConfigInvoker.invokeConfigurationMethod(ConfigInvoker.java:400) [org.testng_7.11.0.r202503091654.jar:7.11.0]
	at org.testng.internal.invokers.ConfigInvoker.invokeConfigurations(ConfigInvoker.java:333) [org.testng_7.11.0.r202503091654.jar:7.11.0]
	at org.testng.SuiteRunner.privateRun(SuiteRunner.java:358) [org.testng_7.11.0.r202503091654.jar:7.11.0]
	at org.testng.SuiteRunner.run(SuiteRunner.java:312) [org.testng_7.11.0.r202503091654.jar:7.11.0]
	at org.testng.SuiteRunnerWorker.runSuite(SuiteRunnerWorker.java:52) [org.testng_7.11.0.r202503091654.jar:7.11.0]
	at org.testng.SuiteRunnerWorker.run(SuiteRunnerWorker.java:95) [org.testng_7.11.0.r202503091654.jar:7.11.0]
	at org.testng.TestNG.runSuitesSequentially(TestNG.java:1274) [org.testng_7.11.0.r202503091654.jar:7.11.0]
	at org.testng.TestNG.runSuitesLocally(TestNG.java:1208) [org.testng_7.11.0.r202503091654.jar:7.11.0]
	at org.testng.TestNG.runSuites(TestNG.java:1112) [org.testng_7.11.0.r202503091654.jar:7.11.0]
	at org.testng.TestNG.run(TestNG.java:1079) [org.testng_7.11.0.r202503091654.jar:7.11.0]
	at org.testng.remote.AbstractRemoteTestNG.run(AbstractRemoteTestNG.java:115) [testng-remote.jar:?]
	at org.testng.remote.RemoteTestNG.initAndRun(RemoteTestNG.java:293) [testng-remote.jar:?]
	at org.testng.remote.RemoteTestNG.main(RemoteTestNG.java:91) [testng-remote.jar:?]
Caused by: java.lang.reflect.InvocationTargetException
	at jdk.internal.reflect.DirectMethodHandleAccessor.invoke(DirectMethodHandleAccessor.java:118) ~[?:?]
	at java.lang.reflect.Method.invoke(Method.java:580) ~[?:?]
	at io.appium.java_client.remote.AppiumCommandExecutor$1.createSession(AppiumCommandExecutor.java:193) ~[java-client-7.6.0.jar:?]
	... 33 more
Caused by: org.openqa.selenium.WebDriverException: Object reference not set to an instance of an object. (WARNING: The server did not provide any stacktrace information)
Command duration or timeout: 10.28 seconds
Build info: version: '3.141.59', revision: 'e82be7d358', time: '2018-11-14T08:17:03'
System info: host: 'VAAZID-KHAN-E42', ip: '192.168.0.118', os.name: 'Windows 11', os.arch: 'amd64', os.version: '10.0', java.version: '23.0.1'
Driver info: driver.version: WindowsDriver
	at jdk.internal.reflect.DirectConstructorHandleAccessor.newInstance(DirectConstructorHandleAccessor.java:62) ~[?:?]
	at java.lang.reflect.Constructor.newInstanceWithCaller(Constructor.java:501) ~[?:?]
	at java.lang.reflect.Constructor.newInstance(Constructor.java:485) ~[?:?]
	at org.openqa.selenium.remote.ErrorHandler.createThrowable(ErrorHandler.java:214) ~[selenium-remote-driver-3.141.59.jar:?]
	at org.openqa.selenium.remote.ErrorHandler.throwIfResponseFailed(ErrorHandler.java:166) ~[selenium-remote-driver-3.141.59.jar:?]
	at org.openqa.selenium.remote.JsonWireProtocolResponse.lambda$errorHandler$0(JsonWireProtocolResponse.java:54) ~[selenium-remote-driver-3.141.59.jar:?]
	at org.openqa.selenium.remote.HandshakeResponse.lambda$getResponseFunction$0(HandshakeResponse.java:30) ~[selenium-remote-driver-3.141.59.jar:?]
	at org.openqa.selenium.remote.ProtocolHandshake.lambda$createSession$0(ProtocolHandshake.java:126) ~[selenium-remote-driver-3.141.59.jar:?]
	at java.util.stream.ReferencePipeline$3$1.accept(ReferencePipeline.java:215) ~[?:?]
	at java.util.Spliterators$ArraySpliterator.tryAdvance(Spliterators.java:1034) ~[?:?]
	at java.util.stream.ReferencePipeline.forEachWithCancel(ReferencePipeline.java:147) ~[?:?]
	at java.util.stream.AbstractPipeline.copyIntoWithCancel(AbstractPipeline.java:588) ~[?:?]
	at java.util.stream.AbstractPipeline.copyInto(AbstractPipeline.java:574) ~[?:?]
	at java.util.stream.AbstractPipeline.wrapAndCopyInto(AbstractPipeline.java:560) ~[?:?]
	at java.util.stream.FindOps$FindOp.evaluateSequential(FindOps.java:150) ~[?:?]
	at java.util.stream.AbstractPipeline.evaluate(AbstractPipeline.java:265) ~[?:?]
	at java.util.stream.ReferencePipeline.findFirst(ReferencePipeline.java:687) ~[?:?]
	at org.openqa.selenium.remote.ProtocolHandshake.createSession(ProtocolHandshake.java:128) ~[selenium-remote-driver-3.141.59.jar:?]
	at jdk.internal.reflect.DirectMethodHandleAccessor.invoke(DirectMethodHandleAccessor.java:103) ~[?:?]
	at java.lang.reflect.Method.invoke(Method.java:580) ~[?:?]
	at io.appium.java_client.remote.AppiumCommandExecutor$1.createSession(AppiumCommandExecutor.java:193) ~[java-client-7.6.0.jar:?]
	... 33 more
2025-06-19 11:21:32.993 [main] ERROR winAppDriverComponents.BaseTest - Failed to set up test
java.lang.RuntimeException: Failed to attach WindowsDriver
	at winAppDriverComponents.BaseTest.initializeDriver(BaseTest.java:108) ~[test-classes/:?]
	at winAppDriverComponents.BaseTest.startWinAppDriver(BaseTest.java:74) ~[test-classes/:?]
	at winAppDriverComponents.BaseTest.setUp(BaseTest.java:26) [test-classes/:?]
	at jdk.internal.reflect.DirectMethodHandleAccessor.invoke(DirectMethodHandleAccessor.java:103) ~[?:?]
	at java.lang.reflect.Method.invoke(Method.java:580) ~[?:?]
	at org.testng.internal.invokers.MethodInvocationHelper.invokeMethod(MethodInvocationHelper.java:141) [org.testng_7.11.0.r202503091654.jar:7.11.0]
	at org.testng.internal.invokers.MethodInvocationHelper.invokeMethodConsideringTimeout(MethodInvocationHelper.java:71) [org.testng_7.11.0.r202503091654.jar:7.11.0]
	at org.testng.internal.invokers.ConfigInvoker.invokeConfigurationMethod(ConfigInvoker.java:400) [org.testng_7.11.0.r202503091654.jar:7.11.0]
	at org.testng.internal.invokers.ConfigInvoker.invokeConfigurations(ConfigInvoker.java:333) [org.testng_7.11.0.r202503091654.jar:7.11.0]
	at org.testng.SuiteRunner.privateRun(SuiteRunner.java:358) [org.testng_7.11.0.r202503091654.jar:7.11.0]
	at org.testng.SuiteRunner.run(SuiteRunner.java:312) [org.testng_7.11.0.r202503091654.jar:7.11.0]
	at org.testng.SuiteRunnerWorker.runSuite(SuiteRunnerWorker.java:52) [org.testng_7.11.0.r202503091654.jar:7.11.0]
	at org.testng.SuiteRunnerWorker.run(SuiteRunnerWorker.java:95) [org.testng_7.11.0.r202503091654.jar:7.11.0]
	at org.testng.TestNG.runSuitesSequentially(TestNG.java:1274) [org.testng_7.11.0.r202503091654.jar:7.11.0]
	at org.testng.TestNG.runSuitesLocally(TestNG.java:1208) [org.testng_7.11.0.r202503091654.jar:7.11.0]
	at org.testng.TestNG.runSuites(TestNG.java:1112) [org.testng_7.11.0.r202503091654.jar:7.11.0]
	at org.testng.TestNG.run(TestNG.java:1079) [org.testng_7.11.0.r202503091654.jar:7.11.0]
	at org.testng.remote.AbstractRemoteTestNG.run(AbstractRemoteTestNG.java:115) [testng-remote.jar:?]
	at org.testng.remote.RemoteTestNG.initAndRun(RemoteTestNG.java:293) [testng-remote.jar:?]
	at org.testng.remote.RemoteTestNG.main(RemoteTestNG.java:91) [testng-remote.jar:?]
Caused by: org.openqa.selenium.SessionNotCreatedException: Unable to create a new remote session. Please check the server log for more details. Original error: Object reference not set to an instance of an object. (WARNING: The server did not provide any stacktrace information)
Command duration or timeout: 10.28 seconds
Build info: version: '3.141.59', revision: 'e82be7d358', time: '2018-11-14T08:17:03'
System info: host: 'VAAZID-KHAN-E42', ip: '192.168.0.118', os.name: 'Windows 11', os.arch: 'amd64', os.version: '10.0', java.version: '23.0.1'
Driver info: driver.version: WindowsDriver
Build info: version: '3.141.59', revision: 'e82be7d358', time: '2018-11-14T08:17:03'
System info: host: 'VAAZID-KHAN-E42', ip: '192.168.0.118', os.name: 'Windows 11', os.arch: 'amd64', os.version: '10.0', java.version: '23.0.1'
Driver info: driver.version: WindowsDriver
	at io.appium.java_client.remote.AppiumCommandExecutor$1.createSession(AppiumCommandExecutor.java:216) ~[java-client-7.6.0.jar:?]
	at io.appium.java_client.remote.AppiumCommandExecutor.createSession(AppiumCommandExecutor.java:225) ~[java-client-7.6.0.jar:?]
	at io.appium.java_client.remote.AppiumCommandExecutor.execute(AppiumCommandExecutor.java:250) ~[java-client-7.6.0.jar:?]
	at org.openqa.selenium.remote.RemoteWebDriver.execute(RemoteWebDriver.java:552) ~[selenium-remote-driver-3.141.59.jar:?]
	at io.appium.java_client.DefaultGenericMobileDriver.execute(DefaultGenericMobileDriver.java:41) ~[java-client-7.6.0.jar:?]
	at io.appium.java_client.AppiumDriver.execute(AppiumDriver.java:1) ~[java-client-7.6.0.jar:?]
	at io.appium.java_client.windows.WindowsDriver.execute(WindowsDriver.java:1) ~[java-client-7.6.0.jar:?]
	at org.openqa.selenium.remote.RemoteWebDriver.startSession(RemoteWebDriver.java:213) ~[selenium-remote-driver-3.141.59.jar:?]
	at io.appium.java_client.AppiumDriver.startSession(AppiumDriver.java:363) ~[java-client-7.6.0.jar:?]
	at org.openqa.selenium.remote.RemoteWebDriver.<init>(RemoteWebDriver.java:131) ~[selenium-remote-driver-3.141.59.jar:?]
	at io.appium.java_client.DefaultGenericMobileDriver.<init>(DefaultGenericMobileDriver.java:37) ~[java-client-7.6.0.jar:?]
	at io.appium.java_client.AppiumDriver.<init>(AppiumDriver.java:89) ~[java-client-7.6.0.jar:?]
	at io.appium.java_client.AppiumDriver.<init>(AppiumDriver.java:99) ~[java-client-7.6.0.jar:?]
	at io.appium.java_client.windows.WindowsDriver.<init>(WindowsDriver.java:43) ~[java-client-7.6.0.jar:?]
	at winAppDriverComponents.BaseTest.initializeDriver(BaseTest.java:87) ~[test-classes/:?]
	... 19 more
Caused by: java.lang.reflect.InvocationTargetException
	at jdk.internal.reflect.DirectMethodHandleAccessor.invoke(DirectMethodHandleAccessor.java:118) ~[?:?]
	at java.lang.reflect.Method.invoke(Method.java:580) ~[?:?]
	at io.appium.java_client.remote.AppiumCommandExecutor$1.createSession(AppiumCommandExecutor.java:193) ~[java-client-7.6.0.jar:?]
	at io.appium.java_client.remote.AppiumCommandExecutor.createSession(AppiumCommandExecutor.java:225) ~[java-client-7.6.0.jar:?]
	at io.appium.java_client.remote.AppiumCommandExecutor.execute(AppiumCommandExecutor.java:250) ~[java-client-7.6.0.jar:?]
	at org.openqa.selenium.remote.RemoteWebDriver.execute(RemoteWebDriver.java:552) ~[selenium-remote-driver-3.141.59.jar:?]
	at io.appium.java_client.DefaultGenericMobileDriver.execute(DefaultGenericMobileDriver.java:41) ~[java-client-7.6.0.jar:?]
	at io.appium.java_client.AppiumDriver.execute(AppiumDriver.java:1) ~[java-client-7.6.0.jar:?]
	at io.appium.java_client.windows.WindowsDriver.execute(WindowsDriver.java:1) ~[java-client-7.6.0.jar:?]
	at org.openqa.selenium.remote.RemoteWebDriver.startSession(RemoteWebDriver.java:213) ~[selenium-remote-driver-3.141.59.jar:?]
	at io.appium.java_client.AppiumDriver.startSession(AppiumDriver.java:363) ~[java-client-7.6.0.jar:?]
	at org.openqa.selenium.remote.RemoteWebDriver.<init>(RemoteWebDriver.java:131) ~[selenium-remote-driver-3.141.59.jar:?]
	at io.appium.java_client.DefaultGenericMobileDriver.<init>(DefaultGenericMobileDriver.java:37) ~[java-client-7.6.0.jar:?]
	at io.appium.java_client.AppiumDriver.<init>(AppiumDriver.java:89) ~[java-client-7.6.0.jar:?]
	at io.appium.java_client.AppiumDriver.<init>(AppiumDriver.java:99) ~[java-client-7.6.0.jar:?]
	at io.appium.java_client.windows.WindowsDriver.<init>(WindowsDriver.java:43) ~[java-client-7.6.0.jar:?]
	at winAppDriverComponents.BaseTest.initializeDriver(BaseTest.java:87) ~[test-classes/:?]
	... 19 more
Caused by: org.openqa.selenium.WebDriverException: Object reference not set to an instance of an object. (WARNING: The server did not provide any stacktrace information)
Command duration or timeout: 10.28 seconds
Build info: version: '3.141.59', revision: 'e82be7d358', time: '2018-11-14T08:17:03'
System info: host: 'VAAZID-KHAN-E42', ip: '192.168.0.118', os.name: 'Windows 11', os.arch: 'amd64', os.version: '10.0', java.version: '23.0.1'
Driver info: driver.version: WindowsDriver
	at jdk.internal.reflect.DirectConstructorHandleAccessor.newInstance(DirectConstructorHandleAccessor.java:62) ~[?:?]
	at java.lang.reflect.Constructor.newInstanceWithCaller(Constructor.java:501) ~[?:?]
	at java.lang.reflect.Constructor.newInstance(Constructor.java:485) ~[?:?]
	at org.openqa.selenium.remote.ErrorHandler.createThrowable(ErrorHandler.java:214) ~[selenium-remote-driver-3.141.59.jar:?]
	at org.openqa.selenium.remote.ErrorHandler.throwIfResponseFailed(ErrorHandler.java:166) ~[selenium-remote-driver-3.141.59.jar:?]
	at org.openqa.selenium.remote.JsonWireProtocolResponse.lambda$errorHandler$0(JsonWireProtocolResponse.java:54) ~[selenium-remote-driver-3.141.59.jar:?]
	at org.openqa.selenium.remote.HandshakeResponse.lambda$getResponseFunction$0(HandshakeResponse.java:30) ~[selenium-remote-driver-3.141.59.jar:?]
	at org.openqa.selenium.remote.ProtocolHandshake.lambda$createSession$0(ProtocolHandshake.java:126) ~[selenium-remote-driver-3.141.59.jar:?]
	at java.util.stream.ReferencePipeline$3$1.accept(ReferencePipeline.java:215) ~[?:?]
	at java.util.Spliterators$ArraySpliterator.tryAdvance(Spliterators.java:1034) ~[?:?]
	at java.util.stream.ReferencePipeline.forEachWithCancel(ReferencePipeline.java:147) ~[?:?]
	at java.util.stream.AbstractPipeline.copyIntoWithCancel(AbstractPipeline.java:588) ~[?:?]
	at java.util.stream.AbstractPipeline.copyInto(AbstractPipeline.java:574) ~[?:?]
	at java.util.stream.AbstractPipeline.wrapAndCopyInto(AbstractPipeline.java:560) ~[?:?]
	at java.util.stream.FindOps$FindOp.evaluateSequential(FindOps.java:150) ~[?:?]
	at java.util.stream.AbstractPipeline.evaluate(AbstractPipeline.java:265) ~[?:?]
	at java.util.stream.ReferencePipeline.findFirst(ReferencePipeline.java:687) ~[?:?]
	at org.openqa.selenium.remote.ProtocolHandshake.createSession(ProtocolHandshake.java:128) ~[selenium-remote-driver-3.141.59.jar:?]
	at jdk.internal.reflect.DirectMethodHandleAccessor.invoke(DirectMethodHandleAccessor.java:103) ~[?:?]
	at java.lang.reflect.Method.invoke(Method.java:580) ~[?:?]
	at io.appium.java_client.remote.AppiumCommandExecutor$1.createSession(AppiumCommandExecutor.java:193) ~[java-client-7.6.0.jar:?]
	at io.appium.java_client.remote.AppiumCommandExecutor.createSession(AppiumCommandExecutor.java:225) ~[java-client-7.6.0.jar:?]
	at io.appium.java_client.remote.AppiumCommandExecutor.execute(AppiumCommandExecutor.java:250) ~[java-client-7.6.0.jar:?]
	at org.openqa.selenium.remote.RemoteWebDriver.execute(RemoteWebDriver.java:552) ~[selenium-remote-driver-3.141.59.jar:?]
	at io.appium.java_client.DefaultGenericMobileDriver.execute(DefaultGenericMobileDriver.java:41) ~[java-client-7.6.0.jar:?]
	at io.appium.java_client.AppiumDriver.execute(AppiumDriver.java:1) ~[java-client-7.6.0.jar:?]
	at io.appium.java_client.windows.WindowsDriver.execute(WindowsDriver.java:1) ~[java-client-7.6.0.jar:?]
	at org.openqa.selenium.remote.RemoteWebDriver.startSession(RemoteWebDriver.java:213) ~[selenium-remote-driver-3.141.59.jar:?]
	at io.appium.java_client.AppiumDriver.startSession(AppiumDriver.java:363) ~[java-client-7.6.0.jar:?]
	at org.openqa.selenium.remote.RemoteWebDriver.<init>(RemoteWebDriver.java:131) ~[selenium-remote-driver-3.141.59.jar:?]
	at io.appium.java_client.DefaultGenericMobileDriver.<init>(DefaultGenericMobileDriver.java:37) ~[java-client-7.6.0.jar:?]
	at io.appium.java_client.AppiumDriver.<init>(AppiumDriver.java:89) ~[java-client-7.6.0.jar:?]
	at io.appium.java_client.AppiumDriver.<init>(AppiumDriver.java:99) ~[java-client-7.6.0.jar:?]
	at io.appium.java_client.windows.WindowsDriver.<init>(WindowsDriver.java:43) ~[java-client-7.6.0.jar:?]
	at winAppDriverComponents.BaseTest.initializeDriver(BaseTest.java:87) ~[test-classes/:?]
	... 19 more
2025-06-19 11:21:33.076 [main] INFO  winAppDriverComponents.BaseTest - Logs directory ready: resources/logs/
2025-06-19 11:21:33.203 [main] INFO  winAppDriverComponents.BaseTest - Killed all WinAppDriver processes
2025-06-19 11:21:33.207 [main] INFO  winAppDriverComponents.BaseTest - WinAppDriver started at http://127.0.0.1:4723
2025-06-19 11:21:43.720 [main] INFO  winAppDriverComponents.BaseTest - Initial driver session created
2025-06-19 11:21:45.735 [main] INFO  winAppDriverComponents.BaseTest - Window handle (hex): 0x0000000000080B26
2025-06-19 11:23:48.314 [main] INFO  reusableComponents.ConfigReader - Loaded config.properties from file system: config/config.properties
2025-06-19 11:23:48.319 [main] INFO  reusableComponents.ConfigReader - Loaded strings.xml from classpath: strings/strings.xml
2025-06-19 11:23:48.375 [main] INFO  winAppDriverComponents.BaseTest - Logs directory ready: resources/logs/
2025-06-19 11:23:48.476 [main] INFO  winAppDriverComponents.BaseTest - Killed all WinAppDriver processes
2025-06-19 11:23:48.480 [main] INFO  winAppDriverComponents.BaseTest - WinAppDriver started at http://127.0.0.1:4723
2025-06-19 11:23:48.499 [main] ERROR winAppDriverComponents.BaseTest - Failed to attach WindowsDriver using appTopLevelWindow
org.openqa.selenium.SessionNotCreatedException: Unable to create a new remote session. Original error: Connection reset
Build info: version: '3.141.59', revision: 'e82be7d358', time: '2018-11-14T08:17:03'
System info: host: 'VAAZID-KHAN-E42', ip: '192.168.0.118', os.name: 'Windows 11', os.arch: 'amd64', os.version: '10.0', java.version: '23.0.1'
Driver info: driver.version: WindowsDriver
	at io.appium.java_client.remote.AppiumCommandExecutor$1.createSession(AppiumCommandExecutor.java:216) ~[java-client-7.6.0.jar:?]
	at io.appium.java_client.remote.AppiumCommandExecutor.createSession(AppiumCommandExecutor.java:225) ~[java-client-7.6.0.jar:?]
	at io.appium.java_client.remote.AppiumCommandExecutor.execute(AppiumCommandExecutor.java:250) ~[java-client-7.6.0.jar:?]
	at org.openqa.selenium.remote.RemoteWebDriver.execute(RemoteWebDriver.java:552) ~[selenium-remote-driver-3.141.59.jar:?]
	at io.appium.java_client.DefaultGenericMobileDriver.execute(DefaultGenericMobileDriver.java:41) ~[java-client-7.6.0.jar:?]
	at io.appium.java_client.AppiumDriver.execute(AppiumDriver.java:1) ~[java-client-7.6.0.jar:?]
	at io.appium.java_client.windows.WindowsDriver.execute(WindowsDriver.java:1) ~[java-client-7.6.0.jar:?]
	at org.openqa.selenium.remote.RemoteWebDriver.startSession(RemoteWebDriver.java:213) ~[selenium-remote-driver-3.141.59.jar:?]
	at io.appium.java_client.AppiumDriver.startSession(AppiumDriver.java:363) ~[java-client-7.6.0.jar:?]
	at org.openqa.selenium.remote.RemoteWebDriver.<init>(RemoteWebDriver.java:131) ~[selenium-remote-driver-3.141.59.jar:?]
	at io.appium.java_client.DefaultGenericMobileDriver.<init>(DefaultGenericMobileDriver.java:37) ~[java-client-7.6.0.jar:?]
	at io.appium.java_client.AppiumDriver.<init>(AppiumDriver.java:89) ~[java-client-7.6.0.jar:?]
	at io.appium.java_client.AppiumDriver.<init>(AppiumDriver.java:99) ~[java-client-7.6.0.jar:?]
	at io.appium.java_client.windows.WindowsDriver.<init>(WindowsDriver.java:43) ~[java-client-7.6.0.jar:?]
	at winAppDriverComponents.BaseTest.initializeDriver(BaseTest.java:103) [test-classes/:?]
	at winAppDriverComponents.BaseTest.startWinAppDriver(BaseTest.java:74) [test-classes/:?]
	at winAppDriverComponents.BaseTest.setUp(BaseTest.java:26) [test-classes/:?]
	at jdk.internal.reflect.DirectMethodHandleAccessor.invoke(DirectMethodHandleAccessor.java:103) ~[?:?]
	at java.lang.reflect.Method.invoke(Method.java:580) ~[?:?]
	at org.testng.internal.invokers.MethodInvocationHelper.invokeMethod(MethodInvocationHelper.java:141) [org.testng_7.11.0.r202503091654.jar:7.11.0]
	at org.testng.internal.invokers.MethodInvocationHelper.invokeMethodConsideringTimeout(MethodInvocationHelper.java:71) [org.testng_7.11.0.r202503091654.jar:7.11.0]
	at org.testng.internal.invokers.ConfigInvoker.invokeConfigurationMethod(ConfigInvoker.java:400) [org.testng_7.11.0.r202503091654.jar:7.11.0]
	at org.testng.internal.invokers.ConfigInvoker.invokeConfigurations(ConfigInvoker.java:333) [org.testng_7.11.0.r202503091654.jar:7.11.0]
	at org.testng.SuiteRunner.privateRun(SuiteRunner.java:358) [org.testng_7.11.0.r202503091654.jar:7.11.0]
	at org.testng.SuiteRunner.run(SuiteRunner.java:312) [org.testng_7.11.0.r202503091654.jar:7.11.0]
	at org.testng.SuiteRunnerWorker.runSuite(SuiteRunnerWorker.java:52) [org.testng_7.11.0.r202503091654.jar:7.11.0]
	at org.testng.SuiteRunnerWorker.run(SuiteRunnerWorker.java:95) [org.testng_7.11.0.r202503091654.jar:7.11.0]
	at org.testng.TestNG.runSuitesSequentially(TestNG.java:1274) [org.testng_7.11.0.r202503091654.jar:7.11.0]
	at org.testng.TestNG.runSuitesLocally(TestNG.java:1208) [org.testng_7.11.0.r202503091654.jar:7.11.0]
	at org.testng.TestNG.runSuites(TestNG.java:1112) [org.testng_7.11.0.r202503091654.jar:7.11.0]
	at org.testng.TestNG.run(TestNG.java:1079) [org.testng_7.11.0.r202503091654.jar:7.11.0]
	at org.testng.remote.AbstractRemoteTestNG.run(AbstractRemoteTestNG.java:115) [testng-remote.jar:?]
	at org.testng.remote.RemoteTestNG.initAndRun(RemoteTestNG.java:293) [testng-remote.jar:?]
	at org.testng.remote.RemoteTestNG.main(RemoteTestNG.java:91) [testng-remote.jar:?]
Caused by: java.lang.reflect.InvocationTargetException
	at jdk.internal.reflect.DirectMethodHandleAccessor.invoke(DirectMethodHandleAccessor.java:118) ~[?:?]
	at java.lang.reflect.Method.invoke(Method.java:580) ~[?:?]
	at io.appium.java_client.remote.AppiumCommandExecutor$1.createSession(AppiumCommandExecutor.java:193) ~[java-client-7.6.0.jar:?]
	... 33 more
Caused by: java.net.SocketException: Connection reset
	at sun.nio.ch.NioSocketImpl.implRead(NioSocketImpl.java:318) ~[?:?]
	at sun.nio.ch.NioSocketImpl.read(NioSocketImpl.java:346) ~[?:?]
	at sun.nio.ch.NioSocketImpl$1.read(NioSocketImpl.java:796) ~[?:?]
	at java.net.Socket$SocketInputStream.implRead(Socket.java:1116) ~[?:?]
	at java.net.Socket$SocketInputStream.read(Socket.java:1103) ~[?:?]
	at okio.Okio$2.read(Okio.java:140) ~[okio-1.14.0.jar:?]
	at okio.AsyncTimeout$2.read(AsyncTimeout.java:237) ~[okio-1.14.0.jar:?]
	at okio.RealBufferedSource.indexOf(RealBufferedSource.java:355) ~[okio-1.14.0.jar:?]
	at okio.RealBufferedSource.readUtf8LineStrict(RealBufferedSource.java:227) ~[okio-1.14.0.jar:?]
	at okhttp3.internal.http1.Http1Codec.readHeaderLine(Http1Codec.java:215) ~[okhttp-3.11.0.jar:?]
	at okhttp3.internal.http1.Http1Codec.readResponseHeaders(Http1Codec.java:189) ~[okhttp-3.11.0.jar:?]
	at okhttp3.internal.http.CallServerInterceptor.intercept(CallServerInterceptor.java:88) ~[okhttp-3.11.0.jar:?]
	at okhttp3.internal.http.RealInterceptorChain.proceed(RealInterceptorChain.java:147) ~[okhttp-3.11.0.jar:?]
	at okhttp3.internal.http.RealInterceptorChain.proceed(RealInterceptorChain.java:121) ~[okhttp-3.11.0.jar:?]
	at org.openqa.selenium.remote.internal.OkHttpClient$Factory$1.lambda$createClient$1(OkHttpClient.java:152) ~[selenium-remote-driver-3.141.59.jar:?]
	at okhttp3.internal.http.RealInterceptorChain.proceed(RealInterceptorChain.java:147) ~[okhttp-3.11.0.jar:?]
	at okhttp3.internal.connection.ConnectInterceptor.intercept(ConnectInterceptor.java:45) ~[okhttp-3.11.0.jar:?]
	at okhttp3.internal.http.RealInterceptorChain.proceed(RealInterceptorChain.java:147) ~[okhttp-3.11.0.jar:?]
	at okhttp3.internal.http.RealInterceptorChain.proceed(RealInterceptorChain.java:121) ~[okhttp-3.11.0.jar:?]
	at okhttp3.internal.cache.CacheInterceptor.intercept(CacheInterceptor.java:93) ~[okhttp-3.11.0.jar:?]
	at okhttp3.internal.http.RealInterceptorChain.proceed(RealInterceptorChain.java:147) ~[okhttp-3.11.0.jar:?]
	at okhttp3.internal.http.RealInterceptorChain.proceed(RealInterceptorChain.java:121) ~[okhttp-3.11.0.jar:?]
	at okhttp3.internal.http.BridgeInterceptor.intercept(BridgeInterceptor.java:93) ~[okhttp-3.11.0.jar:?]
	at okhttp3.internal.http.RealInterceptorChain.proceed(RealInterceptorChain.java:147) ~[okhttp-3.11.0.jar:?]
	at okhttp3.internal.http.RetryAndFollowUpInterceptor.intercept(RetryAndFollowUpInterceptor.java:126) ~[okhttp-3.11.0.jar:?]
	at okhttp3.internal.http.RealInterceptorChain.proceed(RealInterceptorChain.java:147) ~[okhttp-3.11.0.jar:?]
	at okhttp3.internal.http.RealInterceptorChain.proceed(RealInterceptorChain.java:121) ~[okhttp-3.11.0.jar:?]
	at okhttp3.RealCall.getResponseWithInterceptorChain(RealCall.java:200) ~[okhttp-3.11.0.jar:?]
	at okhttp3.RealCall.execute(RealCall.java:77) ~[okhttp-3.11.0.jar:?]
	at org.openqa.selenium.remote.internal.OkHttpClient.execute(OkHttpClient.java:103) ~[selenium-remote-driver-3.141.59.jar:?]
	at io.appium.java_client.remote.AppiumCommandExecutor.lambda$1(AppiumCommandExecutor.java:162) ~[java-client-7.6.0.jar:?]
	at org.openqa.selenium.remote.ProtocolHandshake.createSession(ProtocolHandshake.java:105) ~[selenium-remote-driver-3.141.59.jar:?]
	at jdk.internal.reflect.DirectMethodHandleAccessor.invoke(DirectMethodHandleAccessor.java:103) ~[?:?]
	at java.lang.reflect.Method.invoke(Method.java:580) ~[?:?]
	at io.appium.java_client.remote.AppiumCommandExecutor$1.createSession(AppiumCommandExecutor.java:193) ~[java-client-7.6.0.jar:?]
	... 33 more
2025-06-19 11:23:48.510 [main] ERROR winAppDriverComponents.BaseTest - Failed to set up test
java.lang.RuntimeException: Failed to attach WindowsDriver
	at winAppDriverComponents.BaseTest.initializeDriver(BaseTest.java:108) ~[test-classes/:?]
	at winAppDriverComponents.BaseTest.startWinAppDriver(BaseTest.java:74) ~[test-classes/:?]
	at winAppDriverComponents.BaseTest.setUp(BaseTest.java:26) [test-classes/:?]
	at jdk.internal.reflect.DirectMethodHandleAccessor.invoke(DirectMethodHandleAccessor.java:103) ~[?:?]
	at java.lang.reflect.Method.invoke(Method.java:580) ~[?:?]
	at org.testng.internal.invokers.MethodInvocationHelper.invokeMethod(MethodInvocationHelper.java:141) [org.testng_7.11.0.r202503091654.jar:7.11.0]
	at org.testng.internal.invokers.MethodInvocationHelper.invokeMethodConsideringTimeout(MethodInvocationHelper.java:71) [org.testng_7.11.0.r202503091654.jar:7.11.0]
	at org.testng.internal.invokers.ConfigInvoker.invokeConfigurationMethod(ConfigInvoker.java:400) [org.testng_7.11.0.r202503091654.jar:7.11.0]
	at org.testng.internal.invokers.ConfigInvoker.invokeConfigurations(ConfigInvoker.java:333) [org.testng_7.11.0.r202503091654.jar:7.11.0]
	at org.testng.SuiteRunner.privateRun(SuiteRunner.java:358) [org.testng_7.11.0.r202503091654.jar:7.11.0]
	at org.testng.SuiteRunner.run(SuiteRunner.java:312) [org.testng_7.11.0.r202503091654.jar:7.11.0]
	at org.testng.SuiteRunnerWorker.runSuite(SuiteRunnerWorker.java:52) [org.testng_7.11.0.r202503091654.jar:7.11.0]
	at org.testng.SuiteRunnerWorker.run(SuiteRunnerWorker.java:95) [org.testng_7.11.0.r202503091654.jar:7.11.0]
	at org.testng.TestNG.runSuitesSequentially(TestNG.java:1274) [org.testng_7.11.0.r202503091654.jar:7.11.0]
	at org.testng.TestNG.runSuitesLocally(TestNG.java:1208) [org.testng_7.11.0.r202503091654.jar:7.11.0]
	at org.testng.TestNG.runSuites(TestNG.java:1112) [org.testng_7.11.0.r202503091654.jar:7.11.0]
	at org.testng.TestNG.run(TestNG.java:1079) [org.testng_7.11.0.r202503091654.jar:7.11.0]
	at org.testng.remote.AbstractRemoteTestNG.run(AbstractRemoteTestNG.java:115) [testng-remote.jar:?]
	at org.testng.remote.RemoteTestNG.initAndRun(RemoteTestNG.java:293) [testng-remote.jar:?]
	at org.testng.remote.RemoteTestNG.main(RemoteTestNG.java:91) [testng-remote.jar:?]
Caused by: org.openqa.selenium.SessionNotCreatedException: Unable to create a new remote session. Original error: Connection reset
Build info: version: '3.141.59', revision: 'e82be7d358', time: '2018-11-14T08:17:03'
System info: host: 'VAAZID-KHAN-E42', ip: '192.168.0.118', os.name: 'Windows 11', os.arch: 'amd64', os.version: '10.0', java.version: '23.0.1'
Driver info: driver.version: WindowsDriver
	at io.appium.java_client.remote.AppiumCommandExecutor$1.createSession(AppiumCommandExecutor.java:216) ~[java-client-7.6.0.jar:?]
	at io.appium.java_client.remote.AppiumCommandExecutor.createSession(AppiumCommandExecutor.java:225) ~[java-client-7.6.0.jar:?]
	at io.appium.java_client.remote.AppiumCommandExecutor.execute(AppiumCommandExecutor.java:250) ~[java-client-7.6.0.jar:?]
	at org.openqa.selenium.remote.RemoteWebDriver.execute(RemoteWebDriver.java:552) ~[selenium-remote-driver-3.141.59.jar:?]
	at io.appium.java_client.DefaultGenericMobileDriver.execute(DefaultGenericMobileDriver.java:41) ~[java-client-7.6.0.jar:?]
	at io.appium.java_client.AppiumDriver.execute(AppiumDriver.java:1) ~[java-client-7.6.0.jar:?]
	at io.appium.java_client.windows.WindowsDriver.execute(WindowsDriver.java:1) ~[java-client-7.6.0.jar:?]
	at org.openqa.selenium.remote.RemoteWebDriver.startSession(RemoteWebDriver.java:213) ~[selenium-remote-driver-3.141.59.jar:?]
	at io.appium.java_client.AppiumDriver.startSession(AppiumDriver.java:363) ~[java-client-7.6.0.jar:?]
	at org.openqa.selenium.remote.RemoteWebDriver.<init>(RemoteWebDriver.java:131) ~[selenium-remote-driver-3.141.59.jar:?]
	at io.appium.java_client.DefaultGenericMobileDriver.<init>(DefaultGenericMobileDriver.java:37) ~[java-client-7.6.0.jar:?]
	at io.appium.java_client.AppiumDriver.<init>(AppiumDriver.java:89) ~[java-client-7.6.0.jar:?]
	at io.appium.java_client.AppiumDriver.<init>(AppiumDriver.java:99) ~[java-client-7.6.0.jar:?]
	at io.appium.java_client.windows.WindowsDriver.<init>(WindowsDriver.java:43) ~[java-client-7.6.0.jar:?]
	at winAppDriverComponents.BaseTest.initializeDriver(BaseTest.java:103) ~[test-classes/:?]
	... 19 more
Caused by: java.lang.reflect.InvocationTargetException
	at jdk.internal.reflect.DirectMethodHandleAccessor.invoke(DirectMethodHandleAccessor.java:118) ~[?:?]
	at java.lang.reflect.Method.invoke(Method.java:580) ~[?:?]
	at io.appium.java_client.remote.AppiumCommandExecutor$1.createSession(AppiumCommandExecutor.java:193) ~[java-client-7.6.0.jar:?]
	at io.appium.java_client.remote.AppiumCommandExecutor.createSession(AppiumCommandExecutor.java:225) ~[java-client-7.6.0.jar:?]
	at io.appium.java_client.remote.AppiumCommandExecutor.execute(AppiumCommandExecutor.java:250) ~[java-client-7.6.0.jar:?]
	at org.openqa.selenium.remote.RemoteWebDriver.execute(RemoteWebDriver.java:552) ~[selenium-remote-driver-3.141.59.jar:?]
	at io.appium.java_client.DefaultGenericMobileDriver.execute(DefaultGenericMobileDriver.java:41) ~[java-client-7.6.0.jar:?]
	at io.appium.java_client.AppiumDriver.execute(AppiumDriver.java:1) ~[java-client-7.6.0.jar:?]
	at io.appium.java_client.windows.WindowsDriver.execute(WindowsDriver.java:1) ~[java-client-7.6.0.jar:?]
	at org.openqa.selenium.remote.RemoteWebDriver.startSession(RemoteWebDriver.java:213) ~[selenium-remote-driver-3.141.59.jar:?]
	at io.appium.java_client.AppiumDriver.startSession(AppiumDriver.java:363) ~[java-client-7.6.0.jar:?]
	at org.openqa.selenium.remote.RemoteWebDriver.<init>(RemoteWebDriver.java:131) ~[selenium-remote-driver-3.141.59.jar:?]
	at io.appium.java_client.DefaultGenericMobileDriver.<init>(DefaultGenericMobileDriver.java:37) ~[java-client-7.6.0.jar:?]
	at io.appium.java_client.AppiumDriver.<init>(AppiumDriver.java:89) ~[java-client-7.6.0.jar:?]
	at io.appium.java_client.AppiumDriver.<init>(AppiumDriver.java:99) ~[java-client-7.6.0.jar:?]
	at io.appium.java_client.windows.WindowsDriver.<init>(WindowsDriver.java:43) ~[java-client-7.6.0.jar:?]
	at winAppDriverComponents.BaseTest.initializeDriver(BaseTest.java:103) ~[test-classes/:?]
	... 19 more
Caused by: java.net.SocketException: Connection reset
	at sun.nio.ch.NioSocketImpl.implRead(NioSocketImpl.java:318) ~[?:?]
	at sun.nio.ch.NioSocketImpl.read(NioSocketImpl.java:346) ~[?:?]
	at sun.nio.ch.NioSocketImpl$1.read(NioSocketImpl.java:796) ~[?:?]
	at java.net.Socket$SocketInputStream.implRead(Socket.java:1116) ~[?:?]
	at java.net.Socket$SocketInputStream.read(Socket.java:1103) ~[?:?]
	at okio.Okio$2.read(Okio.java:140) ~[okio-1.14.0.jar:?]
	at okio.AsyncTimeout$2.read(AsyncTimeout.java:237) ~[okio-1.14.0.jar:?]
	at okio.RealBufferedSource.indexOf(RealBufferedSource.java:355) ~[okio-1.14.0.jar:?]
	at okio.RealBufferedSource.readUtf8LineStrict(RealBufferedSource.java:227) ~[okio-1.14.0.jar:?]
	at okhttp3.internal.http1.Http1Codec.readHeaderLine(Http1Codec.java:215) ~[okhttp-3.11.0.jar:?]
	at okhttp3.internal.http1.Http1Codec.readResponseHeaders(Http1Codec.java:189) ~[okhttp-3.11.0.jar:?]
	at okhttp3.internal.http.CallServerInterceptor.intercept(CallServerInterceptor.java:88) ~[okhttp-3.11.0.jar:?]
	at okhttp3.internal.http.RealInterceptorChain.proceed(RealInterceptorChain.java:147) ~[okhttp-3.11.0.jar:?]
	at okhttp3.internal.http.RealInterceptorChain.proceed(RealInterceptorChain.java:121) ~[okhttp-3.11.0.jar:?]
	at org.openqa.selenium.remote.internal.OkHttpClient$Factory$1.lambda$createClient$1(OkHttpClient.java:152) ~[selenium-remote-driver-3.141.59.jar:?]
	at okhttp3.internal.http.RealInterceptorChain.proceed(RealInterceptorChain.java:147) ~[okhttp-3.11.0.jar:?]
	at okhttp3.internal.connection.ConnectInterceptor.intercept(ConnectInterceptor.java:45) ~[okhttp-3.11.0.jar:?]
	at okhttp3.internal.http.RealInterceptorChain.proceed(RealInterceptorChain.java:147) ~[okhttp-3.11.0.jar:?]
	at okhttp3.internal.http.RealInterceptorChain.proceed(RealInterceptorChain.java:121) ~[okhttp-3.11.0.jar:?]
	at okhttp3.internal.cache.CacheInterceptor.intercept(CacheInterceptor.java:93) ~[okhttp-3.11.0.jar:?]
	at okhttp3.internal.http.RealInterceptorChain.proceed(RealInterceptorChain.java:147) ~[okhttp-3.11.0.jar:?]
	at okhttp3.internal.http.RealInterceptorChain.proceed(RealInterceptorChain.java:121) ~[okhttp-3.11.0.jar:?]
	at okhttp3.internal.http.BridgeInterceptor.intercept(BridgeInterceptor.java:93) ~[okhttp-3.11.0.jar:?]
	at okhttp3.internal.http.RealInterceptorChain.proceed(RealInterceptorChain.java:147) ~[okhttp-3.11.0.jar:?]
	at okhttp3.internal.http.RetryAndFollowUpInterceptor.intercept(RetryAndFollowUpInterceptor.java:126) ~[okhttp-3.11.0.jar:?]
	at okhttp3.internal.http.RealInterceptorChain.proceed(RealInterceptorChain.java:147) ~[okhttp-3.11.0.jar:?]
	at okhttp3.internal.http.RealInterceptorChain.proceed(RealInterceptorChain.java:121) ~[okhttp-3.11.0.jar:?]
	at okhttp3.RealCall.getResponseWithInterceptorChain(RealCall.java:200) ~[okhttp-3.11.0.jar:?]
	at okhttp3.RealCall.execute(RealCall.java:77) ~[okhttp-3.11.0.jar:?]
	at org.openqa.selenium.remote.internal.OkHttpClient.execute(OkHttpClient.java:103) ~[selenium-remote-driver-3.141.59.jar:?]
	at io.appium.java_client.remote.AppiumCommandExecutor.lambda$1(AppiumCommandExecutor.java:162) ~[java-client-7.6.0.jar:?]
	at org.openqa.selenium.remote.ProtocolHandshake.createSession(ProtocolHandshake.java:105) ~[selenium-remote-driver-3.141.59.jar:?]
	at jdk.internal.reflect.DirectMethodHandleAccessor.invoke(DirectMethodHandleAccessor.java:103) ~[?:?]
	at java.lang.reflect.Method.invoke(Method.java:580) ~[?:?]
	at io.appium.java_client.remote.AppiumCommandExecutor$1.createSession(AppiumCommandExecutor.java:193) ~[java-client-7.6.0.jar:?]
	at io.appium.java_client.remote.AppiumCommandExecutor.createSession(AppiumCommandExecutor.java:225) ~[java-client-7.6.0.jar:?]
	at io.appium.java_client.remote.AppiumCommandExecutor.execute(AppiumCommandExecutor.java:250) ~[java-client-7.6.0.jar:?]
	at org.openqa.selenium.remote.RemoteWebDriver.execute(RemoteWebDriver.java:552) ~[selenium-remote-driver-3.141.59.jar:?]
	at io.appium.java_client.DefaultGenericMobileDriver.execute(DefaultGenericMobileDriver.java:41) ~[java-client-7.6.0.jar:?]
	at io.appium.java_client.AppiumDriver.execute(AppiumDriver.java:1) ~[java-client-7.6.0.jar:?]
	at io.appium.java_client.windows.WindowsDriver.execute(WindowsDriver.java:1) ~[java-client-7.6.0.jar:?]
	at org.openqa.selenium.remote.RemoteWebDriver.startSession(RemoteWebDriver.java:213) ~[selenium-remote-driver-3.141.59.jar:?]
	at io.appium.java_client.AppiumDriver.startSession(AppiumDriver.java:363) ~[java-client-7.6.0.jar:?]
	at org.openqa.selenium.remote.RemoteWebDriver.<init>(RemoteWebDriver.java:131) ~[selenium-remote-driver-3.141.59.jar:?]
	at io.appium.java_client.DefaultGenericMobileDriver.<init>(DefaultGenericMobileDriver.java:37) ~[java-client-7.6.0.jar:?]
	at io.appium.java_client.AppiumDriver.<init>(AppiumDriver.java:89) ~[java-client-7.6.0.jar:?]
	at io.appium.java_client.AppiumDriver.<init>(AppiumDriver.java:99) ~[java-client-7.6.0.jar:?]
	at io.appium.java_client.windows.WindowsDriver.<init>(WindowsDriver.java:43) ~[java-client-7.6.0.jar:?]
	at winAppDriverComponents.BaseTest.initializeDriver(BaseTest.java:103) ~[test-classes/:?]
	... 19 more
2025-06-19 11:23:58.867 [main] INFO  reusableComponents.ConfigReader - Loaded config.properties from file system: config/config.properties
2025-06-19 11:23:58.872 [main] INFO  reusableComponents.ConfigReader - Loaded strings.xml from classpath: strings/strings.xml
2025-06-19 11:23:58.930 [main] INFO  winAppDriverComponents.BaseTest - Logs directory ready: resources/logs/
2025-06-19 11:23:59.035 [main] ERROR winAppDriverComponents.BaseTest - Failed to attach WindowsDriver using appTopLevelWindow
org.openqa.selenium.SessionNotCreatedException: Unable to create a new remote session. Please check the server log for more details. Original error: Object reference not set to an instance of an object. (WARNING: The server did not provide any stacktrace information)
Command duration or timeout: 10.26 seconds
Build info: version: '3.141.59', revision: 'e82be7d358', time: '2018-11-14T08:17:03'
System info: host: 'VAAZID-KHAN-E42', ip: '192.168.0.118', os.name: 'Windows 11', os.arch: 'amd64', os.version: '10.0', java.version: '23.0.1'
Driver info: driver.version: WindowsDriver
Build info: version: '3.141.59', revision: 'e82be7d358', time: '2018-11-14T08:17:03'
System info: host: 'VAAZID-KHAN-E42', ip: '192.168.0.118', os.name: 'Windows 11', os.arch: 'amd64', os.version: '10.0', java.version: '23.0.1'
Driver info: driver.version: WindowsDriver
	at io.appium.java_client.remote.AppiumCommandExecutor$1.createSession(AppiumCommandExecutor.java:216) ~[java-client-7.6.0.jar:?]
	at io.appium.java_client.remote.AppiumCommandExecutor.createSession(AppiumCommandExecutor.java:225) ~[java-client-7.6.0.jar:?]
	at io.appium.java_client.remote.AppiumCommandExecutor.execute(AppiumCommandExecutor.java:250) ~[java-client-7.6.0.jar:?]
	at org.openqa.selenium.remote.RemoteWebDriver.execute(RemoteWebDriver.java:552) ~[selenium-remote-driver-3.141.59.jar:?]
	at io.appium.java_client.DefaultGenericMobileDriver.execute(DefaultGenericMobileDriver.java:41) ~[java-client-7.6.0.jar:?]
	at io.appium.java_client.AppiumDriver.execute(AppiumDriver.java:1) ~[java-client-7.6.0.jar:?]
	at io.appium.java_client.windows.WindowsDriver.execute(WindowsDriver.java:1) ~[java-client-7.6.0.jar:?]
	at org.openqa.selenium.remote.RemoteWebDriver.startSession(RemoteWebDriver.java:213) ~[selenium-remote-driver-3.141.59.jar:?]
	at io.appium.java_client.AppiumDriver.startSession(AppiumDriver.java:363) ~[java-client-7.6.0.jar:?]
	at org.openqa.selenium.remote.RemoteWebDriver.<init>(RemoteWebDriver.java:131) ~[selenium-remote-driver-3.141.59.jar:?]
	at io.appium.java_client.DefaultGenericMobileDriver.<init>(DefaultGenericMobileDriver.java:37) ~[java-client-7.6.0.jar:?]
	at io.appium.java_client.AppiumDriver.<init>(AppiumDriver.java:89) ~[java-client-7.6.0.jar:?]
	at io.appium.java_client.AppiumDriver.<init>(AppiumDriver.java:99) ~[java-client-7.6.0.jar:?]
	at io.appium.java_client.windows.WindowsDriver.<init>(WindowsDriver.java:43) ~[java-client-7.6.0.jar:?]
	at winAppDriverComponents.BaseTest.initializeDriver(BaseTest.java:87) [test-classes/:?]
	at winAppDriverComponents.BaseTest.startWinAppDriver(BaseTest.java:74) [test-classes/:?]
	at winAppDriverComponents.BaseTest.setUp(BaseTest.java:26) [test-classes/:?]
	at jdk.internal.reflect.DirectMethodHandleAccessor.invoke(DirectMethodHandleAccessor.java:103) ~[?:?]
	at java.lang.reflect.Method.invoke(Method.java:580) ~[?:?]
	at org.testng.internal.invokers.MethodInvocationHelper.invokeMethod(MethodInvocationHelper.java:141) [org.testng_7.11.0.r202503091654.jar:7.11.0]
	at org.testng.internal.invokers.MethodInvocationHelper.invokeMethodConsideringTimeout(MethodInvocationHelper.java:71) [org.testng_7.11.0.r202503091654.jar:7.11.0]
	at org.testng.internal.invokers.ConfigInvoker.invokeConfigurationMethod(ConfigInvoker.java:400) [org.testng_7.11.0.r202503091654.jar:7.11.0]
	at org.testng.internal.invokers.ConfigInvoker.invokeConfigurations(ConfigInvoker.java:333) [org.testng_7.11.0.r202503091654.jar:7.11.0]
	at org.testng.SuiteRunner.privateRun(SuiteRunner.java:358) [org.testng_7.11.0.r202503091654.jar:7.11.0]
	at org.testng.SuiteRunner.run(SuiteRunner.java:312) [org.testng_7.11.0.r202503091654.jar:7.11.0]
	at org.testng.SuiteRunnerWorker.runSuite(SuiteRunnerWorker.java:52) [org.testng_7.11.0.r202503091654.jar:7.11.0]
	at org.testng.SuiteRunnerWorker.run(SuiteRunnerWorker.java:95) [org.testng_7.11.0.r202503091654.jar:7.11.0]
	at org.testng.TestNG.runSuitesSequentially(TestNG.java:1274) [org.testng_7.11.0.r202503091654.jar:7.11.0]
	at org.testng.TestNG.runSuitesLocally(TestNG.java:1208) [org.testng_7.11.0.r202503091654.jar:7.11.0]
	at org.testng.TestNG.runSuites(TestNG.java:1112) [org.testng_7.11.0.r202503091654.jar:7.11.0]
	at org.testng.TestNG.run(TestNG.java:1079) [org.testng_7.11.0.r202503091654.jar:7.11.0]
	at org.testng.remote.AbstractRemoteTestNG.run(AbstractRemoteTestNG.java:115) [testng-remote.jar:?]
	at org.testng.remote.RemoteTestNG.initAndRun(RemoteTestNG.java:293) [testng-remote.jar:?]
	at org.testng.remote.RemoteTestNG.main(RemoteTestNG.java:91) [testng-remote.jar:?]
Caused by: java.lang.reflect.InvocationTargetException
	at jdk.internal.reflect.DirectMethodHandleAccessor.invoke(DirectMethodHandleAccessor.java:118) ~[?:?]
	at java.lang.reflect.Method.invoke(Method.java:580) ~[?:?]
	at io.appium.java_client.remote.AppiumCommandExecutor$1.createSession(AppiumCommandExecutor.java:193) ~[java-client-7.6.0.jar:?]
	... 33 more
Caused by: org.openqa.selenium.WebDriverException: Object reference not set to an instance of an object. (WARNING: The server did not provide any stacktrace information)
Command duration or timeout: 10.26 seconds
Build info: version: '3.141.59', revision: 'e82be7d358', time: '2018-11-14T08:17:03'
System info: host: 'VAAZID-KHAN-E42', ip: '192.168.0.118', os.name: 'Windows 11', os.arch: 'amd64', os.version: '10.0', java.version: '23.0.1'
Driver info: driver.version: WindowsDriver
	at jdk.internal.reflect.DirectConstructorHandleAccessor.newInstance(DirectConstructorHandleAccessor.java:62) ~[?:?]
	at java.lang.reflect.Constructor.newInstanceWithCaller(Constructor.java:501) ~[?:?]
	at java.lang.reflect.Constructor.newInstance(Constructor.java:485) ~[?:?]
	at org.openqa.selenium.remote.ErrorHandler.createThrowable(ErrorHandler.java:214) ~[selenium-remote-driver-3.141.59.jar:?]
	at org.openqa.selenium.remote.ErrorHandler.throwIfResponseFailed(ErrorHandler.java:166) ~[selenium-remote-driver-3.141.59.jar:?]
	at org.openqa.selenium.remote.JsonWireProtocolResponse.lambda$errorHandler$0(JsonWireProtocolResponse.java:54) ~[selenium-remote-driver-3.141.59.jar:?]
	at org.openqa.selenium.remote.HandshakeResponse.lambda$getResponseFunction$0(HandshakeResponse.java:30) ~[selenium-remote-driver-3.141.59.jar:?]
	at org.openqa.selenium.remote.ProtocolHandshake.lambda$createSession$0(ProtocolHandshake.java:126) ~[selenium-remote-driver-3.141.59.jar:?]
	at java.util.stream.ReferencePipeline$3$1.accept(ReferencePipeline.java:215) ~[?:?]
	at java.util.Spliterators$ArraySpliterator.tryAdvance(Spliterators.java:1034) ~[?:?]
	at java.util.stream.ReferencePipeline.forEachWithCancel(ReferencePipeline.java:147) ~[?:?]
	at java.util.stream.AbstractPipeline.copyIntoWithCancel(AbstractPipeline.java:588) ~[?:?]
	at java.util.stream.AbstractPipeline.copyInto(AbstractPipeline.java:574) ~[?:?]
	at java.util.stream.AbstractPipeline.wrapAndCopyInto(AbstractPipeline.java:560) ~[?:?]
	at java.util.stream.FindOps$FindOp.evaluateSequential(FindOps.java:150) ~[?:?]
	at java.util.stream.AbstractPipeline.evaluate(AbstractPipeline.java:265) ~[?:?]
	at java.util.stream.ReferencePipeline.findFirst(ReferencePipeline.java:687) ~[?:?]
	at org.openqa.selenium.remote.ProtocolHandshake.createSession(ProtocolHandshake.java:128) ~[selenium-remote-driver-3.141.59.jar:?]
	at jdk.internal.reflect.DirectMethodHandleAccessor.invoke(DirectMethodHandleAccessor.java:103) ~[?:?]
	at java.lang.reflect.Method.invoke(Method.java:580) ~[?:?]
	at io.appium.java_client.remote.AppiumCommandExecutor$1.createSession(AppiumCommandExecutor.java:193) ~[java-client-7.6.0.jar:?]
	... 33 more
2025-06-19 11:23:59.046 [main] ERROR winAppDriverComponents.BaseTest - Failed to set up test
java.lang.RuntimeException: Failed to attach WindowsDriver
	at winAppDriverComponents.BaseTest.initializeDriver(BaseTest.java:115) ~[test-classes/:?]
	at winAppDriverComponents.BaseTest.startWinAppDriver(BaseTest.java:74) ~[test-classes/:?]
	at winAppDriverComponents.BaseTest.setUp(BaseTest.java:26) [test-classes/:?]
	at jdk.internal.reflect.DirectMethodHandleAccessor.invoke(DirectMethodHandleAccessor.java:103) ~[?:?]
	at java.lang.reflect.Method.invoke(Method.java:580) ~[?:?]
	at org.testng.internal.invokers.MethodInvocationHelper.invokeMethod(MethodInvocationHelper.java:141) [org.testng_7.11.0.r202503091654.jar:7.11.0]
	at org.testng.internal.invokers.MethodInvocationHelper.invokeMethodConsideringTimeout(MethodInvocationHelper.java:71) [org.testng_7.11.0.r202503091654.jar:7.11.0]
	at org.testng.internal.invokers.ConfigInvoker.invokeConfigurationMethod(ConfigInvoker.java:400) [org.testng_7.11.0.r202503091654.jar:7.11.0]
	at org.testng.internal.invokers.ConfigInvoker.invokeConfigurations(ConfigInvoker.java:333) [org.testng_7.11.0.r202503091654.jar:7.11.0]
	at org.testng.SuiteRunner.privateRun(SuiteRunner.java:358) [org.testng_7.11.0.r202503091654.jar:7.11.0]
	at org.testng.SuiteRunner.run(SuiteRunner.java:312) [org.testng_7.11.0.r202503091654.jar:7.11.0]
	at org.testng.SuiteRunnerWorker.runSuite(SuiteRunnerWorker.java:52) [org.testng_7.11.0.r202503091654.jar:7.11.0]
	at org.testng.SuiteRunnerWorker.run(SuiteRunnerWorker.java:95) [org.testng_7.11.0.r202503091654.jar:7.11.0]
	at org.testng.TestNG.runSuitesSequentially(TestNG.java:1274) [org.testng_7.11.0.r202503091654.jar:7.11.0]
	at org.testng.TestNG.runSuitesLocally(TestNG.java:1208) [org.testng_7.11.0.r202503091654.jar:7.11.0]
	at org.testng.TestNG.runSuites(TestNG.java:1112) [org.testng_7.11.0.r202503091654.jar:7.11.0]
	at org.testng.TestNG.run(TestNG.java:1079) [org.testng_7.11.0.r202503091654.jar:7.11.0]
	at org.testng.remote.AbstractRemoteTestNG.run(AbstractRemoteTestNG.java:115) [testng-remote.jar:?]
	at org.testng.remote.RemoteTestNG.initAndRun(RemoteTestNG.java:293) [testng-remote.jar:?]
	at org.testng.remote.RemoteTestNG.main(RemoteTestNG.java:91) [testng-remote.jar:?]
Caused by: org.openqa.selenium.SessionNotCreatedException: Unable to create a new remote session. Please check the server log for more details. Original error: Object reference not set to an instance of an object. (WARNING: The server did not provide any stacktrace information)
Command duration or timeout: 10.26 seconds
Build info: version: '3.141.59', revision: 'e82be7d358', time: '2018-11-14T08:17:03'
System info: host: 'VAAZID-KHAN-E42', ip: '192.168.0.118', os.name: 'Windows 11', os.arch: 'amd64', os.version: '10.0', java.version: '23.0.1'
Driver info: driver.version: WindowsDriver
Build info: version: '3.141.59', revision: 'e82be7d358', time: '2018-11-14T08:17:03'
System info: host: 'VAAZID-KHAN-E42', ip: '192.168.0.118', os.name: 'Windows 11', os.arch: 'amd64', os.version: '10.0', java.version: '23.0.1'
Driver info: driver.version: WindowsDriver
	at io.appium.java_client.remote.AppiumCommandExecutor$1.createSession(AppiumCommandExecutor.java:216) ~[java-client-7.6.0.jar:?]
	at io.appium.java_client.remote.AppiumCommandExecutor.createSession(AppiumCommandExecutor.java:225) ~[java-client-7.6.0.jar:?]
	at io.appium.java_client.remote.AppiumCommandExecutor.execute(AppiumCommandExecutor.java:250) ~[java-client-7.6.0.jar:?]
	at org.openqa.selenium.remote.RemoteWebDriver.execute(RemoteWebDriver.java:552) ~[selenium-remote-driver-3.141.59.jar:?]
	at io.appium.java_client.DefaultGenericMobileDriver.execute(DefaultGenericMobileDriver.java:41) ~[java-client-7.6.0.jar:?]
	at io.appium.java_client.AppiumDriver.execute(AppiumDriver.java:1) ~[java-client-7.6.0.jar:?]
	at io.appium.java_client.windows.WindowsDriver.execute(WindowsDriver.java:1) ~[java-client-7.6.0.jar:?]
	at org.openqa.selenium.remote.RemoteWebDriver.startSession(RemoteWebDriver.java:213) ~[selenium-remote-driver-3.141.59.jar:?]
	at io.appium.java_client.AppiumDriver.startSession(AppiumDriver.java:363) ~[java-client-7.6.0.jar:?]
	at org.openqa.selenium.remote.RemoteWebDriver.<init>(RemoteWebDriver.java:131) ~[selenium-remote-driver-3.141.59.jar:?]
	at io.appium.java_client.DefaultGenericMobileDriver.<init>(DefaultGenericMobileDriver.java:37) ~[java-client-7.6.0.jar:?]
	at io.appium.java_client.AppiumDriver.<init>(AppiumDriver.java:89) ~[java-client-7.6.0.jar:?]
	at io.appium.java_client.AppiumDriver.<init>(AppiumDriver.java:99) ~[java-client-7.6.0.jar:?]
	at io.appium.java_client.windows.WindowsDriver.<init>(WindowsDriver.java:43) ~[java-client-7.6.0.jar:?]
	at winAppDriverComponents.BaseTest.initializeDriver(BaseTest.java:87) ~[test-classes/:?]
	... 19 more
Caused by: java.lang.reflect.InvocationTargetException
	at jdk.internal.reflect.DirectMethodHandleAccessor.invoke(DirectMethodHandleAccessor.java:118) ~[?:?]
	at java.lang.reflect.Method.invoke(Method.java:580) ~[?:?]
	at io.appium.java_client.remote.AppiumCommandExecutor$1.createSession(AppiumCommandExecutor.java:193) ~[java-client-7.6.0.jar:?]
	at io.appium.java_client.remote.AppiumCommandExecutor.createSession(AppiumCommandExecutor.java:225) ~[java-client-7.6.0.jar:?]
	at io.appium.java_client.remote.AppiumCommandExecutor.execute(AppiumCommandExecutor.java:250) ~[java-client-7.6.0.jar:?]
	at org.openqa.selenium.remote.RemoteWebDriver.execute(RemoteWebDriver.java:552) ~[selenium-remote-driver-3.141.59.jar:?]
	at io.appium.java_client.DefaultGenericMobileDriver.execute(DefaultGenericMobileDriver.java:41) ~[java-client-7.6.0.jar:?]
	at io.appium.java_client.AppiumDriver.execute(AppiumDriver.java:1) ~[java-client-7.6.0.jar:?]
	at io.appium.java_client.windows.WindowsDriver.execute(WindowsDriver.java:1) ~[java-client-7.6.0.jar:?]
	at org.openqa.selenium.remote.RemoteWebDriver.startSession(RemoteWebDriver.java:213) ~[selenium-remote-driver-3.141.59.jar:?]
	at io.appium.java_client.AppiumDriver.startSession(AppiumDriver.java:363) ~[java-client-7.6.0.jar:?]
	at org.openqa.selenium.remote.RemoteWebDriver.<init>(RemoteWebDriver.java:131) ~[selenium-remote-driver-3.141.59.jar:?]
	at io.appium.java_client.DefaultGenericMobileDriver.<init>(DefaultGenericMobileDriver.java:37) ~[java-client-7.6.0.jar:?]
	at io.appium.java_client.AppiumDriver.<init>(AppiumDriver.java:89) ~[java-client-7.6.0.jar:?]
	at io.appium.java_client.AppiumDriver.<init>(AppiumDriver.java:99) ~[java-client-7.6.0.jar:?]
	at io.appium.java_client.windows.WindowsDriver.<init>(WindowsDriver.java:43) ~[java-client-7.6.0.jar:?]
	at winAppDriverComponents.BaseTest.initializeDriver(BaseTest.java:87) ~[test-classes/:?]
	... 19 more
Caused by: org.openqa.selenium.WebDriverException: Object reference not set to an instance of an object. (WARNING: The server did not provide any stacktrace information)
Command duration or timeout: 10.26 seconds
Build info: version: '3.141.59', revision: 'e82be7d358', time: '2018-11-14T08:17:03'
System info: host: 'VAAZID-KHAN-E42', ip: '192.168.0.118', os.name: 'Windows 11', os.arch: 'amd64', os.version: '10.0', java.version: '23.0.1'
Driver info: driver.version: WindowsDriver
	at jdk.internal.reflect.DirectConstructorHandleAccessor.newInstance(DirectConstructorHandleAccessor.java:62) ~[?:?]
	at java.lang.reflect.Constructor.newInstanceWithCaller(Constructor.java:501) ~[?:?]
	at java.lang.reflect.Constructor.newInstance(Constructor.java:485) ~[?:?]
	at org.openqa.selenium.remote.ErrorHandler.createThrowable(ErrorHandler.java:214) ~[selenium-remote-driver-3.141.59.jar:?]
	at org.openqa.selenium.remote.ErrorHandler.throwIfResponseFailed(ErrorHandler.java:166) ~[selenium-remote-driver-3.141.59.jar:?]
	at org.openqa.selenium.remote.JsonWireProtocolResponse.lambda$errorHandler$0(JsonWireProtocolResponse.java:54) ~[selenium-remote-driver-3.141.59.jar:?]
	at org.openqa.selenium.remote.HandshakeResponse.lambda$getResponseFunction$0(HandshakeResponse.java:30) ~[selenium-remote-driver-3.141.59.jar:?]
	at org.openqa.selenium.remote.ProtocolHandshake.lambda$createSession$0(ProtocolHandshake.java:126) ~[selenium-remote-driver-3.141.59.jar:?]
	at java.util.stream.ReferencePipeline$3$1.accept(ReferencePipeline.java:215) ~[?:?]
	at java.util.Spliterators$ArraySpliterator.tryAdvance(Spliterators.java:1034) ~[?:?]
	at java.util.stream.ReferencePipeline.forEachWithCancel(ReferencePipeline.java:147) ~[?:?]
	at java.util.stream.AbstractPipeline.copyIntoWithCancel(AbstractPipeline.java:588) ~[?:?]
	at java.util.stream.AbstractPipeline.copyInto(AbstractPipeline.java:574) ~[?:?]
	at java.util.stream.AbstractPipeline.wrapAndCopyInto(AbstractPipeline.java:560) ~[?:?]
	at java.util.stream.FindOps$FindOp.evaluateSequential(FindOps.java:150) ~[?:?]
	at java.util.stream.AbstractPipeline.evaluate(AbstractPipeline.java:265) ~[?:?]
	at java.util.stream.ReferencePipeline.findFirst(ReferencePipeline.java:687) ~[?:?]
	at org.openqa.selenium.remote.ProtocolHandshake.createSession(ProtocolHandshake.java:128) ~[selenium-remote-driver-3.141.59.jar:?]
	at jdk.internal.reflect.DirectMethodHandleAccessor.invoke(DirectMethodHandleAccessor.java:103) ~[?:?]
	at java.lang.reflect.Method.invoke(Method.java:580) ~[?:?]
	at io.appium.java_client.remote.AppiumCommandExecutor$1.createSession(AppiumCommandExecutor.java:193) ~[java-client-7.6.0.jar:?]
	at io.appium.java_client.remote.AppiumCommandExecutor.createSession(AppiumCommandExecutor.java:225) ~[java-client-7.6.0.jar:?]
	at io.appium.java_client.remote.AppiumCommandExecutor.execute(AppiumCommandExecutor.java:250) ~[java-client-7.6.0.jar:?]
	at org.openqa.selenium.remote.RemoteWebDriver.execute(RemoteWebDriver.java:552) ~[selenium-remote-driver-3.141.59.jar:?]
	at io.appium.java_client.DefaultGenericMobileDriver.execute(DefaultGenericMobileDriver.java:41) ~[java-client-7.6.0.jar:?]
	at io.appium.java_client.AppiumDriver.execute(AppiumDriver.java:1) ~[java-client-7.6.0.jar:?]
	at io.appium.java_client.windows.WindowsDriver.execute(WindowsDriver.java:1) ~[java-client-7.6.0.jar:?]
	at org.openqa.selenium.remote.RemoteWebDriver.startSession(RemoteWebDriver.java:213) ~[selenium-remote-driver-3.141.59.jar:?]
	at io.appium.java_client.AppiumDriver.startSession(AppiumDriver.java:363) ~[java-client-7.6.0.jar:?]
	at org.openqa.selenium.remote.RemoteWebDriver.<init>(RemoteWebDriver.java:131) ~[selenium-remote-driver-3.141.59.jar:?]
	at io.appium.java_client.DefaultGenericMobileDriver.<init>(DefaultGenericMobileDriver.java:37) ~[java-client-7.6.0.jar:?]
	at io.appium.java_client.AppiumDriver.<init>(AppiumDriver.java:89) ~[java-client-7.6.0.jar:?]
	at io.appium.java_client.AppiumDriver.<init>(AppiumDriver.java:99) ~[java-client-7.6.0.jar:?]
	at io.appium.java_client.windows.WindowsDriver.<init>(WindowsDriver.java:43) ~[java-client-7.6.0.jar:?]
	at winAppDriverComponents.BaseTest.initializeDriver(BaseTest.java:87) ~[test-classes/:?]
	... 19 more
2025-06-19 11:23:59.052 [main] INFO  winAppDriverComponents.BaseTest - Killed all WinAppDriver processes
2025-06-19 11:23:59.070 [main] INFO  winAppDriverComponents.BaseTest - WinAppDriver started at http://127.0.0.1:4723
2025-06-19 11:24:10.078 [main] INFO  winAppDriverComponents.BaseTest - Initial driver session created
2025-06-19 11:24:12.099 [main] ERROR winAppDriverComponents.BaseTest - Failed to attach WindowsDriver using appTopLevelWindow
org.openqa.selenium.NoSuchWindowException: Currently selected window has been closed (WARNING: The server did not provide any stacktrace information)
Command duration or timeout: 0 milliseconds
Build info: version: '3.141.59', revision: 'e82be7d358', time: '2018-11-14T08:17:03'
System info: host: 'VAAZID-KHAN-E42', ip: '192.168.0.118', os.name: 'Windows 11', os.arch: 'amd64', os.version: '10.0', java.version: '23.0.1'
Driver info: io.appium.java_client.windows.WindowsDriver
Capabilities {app: C:\Program Files (x86)\Just..., javascriptEnabled: true, ms:waitForAppLaunch: 10, platform: WINDOWS, platformName: Windows}
Session ID: 583C0820-1ACA-4CC8-837D-3146521F6312
	at jdk.internal.reflect.DirectConstructorHandleAccessor.newInstance(DirectConstructorHandleAccessor.java:62) ~[?:?]
	at java.lang.reflect.Constructor.newInstanceWithCaller(Constructor.java:501) ~[?:?]
	at java.lang.reflect.Constructor.newInstance(Constructor.java:485) ~[?:?]
	at org.openqa.selenium.remote.ErrorHandler.createThrowable(ErrorHandler.java:214) ~[selenium-remote-driver-3.141.59.jar:?]
	at org.openqa.selenium.remote.ErrorHandler.throwIfResponseFailed(ErrorHandler.java:166) ~[selenium-remote-driver-3.141.59.jar:?]
	at org.openqa.selenium.remote.http.JsonHttpResponseCodec.reconstructValue(JsonHttpResponseCodec.java:40) ~[selenium-remote-driver-3.141.59.jar:?]
	at org.openqa.selenium.remote.http.AbstractHttpResponseCodec.decode(AbstractHttpResponseCodec.java:80) ~[selenium-remote-driver-3.141.59.jar:?]
	at org.openqa.selenium.remote.http.AbstractHttpResponseCodec.decode(AbstractHttpResponseCodec.java:44) ~[selenium-remote-driver-3.141.59.jar:?]
	at org.openqa.selenium.remote.HttpCommandExecutor.execute(HttpCommandExecutor.java:158) ~[selenium-remote-driver-3.141.59.jar:?]
	at io.appium.java_client.remote.AppiumCommandExecutor.execute(AppiumCommandExecutor.java:250) ~[java-client-7.6.0.jar:?]
	at org.openqa.selenium.remote.RemoteWebDriver.execute(RemoteWebDriver.java:552) ~[selenium-remote-driver-3.141.59.jar:?]
	at io.appium.java_client.DefaultGenericMobileDriver.execute(DefaultGenericMobileDriver.java:45) ~[java-client-7.6.0.jar:?]
	at io.appium.java_client.AppiumDriver.execute(AppiumDriver.java:1) ~[java-client-7.6.0.jar:?]
	at io.appium.java_client.windows.WindowsDriver.execute(WindowsDriver.java:1) ~[java-client-7.6.0.jar:?]
	at org.openqa.selenium.remote.RemoteWebDriver.getWindowHandle(RemoteWebDriver.java:472) ~[selenium-remote-driver-3.141.59.jar:?]
	at winAppDriverComponents.BaseTest.initializeDriver(BaseTest.java:91) [test-classes/:?]
	at winAppDriverComponents.BaseTest.startWinAppDriver(BaseTest.java:74) [test-classes/:?]
	at winAppDriverComponents.BaseTest.setUp(BaseTest.java:26) [test-classes/:?]
	at jdk.internal.reflect.DirectMethodHandleAccessor.invoke(DirectMethodHandleAccessor.java:103) ~[?:?]
	at java.lang.reflect.Method.invoke(Method.java:580) ~[?:?]
	at org.testng.internal.invokers.MethodInvocationHelper.invokeMethod(MethodInvocationHelper.java:141) [org.testng_7.11.0.r202503091654.jar:7.11.0]
	at org.testng.internal.invokers.MethodInvocationHelper.invokeMethodConsideringTimeout(MethodInvocationHelper.java:71) [org.testng_7.11.0.r202503091654.jar:7.11.0]
	at org.testng.internal.invokers.ConfigInvoker.invokeConfigurationMethod(ConfigInvoker.java:400) [org.testng_7.11.0.r202503091654.jar:7.11.0]
	at org.testng.internal.invokers.ConfigInvoker.invokeConfigurations(ConfigInvoker.java:333) [org.testng_7.11.0.r202503091654.jar:7.11.0]
	at org.testng.SuiteRunner.privateRun(SuiteRunner.java:358) [org.testng_7.11.0.r202503091654.jar:7.11.0]
	at org.testng.SuiteRunner.run(SuiteRunner.java:312) [org.testng_7.11.0.r202503091654.jar:7.11.0]
	at org.testng.SuiteRunnerWorker.runSuite(SuiteRunnerWorker.java:52) [org.testng_7.11.0.r202503091654.jar:7.11.0]
	at org.testng.SuiteRunnerWorker.run(SuiteRunnerWorker.java:95) [org.testng_7.11.0.r202503091654.jar:7.11.0]
	at org.testng.TestNG.runSuitesSequentially(TestNG.java:1274) [org.testng_7.11.0.r202503091654.jar:7.11.0]
	at org.testng.TestNG.runSuitesLocally(TestNG.java:1208) [org.testng_7.11.0.r202503091654.jar:7.11.0]
	at org.testng.TestNG.runSuites(TestNG.java:1112) [org.testng_7.11.0.r202503091654.jar:7.11.0]
	at org.testng.TestNG.run(TestNG.java:1079) [org.testng_7.11.0.r202503091654.jar:7.11.0]
	at org.testng.remote.AbstractRemoteTestNG.run(AbstractRemoteTestNG.java:115) [testng-remote.jar:?]
	at org.testng.remote.RemoteTestNG.initAndRun(RemoteTestNG.java:293) [testng-remote.jar:?]
	at org.testng.remote.RemoteTestNG.main(RemoteTestNG.java:91) [testng-remote.jar:?]
2025-06-19 11:24:12.108 [main] ERROR winAppDriverComponents.BaseTest - Failed to set up test
java.lang.RuntimeException: Failed to attach WindowsDriver
	at winAppDriverComponents.BaseTest.initializeDriver(BaseTest.java:115) ~[test-classes/:?]
	at winAppDriverComponents.BaseTest.startWinAppDriver(BaseTest.java:74) ~[test-classes/:?]
	at winAppDriverComponents.BaseTest.setUp(BaseTest.java:26) [test-classes/:?]
	at jdk.internal.reflect.DirectMethodHandleAccessor.invoke(DirectMethodHandleAccessor.java:103) ~[?:?]
	at java.lang.reflect.Method.invoke(Method.java:580) ~[?:?]
	at org.testng.internal.invokers.MethodInvocationHelper.invokeMethod(MethodInvocationHelper.java:141) [org.testng_7.11.0.r202503091654.jar:7.11.0]
	at org.testng.internal.invokers.MethodInvocationHelper.invokeMethodConsideringTimeout(MethodInvocationHelper.java:71) [org.testng_7.11.0.r202503091654.jar:7.11.0]
	at org.testng.internal.invokers.ConfigInvoker.invokeConfigurationMethod(ConfigInvoker.java:400) [org.testng_7.11.0.r202503091654.jar:7.11.0]
	at org.testng.internal.invokers.ConfigInvoker.invokeConfigurations(ConfigInvoker.java:333) [org.testng_7.11.0.r202503091654.jar:7.11.0]
	at org.testng.SuiteRunner.privateRun(SuiteRunner.java:358) [org.testng_7.11.0.r202503091654.jar:7.11.0]
	at org.testng.SuiteRunner.run(SuiteRunner.java:312) [org.testng_7.11.0.r202503091654.jar:7.11.0]
	at org.testng.SuiteRunnerWorker.runSuite(SuiteRunnerWorker.java:52) [org.testng_7.11.0.r202503091654.jar:7.11.0]
	at org.testng.SuiteRunnerWorker.run(SuiteRunnerWorker.java:95) [org.testng_7.11.0.r202503091654.jar:7.11.0]
	at org.testng.TestNG.runSuitesSequentially(TestNG.java:1274) [org.testng_7.11.0.r202503091654.jar:7.11.0]
	at org.testng.TestNG.runSuitesLocally(TestNG.java:1208) [org.testng_7.11.0.r202503091654.jar:7.11.0]
	at org.testng.TestNG.runSuites(TestNG.java:1112) [org.testng_7.11.0.r202503091654.jar:7.11.0]
	at org.testng.TestNG.run(TestNG.java:1079) [org.testng_7.11.0.r202503091654.jar:7.11.0]
	at org.testng.remote.AbstractRemoteTestNG.run(AbstractRemoteTestNG.java:115) [testng-remote.jar:?]
	at org.testng.remote.RemoteTestNG.initAndRun(RemoteTestNG.java:293) [testng-remote.jar:?]
	at org.testng.remote.RemoteTestNG.main(RemoteTestNG.java:91) [testng-remote.jar:?]
Caused by: org.openqa.selenium.NoSuchWindowException: Currently selected window has been closed (WARNING: The server did not provide any stacktrace information)
Command duration or timeout: 0 milliseconds
Build info: version: '3.141.59', revision: 'e82be7d358', time: '2018-11-14T08:17:03'
System info: host: 'VAAZID-KHAN-E42', ip: '192.168.0.118', os.name: 'Windows 11', os.arch: 'amd64', os.version: '10.0', java.version: '23.0.1'
Driver info: io.appium.java_client.windows.WindowsDriver
Capabilities {app: C:\Program Files (x86)\Just..., javascriptEnabled: true, ms:waitForAppLaunch: 10, platform: WINDOWS, platformName: Windows}
Session ID: 583C0820-1ACA-4CC8-837D-3146521F6312
	at jdk.internal.reflect.DirectConstructorHandleAccessor.newInstance(DirectConstructorHandleAccessor.java:62) ~[?:?]
	at java.lang.reflect.Constructor.newInstanceWithCaller(Constructor.java:501) ~[?:?]
	at java.lang.reflect.Constructor.newInstance(Constructor.java:485) ~[?:?]
	at org.openqa.selenium.remote.ErrorHandler.createThrowable(ErrorHandler.java:214) ~[selenium-remote-driver-3.141.59.jar:?]
	at org.openqa.selenium.remote.ErrorHandler.throwIfResponseFailed(ErrorHandler.java:166) ~[selenium-remote-driver-3.141.59.jar:?]
	at org.openqa.selenium.remote.http.JsonHttpResponseCodec.reconstructValue(JsonHttpResponseCodec.java:40) ~[selenium-remote-driver-3.141.59.jar:?]
	at org.openqa.selenium.remote.http.AbstractHttpResponseCodec.decode(AbstractHttpResponseCodec.java:80) ~[selenium-remote-driver-3.141.59.jar:?]
	at org.openqa.selenium.remote.http.AbstractHttpResponseCodec.decode(AbstractHttpResponseCodec.java:44) ~[selenium-remote-driver-3.141.59.jar:?]
	at org.openqa.selenium.remote.HttpCommandExecutor.execute(HttpCommandExecutor.java:158) ~[selenium-remote-driver-3.141.59.jar:?]
	at io.appium.java_client.remote.AppiumCommandExecutor.execute(AppiumCommandExecutor.java:250) ~[java-client-7.6.0.jar:?]
	at org.openqa.selenium.remote.RemoteWebDriver.execute(RemoteWebDriver.java:552) ~[selenium-remote-driver-3.141.59.jar:?]
	at io.appium.java_client.DefaultGenericMobileDriver.execute(DefaultGenericMobileDriver.java:45) ~[java-client-7.6.0.jar:?]
	at io.appium.java_client.AppiumDriver.execute(AppiumDriver.java:1) ~[java-client-7.6.0.jar:?]
	at io.appium.java_client.windows.WindowsDriver.execute(WindowsDriver.java:1) ~[java-client-7.6.0.jar:?]
	at org.openqa.selenium.remote.RemoteWebDriver.getWindowHandle(RemoteWebDriver.java:472) ~[selenium-remote-driver-3.141.59.jar:?]
	at winAppDriverComponents.BaseTest.initializeDriver(BaseTest.java:91) ~[test-classes/:?]
	... 19 more
2025-06-19 11:26:04.879 [main] INFO  reusableComponents.ConfigReader - Loaded config.properties from file system: config/config.properties
2025-06-19 11:26:04.884 [main] INFO  reusableComponents.ConfigReader - Loaded strings.xml from classpath: strings/strings.xml
2025-06-19 11:26:04.939 [main] INFO  winAppDriverComponents.BaseTest - Logs directory ready: resources/logs/
2025-06-19 11:26:05.041 [main] INFO  winAppDriverComponents.BaseTest - Killed all WinAppDriver processes
2025-06-19 11:26:05.046 [main] INFO  winAppDriverComponents.BaseTest - WinAppDriver started at http://127.0.0.1:4723
2025-06-19 11:26:16.064 [main] INFO  winAppDriverComponents.BaseTest - Initial driver session created
2025-06-19 11:26:18.075 [main] INFO  winAppDriverComponents.BaseTest - Window handle (hex): 0x0000000000070B3E
2025-06-19 11:26:18.076 [main] INFO  winAppDriverComponents.BaseTest - Using appTopLevelWindow: 00070B3E
2025-06-19 11:28:50.358 [main] INFO  reusableComponents.ConfigReader - Loaded config.properties from file system: config/config.properties
2025-06-19 11:28:50.364 [main] INFO  reusableComponents.ConfigReader - Loaded strings.xml from classpath: strings/strings.xml
2025-06-19 11:28:50.437 [main] INFO  winAppDriverComponents.BaseTest - Logs directory ready: resources/logs/
2025-06-19 11:28:50.547 [main] INFO  winAppDriverComponents.BaseTest - Killed all WinAppDriver processes
2025-06-19 11:28:50.551 [main] INFO  winAppDriverComponents.BaseTest - WinAppDriver started at http://127.0.0.1:4723
2025-06-19 11:28:50.563 [main] WARN  winAppDriverComponents.BaseTest - Retry 1 failed: Unable to create a new remote session. Original error: Connection reset
Build info: version: '3.141.59', revision: 'e82be7d358', time: '2018-11-14T08:17:03'
System info: host: 'VAAZID-KHAN-E42', ip: '192.168.0.118', os.name: 'Windows 11', os.arch: 'amd64', os.version: '10.0', java.version: '23.0.1'
Driver info: driver.version: WindowsDriver
2025-06-19 11:28:52.589 [main] WARN  winAppDriverComponents.BaseTest - Retry 2 failed: Unable to create a new remote session. Please check the server log for more details. Original error: Cannot find active window specified by capabilities: appTopLevelWindow (WARNING: The server did not provide any stacktrace information)
Command duration or timeout: 6 milliseconds
Build info: version: '3.141.59', revision: 'e82be7d358', time: '2018-11-14T08:17:03'
System info: host: 'VAAZID-KHAN-E42', ip: '192.168.0.118', os.name: 'Windows 11', os.arch: 'amd64', os.version: '10.0', java.version: '23.0.1'
Driver info: driver.version: WindowsDriver
Build info: version: '3.141.59', revision: 'e82be7d358', time: '2018-11-14T08:17:03'
System info: host: 'VAAZID-KHAN-E42', ip: '192.168.0.118', os.name: 'Windows 11', os.arch: 'amd64', os.version: '10.0', java.version: '23.0.1'
Driver info: driver.version: WindowsDriver
2025-06-19 11:28:54.613 [main] WARN  winAppDriverComponents.BaseTest - Retry 3 failed: Unable to create a new remote session. Please check the server log for more details. Original error: Cannot find active window specified by capabilities: appTopLevelWindow (WARNING: The server did not provide any stacktrace information)
Command duration or timeout: 5 milliseconds
Build info: version: '3.141.59', revision: 'e82be7d358', time: '2018-11-14T08:17:03'
System info: host: 'VAAZID-KHAN-E42', ip: '192.168.0.118', os.name: 'Windows 11', os.arch: 'amd64', os.version: '10.0', java.version: '23.0.1'
Driver info: driver.version: WindowsDriver
Build info: version: '3.141.59', revision: 'e82be7d358', time: '2018-11-14T08:17:03'
System info: host: 'VAAZID-KHAN-E42', ip: '192.168.0.118', os.name: 'Windows 11', os.arch: 'amd64', os.version: '10.0', java.version: '23.0.1'
Driver info: driver.version: WindowsDriver
2025-06-19 11:28:56.627 [main] ERROR winAppDriverComponents.BaseTest - Failed to attach WindowsDriver using appTopLevelWindow
java.lang.RuntimeException:  All attempts to attach with appTopLevelWindow failed
	at winAppDriverComponents.BaseTest.initializeDriver(BaseTest.java:117) [test-classes/:?]
	at winAppDriverComponents.BaseTest.startWinAppDriver(BaseTest.java:74) [test-classes/:?]
	at winAppDriverComponents.BaseTest.setUp(BaseTest.java:26) [test-classes/:?]
	at jdk.internal.reflect.DirectMethodHandleAccessor.invoke(DirectMethodHandleAccessor.java:103) ~[?:?]
	at java.lang.reflect.Method.invoke(Method.java:580) ~[?:?]
	at org.testng.internal.invokers.MethodInvocationHelper.invokeMethod(MethodInvocationHelper.java:141) [org.testng_7.11.0.r202503091654.jar:7.11.0]
	at org.testng.internal.invokers.MethodInvocationHelper.invokeMethodConsideringTimeout(MethodInvocationHelper.java:71) [org.testng_7.11.0.r202503091654.jar:7.11.0]
	at org.testng.internal.invokers.ConfigInvoker.invokeConfigurationMethod(ConfigInvoker.java:400) [org.testng_7.11.0.r202503091654.jar:7.11.0]
	at org.testng.internal.invokers.ConfigInvoker.invokeConfigurations(ConfigInvoker.java:333) [org.testng_7.11.0.r202503091654.jar:7.11.0]
	at org.testng.SuiteRunner.privateRun(SuiteRunner.java:358) [org.testng_7.11.0.r202503091654.jar:7.11.0]
	at org.testng.SuiteRunner.run(SuiteRunner.java:312) [org.testng_7.11.0.r202503091654.jar:7.11.0]
	at org.testng.SuiteRunnerWorker.runSuite(SuiteRunnerWorker.java:52) [org.testng_7.11.0.r202503091654.jar:7.11.0]
	at org.testng.SuiteRunnerWorker.run(SuiteRunnerWorker.java:95) [org.testng_7.11.0.r202503091654.jar:7.11.0]
	at org.testng.TestNG.runSuitesSequentially(TestNG.java:1274) [org.testng_7.11.0.r202503091654.jar:7.11.0]
	at org.testng.TestNG.runSuitesLocally(TestNG.java:1208) [org.testng_7.11.0.r202503091654.jar:7.11.0]
	at org.testng.TestNG.runSuites(TestNG.java:1112) [org.testng_7.11.0.r202503091654.jar:7.11.0]
	at org.testng.TestNG.run(TestNG.java:1079) [org.testng_7.11.0.r202503091654.jar:7.11.0]
	at org.testng.remote.AbstractRemoteTestNG.run(AbstractRemoteTestNG.java:115) [testng-remote.jar:?]
	at org.testng.remote.RemoteTestNG.initAndRun(RemoteTestNG.java:293) [testng-remote.jar:?]
	at org.testng.remote.RemoteTestNG.main(RemoteTestNG.java:91) [testng-remote.jar:?]
2025-06-19 11:28:56.639 [main] ERROR winAppDriverComponents.BaseTest - Failed to set up test
java.lang.RuntimeException: Failed to attach WindowsDriver
	at winAppDriverComponents.BaseTest.initializeDriver(BaseTest.java:120) ~[test-classes/:?]
	at winAppDriverComponents.BaseTest.startWinAppDriver(BaseTest.java:74) ~[test-classes/:?]
	at winAppDriverComponents.BaseTest.setUp(BaseTest.java:26) [test-classes/:?]
	at jdk.internal.reflect.DirectMethodHandleAccessor.invoke(DirectMethodHandleAccessor.java:103) ~[?:?]
	at java.lang.reflect.Method.invoke(Method.java:580) ~[?:?]
	at org.testng.internal.invokers.MethodInvocationHelper.invokeMethod(MethodInvocationHelper.java:141) [org.testng_7.11.0.r202503091654.jar:7.11.0]
	at org.testng.internal.invokers.MethodInvocationHelper.invokeMethodConsideringTimeout(MethodInvocationHelper.java:71) [org.testng_7.11.0.r202503091654.jar:7.11.0]
	at org.testng.internal.invokers.ConfigInvoker.invokeConfigurationMethod(ConfigInvoker.java:400) [org.testng_7.11.0.r202503091654.jar:7.11.0]
	at org.testng.internal.invokers.ConfigInvoker.invokeConfigurations(ConfigInvoker.java:333) [org.testng_7.11.0.r202503091654.jar:7.11.0]
	at org.testng.SuiteRunner.privateRun(SuiteRunner.java:358) [org.testng_7.11.0.r202503091654.jar:7.11.0]
	at org.testng.SuiteRunner.run(SuiteRunner.java:312) [org.testng_7.11.0.r202503091654.jar:7.11.0]
	at org.testng.SuiteRunnerWorker.runSuite(SuiteRunnerWorker.java:52) [org.testng_7.11.0.r202503091654.jar:7.11.0]
	at org.testng.SuiteRunnerWorker.run(SuiteRunnerWorker.java:95) [org.testng_7.11.0.r202503091654.jar:7.11.0]
	at org.testng.TestNG.runSuitesSequentially(TestNG.java:1274) [org.testng_7.11.0.r202503091654.jar:7.11.0]
	at org.testng.TestNG.runSuitesLocally(TestNG.java:1208) [org.testng_7.11.0.r202503091654.jar:7.11.0]
	at org.testng.TestNG.runSuites(TestNG.java:1112) [org.testng_7.11.0.r202503091654.jar:7.11.0]
	at org.testng.TestNG.run(TestNG.java:1079) [org.testng_7.11.0.r202503091654.jar:7.11.0]
	at org.testng.remote.AbstractRemoteTestNG.run(AbstractRemoteTestNG.java:115) [testng-remote.jar:?]
	at org.testng.remote.RemoteTestNG.initAndRun(RemoteTestNG.java:293) [testng-remote.jar:?]
	at org.testng.remote.RemoteTestNG.main(RemoteTestNG.java:91) [testng-remote.jar:?]
Caused by: java.lang.RuntimeException:  All attempts to attach with appTopLevelWindow failed
	at winAppDriverComponents.BaseTest.initializeDriver(BaseTest.java:117) ~[test-classes/:?]
	... 19 more
2025-06-19 11:29:01.188 [main] INFO  winAppDriverComponents.BaseTest - Initial driver session created
