<?xml version="1.0" encoding="UTF-8"?>
<!-- Generated by org.testng.reporters.JUnitXMLReporter -->
<testsuite ignored="162" hostname="Vaazid-Khan-E428" failures="0" tests="1" name="Functional_Testing" time="56.822" errors="0" timestamp="2025-09-04T17:38:11 IST">
  <testcase classname="JBWindows_Masters.ProductCategoriesPage_UnitTest" name="fnVerifyDelete_Product_CategoryFeature_for_withoutInternet_Validation" time="4.325"/>
  <testcase classname="JBWindows_Masters.BrandPage_UnitTest" name="fnVerifySuccessfulBrandCreation" time="0.0">
    <ignored/>
  </testcase> <!-- fnVerifySuccessfulBrandCreation -->
  <testcase classname="JBWindows_Masters.AgentPage_UnitTest" name="fn_Active_AgentCreation" time="0.0">
    <ignored/>
  </testcase> <!-- fn_Active_AgentCreation -->
  <testcase classname="JBWindows_Masters.DiscountRulePage_UnitTest" name="fnVerifyFieldVisibility" time="0.0">
    <ignored/>
  </testcase> <!-- fnVerifyFieldVisibility -->
  <testcase classname="JBWindows_Masters.AgentPage_UnitTest" name="fnDeleteInActive_Agent" time="0.0">
    <ignored/>
  </testcase> <!-- fnDeleteInActive_Agent -->
  <testcase classname="JBWindows_Masters.SupplierPage_UnitTest" name="fnDelete_SupplierCreation_for_WithoutInternet" time="0.0">
    <ignored/>
  </testcase> <!-- fnDelete_SupplierCreation_for_WithoutInternet -->
  <testcase classname="JBWindows_Masters.AgentPage_UnitTest" name="fnDelete_Agent_for_WithoutInternet" time="0.0">
    <ignored/>
  </testcase> <!-- fnDelete_Agent_for_WithoutInternet -->
  <testcase classname="JBWindows_Masters.CustomerPage_UnitTest" name="fnCustomerDelete_CustomerType_B2C" time="0.0">
    <ignored/>
  </testcase> <!-- fnCustomerDelete_CustomerType_B2C -->
  <testcase classname="JBWindows_Masters.ProductPage_Test" name="FnVerify_InActive_Product_Creation" time="0.0">
    <ignored/>
  </testcase> <!-- FnVerify_InActive_Product_Creation -->
  <testcase classname="JBWindows_Masters.SupplierPage_UnitTest" name="fnSupplierCreation_for_PurchaseInvoiceFeature_Two" time="0.0">
    <ignored/>
  </testcase> <!-- fnSupplierCreation_for_PurchaseInvoiceFeature_Two -->
  <testcase classname="JBWindows_Masters.SupplierPage_UnitTest" name="fnDelete_InActive_SupplierCreation" time="0.0">
    <ignored/>
  </testcase> <!-- fnDelete_InActive_SupplierCreation -->
  <testcase classname="JBWindows_Masters.DiscountRulePage_UnitTest" name="fnDiscountRuleDelete_withDiscountType_Item_for_withoutInternet" time="0.0">
    <ignored/>
  </testcase> <!-- fnDiscountRuleDelete_withDiscountType_Item_for_withoutInternet -->
  <testcase classname="JBWindows_Masters.CustomerPage_UnitTest" name="fnCustomerCreation_CustomerType_B2C" time="0.0">
    <ignored/>
  </testcase> <!-- fnCustomerCreation_CustomerType_B2C -->
  <testcase classname="JBWindows_Masters.DiscountRulePage_UnitTest" name="fnInActive_DiscountRuleDelete_withDiscountType_Invoice" time="0.0">
    <ignored/>
  </testcase> <!-- fnInActive_DiscountRuleDelete_withDiscountType_Invoice -->
  <testcase classname="JBWindows_Masters.TaxGroupPage_Test" name="fnDeleteTaxGroup_for_withoutInternet" time="0.0">
    <ignored/>
  </testcase> <!-- fnDeleteTaxGroup_for_withoutInternet -->
  <testcase classname="JBWindows_Masters.AgentPage_UnitTest" name="fn_InActive_AgentCreation" time="0.0">
    <ignored/>
  </testcase> <!-- fn_InActive_AgentCreation -->
  <testcase classname="JBWindows_Masters.CustomerPage_UnitTest" name="fnVerifyFieldEnableOrNotCustomerType_B2B" time="0.0">
    <ignored/>
  </testcase> <!-- fnVerifyFieldEnableOrNotCustomerType_B2B -->
  <testcase classname="JBWindows_Masters.BrandPage_UnitTest" name="fnVerifyFieldVisibility" time="0.0">
    <ignored/>
  </testcase> <!-- fnVerifyFieldVisibility -->
  <testcase classname="JBWindows_Masters.SupplierPage_UnitTest" name="fnDelete_SupplierCreation" time="0.0">
    <ignored/>
  </testcase> <!-- fnDelete_SupplierCreation -->
  <testcase classname="JBWindows_Masters.CustomerPage_UnitTest" name="fnCustomerCreation_CustomerType_B2B" time="0.0">
    <ignored/>
  </testcase> <!-- fnCustomerCreation_CustomerType_B2B -->
  <testcase classname="JBWindows_Masters.AgentPage_UnitTest" name="fnDeleteAgent" time="0.0">
    <ignored/>
  </testcase> <!-- fnDeleteAgent -->
  <testcase classname="JBWindows_Masters.ProductPage_Test" name="fnProduct_Creation_MappedBy_BatchNumber" time="0.0">
    <ignored/>
  </testcase> <!-- fnProduct_Creation_MappedBy_BatchNumber -->
  <testcase classname="JBWindows_Masters.ProductPage_Test" name="fnProduct_Creation_for_ProductionOFBatchNO_as_a_FinishedGood" time="0.0">
    <ignored/>
  </testcase> <!-- fnProduct_Creation_for_ProductionOFBatchNO_as_a_FinishedGood -->
  <testcase classname="JBWindows_Masters.TaxRatePage_UnitTest" name="fnTaxrateDelete_for_withoutInternet" time="0.0">
    <ignored/>
  </testcase> <!-- fnTaxrateDelete_for_withoutInternet -->
  <testcase classname="JBWindows_Masters.UnitsPage_Test" name="fnUnitsDelete_for_withoutInternet" time="0.0">
    <ignored/>
  </testcase> <!-- fnUnitsDelete_for_withoutInternet -->
  <testcase classname="JBWindows_Masters.ProductPage_Test" name="fnProduct_Creation_MappedBy_SerialNumber" time="0.0">
    <ignored/>
  </testcase> <!-- fnProduct_Creation_MappedBy_SerialNumber -->
  <testcase classname="JBWindows_Masters.CustomerPage_UnitTest" name="fnActive_CustomerCreation_CustomerType_B2B_for_CustomerDiscount" time="0.0">
    <ignored/>
  </testcase> <!-- fnActive_CustomerCreation_CustomerType_B2B_for_CustomerDiscount -->
  <testcase classname="JBWindows_Masters.ProductPage_Test" name="fnProduct_Creation_for_Production_as_a_FinishedGood" time="0.0">
    <ignored/>
  </testcase> <!-- fnProduct_Creation_for_Production_as_a_FinishedGood -->
  <testcase classname="JBWindows_Masters.DiscountRulePage_UnitTest" name="fnDiscountRuleCreation_withDiscountType_Item_for_WithoutInternet" time="0.0">
    <ignored/>
  </testcase> <!-- fnDiscountRuleCreation_withDiscountType_Item_for_WithoutInternet -->
  <testcase classname="JBWindows_Masters.CustomerPage_UnitTest" name="fnActive_CustomerCreation_CustomerType_B2C" time="0.0">
    <ignored/>
  </testcase> <!-- fnActive_CustomerCreation_CustomerType_B2C -->
  <testcase classname="JBWindows_Masters.CustomerPage_UnitTest" name="fnInActive_CustomerCreation_CustomerType_B2B" time="0.0">
    <ignored/>
  </testcase> <!-- fnInActive_CustomerCreation_CustomerType_B2B -->
  <testcase classname="JBWindows_Masters.ProductCategoriesPage_UnitTest" name="fnVerifyDeleteParent_Product_CategoryFeature" time="0.0">
    <ignored/>
  </testcase> <!-- fnVerifyDeleteParent_Product_CategoryFeature -->
  <testcase classname="JBWindows_Masters.BrandPage_UnitTest" name="fnVerify_BrandCreation_for_withoutInternet" time="0.0">
    <ignored/>
  </testcase> <!-- fnVerify_BrandCreation_for_withoutInternet -->
  <testcase classname="JBWindows_Masters.BrandPage_UnitTest" name="fnVerifyDelete_BrandFeature_for_WithoutInternet" time="0.0">
    <ignored/>
  </testcase> <!-- fnVerifyDelete_BrandFeature_for_WithoutInternet -->
  <testcase classname="JBWindows_Masters.BrandPage_UnitTest" name="fnVerifyEditBrandFeature" time="0.0">
    <ignored/>
  </testcase> <!-- fnVerifyEditBrandFeature -->
  <testcase classname="JBWindows_Masters.MultiDiscProductCreationTest" name="FnVerify_Product_Creation_with_CategoryDiscount" time="0.0">
    <ignored/>
  </testcase> <!-- FnVerify_Product_Creation_with_CategoryDiscount -->
  <testcase classname="JBWindows_Masters.DiscountRulePage_UnitTest" name="fnActive_DiscountRuleCreation_withDiscountType_Item" time="0.0">
    <ignored/>
  </testcase> <!-- fnActive_DiscountRuleCreation_withDiscountType_Item -->
  <testcase classname="JBWindows_Masters.AgentPage_UnitTest" name="fnVerifyFieldEnableOrNot" time="0.0">
    <ignored/>
  </testcase> <!-- fnVerifyFieldEnableOrNot -->
  <testcase classname="JBWindows_Masters.ProductPage_Test" name="fnProduct_Creation_for_Production_as_a_NotAllowNegativeStock_RawProduct3" time="0.0">
    <ignored/>
  </testcase> <!-- fnProduct_Creation_for_Production_as_a_NotAllowNegativeStock_RawProduct3 -->
  <testcase classname="JBWindows_Masters.TaxRatePage_UnitTest" name="fnActive_TaxRateCreation" time="0.0">
    <ignored/>
  </testcase> <!-- fnActive_TaxRateCreation -->
  <testcase classname="JBWindows_Masters.TaxGroupPage_Test" name="fnTaxGroupCreation" time="0.0">
    <ignored/>
  </testcase> <!-- fnTaxGroupCreation -->
  <testcase classname="JBWindows_Masters.CustomerPage_UnitTest" name="fnVerifyFieldVisibility_CustomerType_B2B" time="0.0">
    <ignored/>
  </testcase> <!-- fnVerifyFieldVisibility_CustomerType_B2B -->
  <testcase classname="JBWindows_Configurations.BaseTest" name="@BeforeSuite setUp" time="0.0">
    <ignored/>
  </testcase> <!-- @BeforeSuite setUp -->
  <testcase classname="JBWindows_Masters.DiscountRulePage_UnitTest" name="fnInActive_DiscountRuleCreation_withDiscountType_Item" time="0.0">
    <ignored/>
  </testcase> <!-- fnInActive_DiscountRuleCreation_withDiscountType_Item -->
  <testcase classname="JBWindows_Masters.SupplierPage_UnitTest" name="fnSupplierCreation_for_PurchaseInvoiceFeature_One" time="0.0">
    <ignored/>
  </testcase> <!-- fnSupplierCreation_for_PurchaseInvoiceFeature_One -->
  <testcase classname="JBWindows_Masters.ProductPage_Test" name="fnDeleteActive_Product" time="0.0">
    <ignored/>
  </testcase> <!-- fnDeleteActive_Product -->
  <testcase classname="JBWindows_Masters.DiscountRulePage_UnitTest" name="fnDiscountRuleDelete_withDiscountType_Item" time="0.0">
    <ignored/>
  </testcase> <!-- fnDiscountRuleDelete_withDiscountType_Item -->
  <testcase classname="JBWindows_Masters.LoginPage_UnitTest" name="Verify_Successful_Login" time="0.0">
    <ignored/>
  </testcase> <!-- Verify_Successful_Login -->
  <testcase classname="JBWindows_Masters.UnitsPage_Test" name="fnUnitsDelete" time="0.0">
    <ignored/>
  </testcase> <!-- fnUnitsDelete -->
  <testcase classname="JBWindows_Masters.CustomerPage_UnitTest" name="fnDelete_CustomerType_B2C_for_WithoutInternet" time="0.0">
    <ignored/>
  </testcase> <!-- fnDelete_CustomerType_B2C_for_WithoutInternet -->
  <testcase classname="JBWindows_Masters.BookingMasterPage_Test" name="fnDeleteBookingMaster_for_withoutInternet" time="0.0">
    <ignored/>
  </testcase> <!-- fnDeleteBookingMaster_for_withoutInternet -->
  <testcase classname="JBWindows_Masters.MultiDiscProductCreationTest" name="FnVerify_Product_Creation_with_BrandDiscount" time="0.0">
    <ignored/>
  </testcase> <!-- FnVerify_Product_Creation_with_BrandDiscount -->
  <testcase classname="JBWindows_Masters.CustomerPage_UnitTest" name="fnActive_CustomerCreation_CustomerType_B2B" time="0.0">
    <ignored/>
  </testcase> <!-- fnActive_CustomerCreation_CustomerType_B2B -->
  <testcase classname="JBWindows_Masters.UnitsPage_Test" name="fnActive_UnitsDelete" time="0.0">
    <ignored/>
  </testcase> <!-- fnActive_UnitsDelete -->
  <testcase classname="JBWindows_Masters.CustomerPage_UnitTest" name="fnCustomerDiscount_Deletion_BeforeAnyTransaction" time="0.0">
    <ignored/>
  </testcase> <!-- fnCustomerDiscount_Deletion_BeforeAnyTransaction -->
  <testcase classname="JBWindows_Masters.DiscountRulePage_UnitTest" name="fnDiscountRuleDelete_withDiscountType_Invoice_for_withoutInternet" time="0.0">
    <ignored/>
  </testcase> <!-- fnDiscountRuleDelete_withDiscountType_Invoice_for_withoutInternet -->
  <testcase classname="JBWindows_Masters.SupplierPage_UnitTest" name="fnActive_SupplierCreation" time="0.0">
    <ignored/>
  </testcase> <!-- fnActive_SupplierCreation -->
  <testcase classname="JBWindows_Masters.AgentPage_UnitTest" name="fnAgentEdit" time="0.0">
    <ignored/>
  </testcase> <!-- fnAgentEdit -->
  <testcase classname="JBWindows_Masters.UnitsPage_Test" name="fnUnitEdit" time="0.0">
    <ignored/>
  </testcase> <!-- fnUnitEdit -->
  <testcase classname="JBWindows_Masters.CustomerPage_UnitTest" name="fnVerifyFieldVisibilityCustomerType__B2C" time="0.0">
    <ignored/>
  </testcase> <!-- fnVerifyFieldVisibilityCustomerType__B2C -->
  <testcase classname="JBWindows_Masters.DiscountRulePage_UnitTest" name="fnDiscountRuleCreation_withDiscountType_Invoice" time="0.0">
    <ignored/>
  </testcase> <!-- fnDiscountRuleCreation_withDiscountType_Invoice -->
  <testcase classname="JBWindows_Masters.TaxGroupPage_Test" name="fnVerifyFieldVisibility_FieldEnabledorNot" time="0.0">
    <ignored/>
  </testcase> <!-- fnVerifyFieldVisibility_FieldEnabledorNot -->
  <testcase classname="JBWindows_Masters.UnitsPage_Test" name="fnActive_UnitsCreation" time="0.0">
    <ignored/>
  </testcase> <!-- fnActive_UnitsCreation -->
  <testcase classname="JBWindows_Masters.ProductPage_Test" name="fnVerifyEditProductFeature" time="0.0">
    <ignored/>
  </testcase> <!-- fnVerifyEditProductFeature -->
  <testcase classname="JBWindows_Masters.CustomerPage_UnitTest" name="fnInActive_CustomerCreation_CustomerType_B2C" time="0.0">
    <ignored/>
  </testcase> <!-- fnInActive_CustomerCreation_CustomerType_B2C -->
  <testcase classname="JBWindows_Masters.ProductPage_Test" name="fnDeleteInActive_Product" time="0.0">
    <ignored/>
  </testcase> <!-- fnDeleteInActive_Product -->
  <testcase classname="JBWindows_Masters.CustomerPage_UnitTest" name="fnVerifyFieldEnableOrNotCustomerType_B2C" time="0.0">
    <ignored/>
  </testcase> <!-- fnVerifyFieldEnableOrNotCustomerType_B2C -->
  <testcase classname="JBWindows_Masters.ProductPage_Test" name="fnProduct_Creation_for_Production_as_a_RawProduct2" time="0.0">
    <ignored/>
  </testcase> <!-- fnProduct_Creation_for_Production_as_a_RawProduct2 -->
  <testcase classname="JBWindows_Masters.DepartmentPage_UnitTest" name="fnDepartmentCreation" time="0.0">
    <ignored/>
  </testcase> <!-- fnDepartmentCreation -->
  <testcase classname="JBWindows_Masters.ProductCategoriesPage_UnitTest" name="fnVerifyDeleteCategoryFeature" time="0.0">
    <ignored/>
  </testcase> <!-- fnVerifyDeleteCategoryFeature -->
  <testcase classname="JBWindows_Masters.CustomerPage_UnitTest" name="CustomerCorporate_DiscountType_Product_OnlyDiscountRule_Creation" time="0.0">
    <ignored/>
  </testcase> <!-- CustomerCorporate_DiscountType_Product_OnlyDiscountRule_Creation -->
  <testcase classname="JBWindows_Masters.SupplierPage_UnitTest" name="fnInActive_SupplierCreation" time="0.0">
    <ignored/>
  </testcase> <!-- fnInActive_SupplierCreation -->
  <testcase classname="JBWindows_Masters.ProductPage_Test" name="fnDeleteProduct" time="0.0">
    <ignored/>
  </testcase> <!-- fnDeleteProduct -->
  <testcase classname="JBWindows_Masters.TaxRatePage_UnitTest" name="fnTaxEdit" time="0.0">
    <ignored/>
  </testcase> <!-- fnTaxEdit -->
  <testcase classname="JBWindows_Masters.TaxGroupPage_Test" name="fnTaxGroupCreation_for_withoutInternet" time="0.0">
    <ignored/>
  </testcase> <!-- fnTaxGroupCreation_for_withoutInternet -->
  <testcase classname="JBWindows_Masters.CustomerPage_UnitTest" name="fnCustomerCreation_CustomerType_B2B_For_WithoutInternet" time="0.0">
    <ignored/>
  </testcase> <!-- fnCustomerCreation_CustomerType_B2B_For_WithoutInternet -->
  <testcase classname="JBWindows_Masters.BookingMasterPage_Test" name="fnDeleteBookingMaster" time="0.0">
    <ignored/>
  </testcase> <!-- fnDeleteBookingMaster -->
  <testcase classname="JBWindows_Masters.BookingMasterPage_Test" name="fnBookingMastercreation_for_withoutInternet" time="0.0">
    <ignored/>
  </testcase> <!-- fnBookingMastercreation_for_withoutInternet -->
  <testcase classname="JBWindows_Masters.AgentPage_UnitTest" name="fnAgentCreation" time="0.0">
    <ignored/>
  </testcase> <!-- fnAgentCreation -->
  <testcase classname="JBWindows_Masters.BookingMasterPage_Test" name="fnBookingMastercreation" time="0.0">
    <ignored/>
  </testcase> <!-- fnBookingMastercreation -->
  <testcase classname="JBWindows_Masters.ProductPage_Test" name="fnDelete_Product_for_WithoutInternet" time="0.0">
    <ignored/>
  </testcase> <!-- fnDelete_Product_for_WithoutInternet -->
  <testcase classname="JBWindows_Masters.SupplierPage_UnitTest" name="fnDelete_Active_SupplierCreation" time="0.0">
    <ignored/>
  </testcase> <!-- fnDelete_Active_SupplierCreation -->
  <testcase classname="JBWindows_Masters.ProductCategoriesPage_UnitTest" name="fnverifyProduct_CategoryCreation_for_MultiDiscountFeature" time="0.0">
    <ignored/>
  </testcase> <!-- fnverifyProduct_CategoryCreation_for_MultiDiscountFeature -->
  <testcase classname="JBWindows_Masters.ProductCategoriesPage_UnitTest" name="fnverifyParent_Product_CategoryCreation" time="0.0">
    <ignored/>
  </testcase> <!-- fnverifyParent_Product_CategoryCreation -->
  <testcase classname="JBWindows_Masters.DiscountRulePage_UnitTest" name="fnDiscountRuleCreation_withDiscountType_Invoice_for_WithoutInternet" time="0.0">
    <ignored/>
  </testcase> <!-- fnDiscountRuleCreation_withDiscountType_Invoice_for_WithoutInternet -->
  <testcase classname="JBWindows_Masters.TaxRatePage_UnitTest" name="fnActive_TaxrateDelete" time="0.0">
    <ignored/>
  </testcase> <!-- fnActive_TaxrateDelete -->
  <testcase classname="JBWindows_Masters.DiscountRulePage_UnitTest" name="fnActive_DiscountRuleCreation_withDiscountType_Item_for_MultiDiscountFeature" time="0.0">
    <ignored/>
  </testcase> <!-- fnActive_DiscountRuleCreation_withDiscountType_Item_for_MultiDiscountFeature -->
  <testcase classname="JBWindows_Masters.TaxRatePage_UnitTest" name="fnVerifyFieldVisibility" time="0.0">
    <ignored/>
  </testcase> <!-- fnVerifyFieldVisibility -->
  <testcase classname="JBWindows_Masters.TaxRatePage_UnitTest" name="fnVerifyFieldEnableOrNot" time="0.0">
    <ignored/>
  </testcase> <!-- fnVerifyFieldEnableOrNot -->
  <testcase classname="JBWindows_Masters.AgentPage_UnitTest" name="fnVerifyFieldVisibility" time="0.0">
    <ignored/>
  </testcase> <!-- fnVerifyFieldVisibility -->
  <testcase classname="JBWindows_Masters.ProductPage_Test" name="fnVerifyFieldVisibility" time="0.0">
    <ignored/>
  </testcase> <!-- fnVerifyFieldVisibility -->
  <testcase classname="JBWindows_Masters.TaxGroupPage_Test" name="fnDeleteTaxGroup" time="0.0">
    <ignored/>
  </testcase> <!-- fnDeleteTaxGroup -->
  <testcase classname="JBWindows_Masters.CustomerPage_UnitTest" name="fnCustomerEdit_CustomerType_B2B" time="0.0">
    <ignored/>
  </testcase> <!-- fnCustomerEdit_CustomerType_B2B -->
  <testcase classname="JBWindows_Masters.CustomerPage_UnitTest" name="CustomerConsumer_DiscountType_Product_OnlyDiscountRule_Creation" time="0.0">
    <ignored/>
  </testcase> <!-- CustomerConsumer_DiscountType_Product_OnlyDiscountRule_Creation -->
  <testcase classname="JBWindows_Masters.ProductPage_Test" name="FnVerify_New_Product_Creation" time="0.0">
    <ignored/>
  </testcase> <!-- FnVerify_New_Product_Creation -->
  <testcase classname="JBWindows_Masters.SupplierPage_UnitTest" name="fnSupplierCreation" time="0.0">
    <ignored/>
  </testcase> <!-- fnSupplierCreation -->
  <testcase classname="JBWindows_Masters.AgentPage_UnitTest" name="fnAgentCreation_for_WithoutInternet_Validation" time="0.0">
    <ignored/>
  </testcase> <!-- fnAgentCreation_for_WithoutInternet_Validation -->
  <testcase classname="JBWindows_Masters.MultiDiscProductCreationTest" name="FnVerify_Product_Creation_For_B2C_CustomerDiscount" time="0.0">
    <ignored/>
  </testcase> <!-- FnVerify_Product_Creation_For_B2C_CustomerDiscount -->
  <testcase classname="JBWindows_Masters.TaxRatePage_UnitTest" name="fnTaxRateCreation_for_withoutInternet" time="0.0">
    <ignored/>
  </testcase> <!-- fnTaxRateCreation_for_withoutInternet -->
  <testcase classname="JBWindows_Masters.ProductCategoriesPage_UnitTest" name="fnverifyNewProduct_CategoryCreation" time="0.0">
    <ignored/>
  </testcase> <!-- fnverifyNewProduct_CategoryCreation -->
  <testcase classname="JBWindows_Masters.ProductPage_Test" name="FnVerify_Active_Product_Creation" time="0.0">
    <ignored/>
  </testcase> <!-- FnVerify_Active_Product_Creation -->
  <testcase classname="JBWindows_Masters.CustomerPage_UnitTest" name="fnActive_CustomerCreation_CustomerType_B2C_for_CustomerDiscount" time="0.0">
    <ignored/>
  </testcase> <!-- fnActive_CustomerCreation_CustomerType_B2C_for_CustomerDiscount -->
  <testcase classname="JBWindows_Masters.MultiDiscProductCreationTest" name="FnVerify_Product_Creation_with_DefaultDiscount" time="0.0">
    <ignored/>
  </testcase> <!-- FnVerify_Product_Creation_with_DefaultDiscount -->
  <testcase classname="JBWindows_Masters.UnitsPage_Test" name="fnVerifyFieldEnableOrNot" time="0.0">
    <ignored/>
  </testcase> <!-- fnVerifyFieldEnableOrNot -->
  <testcase classname="JBWindows_Masters.CustomerPage_UnitTest" name="fnCustomerCreation_CustomerType_B2C_For_WithoutInternet" time="0.0">
    <ignored/>
  </testcase> <!-- fnCustomerCreation_CustomerType_B2C_For_WithoutInternet -->
  <testcase classname="JBWindows_Masters.UnitsPage_Test" name="fnUnitsCreation" time="0.0">
    <ignored/>
  </testcase> <!-- fnUnitsCreation -->
  <testcase classname="JBWindows_Masters.UnitsPage_Test" name="fnInactive_UnitsDelete" time="0.0">
    <ignored/>
  </testcase> <!-- fnInactive_UnitsDelete -->
  <testcase classname="JBWindows_Masters.CustomerPage_UnitTest" name="fnDelete_CustomerType_B2B_for_WithoutInternet" time="0.0">
    <ignored/>
  </testcase> <!-- fnDelete_CustomerType_B2B_for_WithoutInternet -->
  <testcase classname="JBWindows_Masters.MultiDiscProductCreationTest" name="FnVerify_Product_Creation_For_B2B_CustomerDiscount" time="0.0">
    <ignored/>
  </testcase> <!-- FnVerify_Product_Creation_For_B2B_CustomerDiscount -->
  <testcase classname="JBWindows_Masters.DepartmentPage_UnitTest" name="fnDepartmentDelete" time="0.0">
    <ignored/>
  </testcase> <!-- fnDepartmentDelete -->
  <testcase classname="JBWindows_Masters.CustomerPage_UnitTest" name="CustomerConsumer_DiscountType_Product_Scheme_DiscountRule_Creation" time="0.0">
    <ignored/>
  </testcase> <!-- CustomerConsumer_DiscountType_Product_Scheme_DiscountRule_Creation -->
  <testcase classname="JBWindows_Masters.BookingMasterPage_Test" name="fnBookingMasterEdit" time="0.0">
    <ignored/>
  </testcase> <!-- fnBookingMasterEdit -->
  <testcase classname="JBWindows_Masters.TaxRatePage_UnitTest" name="fnTaxrateDelete" time="0.0">
    <ignored/>
  </testcase> <!-- fnTaxrateDelete -->
  <testcase classname="JBWindows_Masters.DepartmentPage_UnitTest" name="fnDepartmentCreation_for_withoutInternet" time="0.0">
    <ignored/>
  </testcase> <!-- fnDepartmentCreation_for_withoutInternet -->
  <testcase classname="JBWindows_Masters.UnitsPage_Test" name="fnVerifyFieldVisibility" time="0.0">
    <ignored/>
  </testcase> <!-- fnVerifyFieldVisibility -->
  <testcase classname="JBWindows_Masters.ProductCategoriesPage_UnitTest" name="fnVerifyEditProductCategoryFeature" time="0.0">
    <ignored/>
  </testcase> <!-- fnVerifyEditProductCategoryFeature -->
  <testcase classname="JBWindows_Masters.DiscountRulePage_UnitTest" name="fnDiscountRuleDelete_withDiscountType_Invoice" time="0.0">
    <ignored/>
  </testcase> <!-- fnDiscountRuleDelete_withDiscountType_Invoice -->
  <testcase classname="JBWindows_Masters.CustomerPage_UnitTest" name="fnCustomerEdit_CustomerType_B2C" time="0.0">
    <ignored/>
  </testcase> <!-- fnCustomerEdit_CustomerType_B2C -->
  <testcase classname="JBWindows_Masters.TaxRatePage_UnitTest" name="fnInActive_TaxrateDelete" time="0.0">
    <ignored/>
  </testcase> <!-- fnInActive_TaxrateDelete -->
  <testcase classname="JBWindows_Masters.CustomerPage_UnitTest" name="fnInActive_CustomerDelete_CustomerType_B2C" time="0.0">
    <ignored/>
  </testcase> <!-- fnInActive_CustomerDelete_CustomerType_B2C -->
  <testcase classname="JBWindows_Masters.TaxGroupPage_Test" name="fnTaxGroupEdit" time="0.0">
    <ignored/>
  </testcase> <!-- fnTaxGroupEdit -->
  <testcase classname="JBWindows_Masters.SupplierPage_UnitTest" name="fnVerifyFieldVisibility" time="0.0">
    <ignored/>
  </testcase> <!-- fnVerifyFieldVisibility -->
  <testcase classname="JBWindows_Masters.TaxRatePage_UnitTest" name="fnInActive_TaxRateCreation" time="0.0">
    <ignored/>
  </testcase> <!-- fnInActive_TaxRateCreation -->
  <testcase classname="JBWindows_Masters.SupplierPage_UnitTest" name="fnSupplierCreation_for_WithoutInternet" time="0.0">
    <ignored/>
  </testcase> <!-- fnSupplierCreation_for_WithoutInternet -->
  <testcase classname="JBWindows_Masters.CustomerPage_UnitTest" name="fnActive_CustomerDelete_CustomerType_B2B" time="0.0">
    <ignored/>
  </testcase> <!-- fnActive_CustomerDelete_CustomerType_B2B -->
  <testcase classname="JBWindows_Configurations.BaseTest" name="@BeforeSuite setUp" time="0.0">
    <ignored/>
  </testcase> <!-- @BeforeSuite setUp -->
  <testcase classname="JBWindows_Masters.BrandPage_UnitTest" name="fnVerifyDeleteBrandFeature" time="0.0">
    <ignored/>
  </testcase> <!-- fnVerifyDeleteBrandFeature -->
  <testcase classname="JBWindows_Masters.MultiDiscProductCreationTest" name="FnVerify_Product_Creation_with_PriceCatalogDiscount" time="0.0">
    <ignored/>
  </testcase> <!-- FnVerify_Product_Creation_with_PriceCatalogDiscount -->
  <testcase classname="JBWindows_Masters.DepartmentPage_UnitTest" name="fnVerifyFieldVisibility" time="0.0">
    <ignored/>
  </testcase> <!-- fnVerifyFieldVisibility -->
  <testcase classname="JBWindows_Masters.MultiDiscProductCreationTest" name="FnVerify_Product_Creation_with_DefaultDisc_BrandDisc_CategoryDisc_DeptDisc" time="0.0">
    <ignored/>
  </testcase> <!-- FnVerify_Product_Creation_with_DefaultDisc_BrandDisc_CategoryDisc_DeptDisc -->
  <testcase classname="JBWindows_Masters.BrandPage_UnitTest" name="fnVerifyFieldEnableOrNot" time="0.0">
    <ignored/>
  </testcase> <!-- fnVerifyFieldEnableOrNot -->
  <testcase classname="JBWindows_Masters.UnitsPage_Test" name="fnInActive_UnitsCreation" time="0.0">
    <ignored/>
  </testcase> <!-- fnInActive_UnitsCreation -->
  <testcase classname="JBWindows_Masters.ProductPage_Test" name="fnVerifyFieldEnableOrNot" time="0.0">
    <ignored/>
  </testcase> <!-- fnVerifyFieldEnableOrNot -->
  <testcase classname="JBWindows_Masters.MultiDiscProductCreationTest" name="FnVerify_Product_Creation_with_DepartmentDiscount" time="0.0">
    <ignored/>
  </testcase> <!-- FnVerify_Product_Creation_with_DepartmentDiscount -->
  <testcase classname="JBWindows_Masters.DiscountRulePage_UnitTest" name="fnActive_DiscountRuleCreation_withDiscountType_Invoice" time="0.0">
    <ignored/>
  </testcase> <!-- fnActive_DiscountRuleCreation_withDiscountType_Invoice -->
  <testcase classname="JBWindows_Masters.SupplierPage_UnitTest" name="VerifySupplierEdit" time="0.0">
    <ignored/>
  </testcase> <!-- VerifySupplierEdit -->
  <testcase classname="JBWindows_Masters.DiscountRulePage_UnitTest" name="fnVerifyFieldEnableOrNot" time="0.0">
    <ignored/>
  </testcase> <!-- fnVerifyFieldEnableOrNot -->
  <testcase classname="JBWindows_Masters.DepartmentPage_UnitTest" name="fnDepartmentCreation_for_MultiDiscountFeature" time="0.0">
    <ignored/>
  </testcase> <!-- fnDepartmentCreation_for_MultiDiscountFeature -->
  <testcase classname="JBWindows_Masters.DepartmentPage_UnitTest" name="fnDepartmentDelete_for_withoutInternet" time="0.0">
    <ignored/>
  </testcase> <!-- fnDepartmentDelete_for_withoutInternet -->
  <testcase classname="JBWindows_Masters.CustomerPage_UnitTest" name="fnCustomerDelete_CustomerType_B2B" time="0.0">
    <ignored/>
  </testcase> <!-- fnCustomerDelete_CustomerType_B2B -->
  <testcase classname="JBWindows_Configurations.BaseTest" name="@AfterSuite tearDown" time="0.0">
    <ignored/>
  </testcase> <!-- @AfterSuite tearDown -->
  <testcase classname="JBWindows_Masters.DepartmentPage_UnitTest" name="fnVerifyFieldEnableOrNot" time="0.0">
    <ignored/>
  </testcase> <!-- fnVerifyFieldEnableOrNot -->
  <testcase classname="JBWindows_Masters.BookingMasterPage_Test" name="fnVerifyFieldVisibility_FieldEnabledorNot" time="0.0">
    <ignored/>
  </testcase> <!-- fnVerifyFieldVisibility_FieldEnabledorNot -->
  <testcase classname="JBWindows_Masters.BrandPage_UnitTest" name="fnVerifyBrandCreation_for_MultiDiscountFeature" time="0.0">
    <ignored/>
  </testcase> <!-- fnVerifyBrandCreation_for_MultiDiscountFeature -->
  <testcase classname="JBWindows_Masters.ProductPage_Test" name="FnVerify_Product_Creation_for_WithoutInternet_Validation" time="0.0">
    <ignored/>
  </testcase> <!-- FnVerify_Product_Creation_for_WithoutInternet_Validation -->
  <testcase classname="JBWindows_Masters.TaxRatePage_UnitTest" name="fnTaxRateCreation" time="0.0">
    <ignored/>
  </testcase> <!-- fnTaxRateCreation -->
  <testcase classname="JBWindows_Masters.UnitsPage_Test" name="fnUnitsCreation_for_withoutInternet" time="0.0">
    <ignored/>
  </testcase> <!-- fnUnitsCreation_for_withoutInternet -->
  <testcase classname="JBWindows_Masters.CustomerPage_UnitTest" name="fnInActive_CustomerDelete_CustomerType_B2B" time="0.0">
    <ignored/>
  </testcase> <!-- fnInActive_CustomerDelete_CustomerType_B2B -->
  <testcase classname="JBWindows_Configurations.BaseTest" name="@AfterSuite tearDown" time="0.0">
    <ignored/>
  </testcase> <!-- @AfterSuite tearDown -->
  <testcase classname="JBWindows_Masters.ProductCategoriesPage_UnitTest" name="fnVerifyFieldEnableOrNot" time="0.0">
    <ignored/>
  </testcase> <!-- fnVerifyFieldEnableOrNot -->
  <testcase classname="JBWindows_Masters.DiscountRulePage_UnitTest" name="fnDiscountRuleCreation_withDiscountType_Item" time="0.0">
    <ignored/>
  </testcase> <!-- fnDiscountRuleCreation_withDiscountType_Item -->
  <testcase classname="JBWindows_Masters.ProductCategoriesPage_UnitTest" name="fnVerifyFieldVisibility" time="0.0">
    <ignored/>
  </testcase> <!-- fnVerifyFieldVisibility -->
  <testcase classname="JBWindows_Masters.DiscountRulePage_UnitTest" name="fnInActive_DiscountRuleCreation_withDiscountType_Invoice" time="0.0">
    <ignored/>
  </testcase> <!-- fnInActive_DiscountRuleCreation_withDiscountType_Invoice -->
  <testcase classname="JBWindows_Masters.CustomerPage_UnitTest" name="fnActive_CustomerDelete_CustomerType_B2C" time="0.0">
    <ignored/>
  </testcase> <!-- fnActive_CustomerDelete_CustomerType_B2C -->
  <testcase classname="JBWindows_Masters.SupplierPage_UnitTest" name="fnVerifyFieldEnableOrNot" time="0.0">
    <ignored/>
  </testcase> <!-- fnVerifyFieldEnableOrNot -->
  <testcase classname="JBWindows_Masters.DiscountRulePage_UnitTest" name="fnActive_DiscountRuleDelete_withDiscountType_Item" time="0.0">
    <ignored/>
  </testcase> <!-- fnActive_DiscountRuleDelete_withDiscountType_Item -->
  <testcase classname="JBWindows_Masters.ProductCategoriesPage_UnitTest" name="fnverify_Product_CategoryCreation_for_withoutInternet_Validation" time="0.0">
    <ignored/>
  </testcase> <!-- fnverify_Product_CategoryCreation_for_withoutInternet_Validation -->
  <testcase classname="JBWindows_Masters.DepartmentPage_UnitTest" name="fnDepartmentEdit" time="0.0">
    <ignored/>
  </testcase> <!-- fnDepartmentEdit -->
  <testcase classname="JBWindows_Masters.DiscountRulePage_UnitTest" name="fnActive_DiscountRuleDelete_withDiscountType_Invoice" time="0.0">
    <ignored/>
  </testcase> <!-- fnActive_DiscountRuleDelete_withDiscountType_Invoice -->
  <testcase classname="JBWindows_Masters.DiscountRulePage_UnitTest" name="fnInActive_DiscountRuleDelete_withDiscountType_Item" time="0.0">
    <ignored/>
  </testcase> <!-- fnInActive_DiscountRuleDelete_withDiscountType_Item -->
  <testcase classname="JBWindows_Masters.CustomerPage_UnitTest" name="CustomerCorporate_DiscountType_Product_Scheme_DiscountRule_Creation" time="0.0">
    <ignored/>
  </testcase> <!-- CustomerCorporate_DiscountType_Product_Scheme_DiscountRule_Creation -->
  <testcase classname="JBWindows_Masters.AgentPage_UnitTest" name="fnDeleteActive_Agent" time="0.0">
    <ignored/>
  </testcase> <!-- fnDeleteActive_Agent -->
  <testcase classname="JBWindows_Masters.ProductPage_Test" name="fnProduct_Creation_for_Production_as_a_RawProduct1" time="0.0">
    <ignored/>
  </testcase> <!-- fnProduct_Creation_for_Production_as_a_RawProduct1 -->
</testsuite> <!-- Functional_Testing -->
