<?xml version="1.0" encoding="UTF-8"?>
<!-- Generated by org.testng.reporters.JUnitXMLReporter -->
<testsuite ignored="0" hostname="Vaazid-Khan-E428" failures="0" tests="2" name="Test" time="38.947" errors="0" timestamp="2025-09-03T19:18:59 IST">
  <testcase classname="JBWindows_Masters.ProductCategories_UnitTest" name="fnOpenProductCategoriesPage" time="34.236"/>
  <testcase classname="JBWindows_Masters.ProductCategories_UnitTest" name="fnVerifyFieldVisibility" time="4.64"/>
</testsuite> <!-- Test -->
