<?xml version="1.0" encoding="UTF-8"?>
<testng-results ignored="0" total="1" passed="1" failed="0" skipped="0">
  <reporter-output>
  </reporter-output>
  <suite started-at="2025-09-04T18:31:05 IST" name="Suite" finished-at="2025-09-04T18:31:35 IST" duration-ms="29547">
    <groups>
    </groups>
    <test started-at="2025-09-04T18:31:05 IST" name="Test" finished-at="2025-09-04T18:31:35 IST" duration-ms="29547">
      <class name="JBWindows_Masters.LoginPage_UnitTest">
        <test-method is-config="true" signature="setUp()[pri:0, instance:JBWindows_Masters.LoginPage_UnitTest@4da855dd]" started-at="2025-09-04T18:30:49 IST" name="setUp" finished-at="2025-09-04T18:31:05 IST" duration-ms="16393" status="PASS">
          <reporter-output>
          </reporter-output>
        </test-method> <!-- setUp -->
        <test-method is-config="true" signature="initDriver()[pri:0, instance:JBWindows_Masters.LoginPage_UnitTest@4da855dd]" started-at="2025-09-04T18:31:05 IST" name="initDriver" finished-at="2025-09-04T18:31:05 IST" duration-ms="20" status="PASS">
          <reporter-output>
          </reporter-output>
        </test-method> <!-- initDriver -->
        <test-method signature="Verify_Successful_Login()[pri:0, instance:JBWindows_Masters.LoginPage_UnitTest@4da855dd]" started-at="2025-09-04T18:31:05 IST" name="Verify_Successful_Login" finished-at="2025-09-04T18:31:35 IST" duration-ms="29493" status="PASS">
          <reporter-output>
          </reporter-output>
        </test-method> <!-- Verify_Successful_Login -->
        <test-method is-config="true" signature="tearDown()[pri:0, instance:JBWindows_Masters.LoginPage_UnitTest@4da855dd]" started-at="2025-09-04T18:31:35 IST" name="tearDown" finished-at="2025-09-04T18:31:36 IST" duration-ms="752" status="PASS">
          <reporter-output>
          </reporter-output>
        </test-method> <!-- tearDown -->
      </class> <!-- JBWindows_Masters.LoginPage_UnitTest -->
    </test> <!-- Test -->
  </suite> <!-- Suite -->
</testng-results>
