<?xml version="1.0" encoding="UTF-8"?>
<!-- Generated by org.testng.reporters.JUnitReportReporter -->
<testsuite hostname="Vaazid-Khan-E428" failures="0" tests="2" name="wpf.test.OpenAppTest" time="171.708" errors="1" timestamp="2025-06-19T11:28:56 IST" skipped="1">
  <testcase classname="wpf.test.OpenAppTest" name="signInApplication" time="0.000">
    <skipped/>
  </testcase> <!-- signInApplication -->
  <testcase classname="wpf.test.OpenAppTest" name="setUp" time="171.708">
    <error message="Test setup failed" type="java.lang.RuntimeException">
      <![CDATA[java.lang.RuntimeException: Test setup failed
at winAppDriverComponents.BaseTest.setUp(BaseTest.java:30)
at java.base/jdk.internal.reflect.DirectMethodHandleAccessor.invoke(DirectMethodHandleAccessor.java:103)
at java.base/java.lang.reflect.Method.invoke(Method.java:580)
at org.testng.internal.invokers.MethodInvocationHelper.invokeMethod(MethodInvocationHelper.java:141)
at org.testng.internal.invokers.MethodInvocationHelper.invokeMethodConsideringTimeout(MethodInvocationHelper.java:71)
at org.testng.internal.invokers.ConfigInvoker.invokeConfigurationMethod(ConfigInvoker.java:400)
at org.testng.internal.invokers.ConfigInvoker.invokeConfigurations(ConfigInvoker.java:333)
at org.testng.SuiteRunner.privateRun(SuiteRunner.java:358)
at org.testng.SuiteRunner.run(SuiteRunner.java:312)
at org.testng.SuiteRunnerWorker.runSuite(SuiteRunnerWorker.java:52)
at org.testng.SuiteRunnerWorker.run(SuiteRunnerWorker.java:95)
at org.testng.TestNG.runSuitesSequentially(TestNG.java:1274)
at org.testng.TestNG.runSuitesLocally(TestNG.java:1208)
at org.testng.TestNG.runSuites(TestNG.java:1112)
at org.testng.TestNG.run(TestNG.java:1079)
at org.testng.remote.AbstractRemoteTestNG.run(AbstractRemoteTestNG.java:115)
at org.testng.remote.RemoteTestNG.initAndRun(RemoteTestNG.java:293)
at org.testng.remote.RemoteTestNG.main(RemoteTestNG.java:91)
Caused by: java.lang.RuntimeException: Failed to attach WindowsDriver
at winAppDriverComponents.BaseTest.initializeDriver(BaseTest.java:120)
at winAppDriverComponents.BaseTest.startWinAppDriver(BaseTest.java:74)
at winAppDriverComponents.BaseTest.setUp(BaseTest.java:26)
... 17 more
Caused by: java.lang.RuntimeException: âŒ All attempts to attach with appTopLevelWindow failed
at winAppDriverComponents.BaseTest.initializeDriver(BaseTest.java:117)
... 19 more
]]>
    </error>
  </testcase> <!-- setUp -->
</testsuite> <!-- wpf.test.OpenAppTest -->
